#
# There is insufficient memory for the Java Runtime Environment to continue.
# Native memory allocation (mmap) failed to map 75497472 bytes for G1 virtual space
# Possible reasons:
#   The system is out of physical RAM or swap space
#   The process is running with CompressedOops enabled, and the Java Heap may be blocking the growth of the native heap
# Possible solutions:
#   Reduce memory load on the system
#   Increase physical memory or swap space
#   Check if swap backing store is full
#   Decrease Java heap size (-Xmx/-Xms)
#   Decrease number of Java threads
#   Decrease Java thread stack sizes (-Xss)
#   Set larger code cache with -XX:ReservedCodeCacheSize=
#   JVM is running with Zero Based Compressed Oops mode in which the Java heap is
#     placed in the first 32GB address space. The Java Heap base address is the
#     maximum limit for the native heap growth. Please use -XX:HeapBaseMinAddress
#     to set the Java Heap base and to place the Java Heap above 32GB virtual address.
# This output file may be truncated or incomplete.
#
#  Out of Memory Error (os_windows.cpp:3548), pid=28128, tid=3264
#
# JRE version: Java(TM) SE Runtime Environment (17.0.12+8) (build 17.0.12+8-LTS-286)
# Java VM: Java HotSpot(TM) 64-Bit Server VM (17.0.12+8-LTS-286, mixed mode, sharing, tiered, compressed oops, compressed class ptrs, g1 gc, windows-amd64)
# No core dump will be written. Minidumps are not enabled by default on client versions of Windows
#

---------------  S U M M A R Y ------------

Command Line: -Dmaven.multiModuleProjectDirectory=D:\Cloud-API-Demo-Serve -Djansi.passthrough=true -Dmaven.home=D:/app/apache-maven-3.9.10 -Dclassworlds.conf=D:\app\apache-maven-3.9.10\bin\m2.conf -Dmaven.ext.class.path=C:\Program Files\JetBrains\IntelliJ IDEA 2025.1.2\plugins\maven\lib\maven-event-listener.jar -javaagent:C:\Program Files\JetBrains\IntelliJ IDEA 2025.1.2\lib\idea_rt.jar=40242 -Dfile.encoding=UTF-8 org.codehaus.classworlds.Launcher -Didea.version=2025.1.2 -s D:\app\apache-maven-3.9.10\conf\settings.xml -Dmaven.repo.local=D:\app\apache-maven-3.9.10\repository package

Host: 13th Gen Intel(R) Core(TM) i7-13700H, 20 cores, 31G,  Windows 11 , 64 bit Build 26100 (10.0.26100.5074)
Time: Mon Sep 29 10:52:55 2025  Windows 11 , 64 bit Build 26100 (10.0.26100.5074) elapsed time: 9.887071 seconds (0d 0h 0m 9s)

---------------  T H R E A D  ---------------

Current thread (0x000001857d1b8f00):  VMThread "VM Thread" [stack: 0x0000003856000000,0x0000003856100000] [id=3264]

Stack: [0x0000003856000000,0x0000003856100000]
Native frames: (J=compiled Java code, j=interpreted, Vv=VM code, C=native code)
V  [jvm.dll+0x67a04a]
V  [jvm.dll+0x7da4ed]
V  [jvm.dll+0x7dbe33]
V  [jvm.dll+0x7dc4a3]
V  [jvm.dll+0x24508f]
V  [jvm.dll+0x677089]
V  [jvm.dll+0x66bd32]
V  [jvm.dll+0x301fa6]
V  [jvm.dll+0x309546]
V  [jvm.dll+0x359d2e]
V  [jvm.dll+0x359f5f]
V  [jvm.dll+0x2d9078]
V  [jvm.dll+0x2d74ad]
V  [jvm.dll+0x2d6afc]
V  [jvm.dll+0x31a65b]
V  [jvm.dll+0x7e0d9b]
V  [jvm.dll+0x7e1ad4]
V  [jvm.dll+0x7e1fed]
V  [jvm.dll+0x7e23c4]
V  [jvm.dll+0x7e2490]
V  [jvm.dll+0x78abea]
V  [jvm.dll+0x678f35]
C  [ucrtbase.dll+0x37b0]
C  [KERNEL32.DLL+0x2e8d7]
C  [ntdll.dll+0x8d9c]

VM_Operation (0x0000003855afbec0): G1CollectForAllocation, mode: safepoint, requested by thread 0x000001855ec846b0


---------------  P R O C E S S  ---------------

Threads class SMR info:
_java_thread_list=0x000001855a5a9e00, length=24, elements={
0x000001855ec846b0, 0x000001857d1bc8b0, 0x000001857d1bf390, 0x0000018551087c90,
0x0000018551088560, 0x0000018551089440, 0x000001855108a320, 0x000001855108b530,
0x0000018551093f00, 0x000001857d1db530, 0x0000018551081300, 0x00000185511c2920,
0x00000185511c2e40, 0x00000185511c3770, 0x0000018551218710, 0x00000185513131f0,
0x00000185513136d0, 0x00000185566a6030, 0x0000018551b1df30, 0x0000018556da1180,
0x0000018551b20460, 0x000001855d28a190, 0x000001855d28b6d0, 0x000001855d28cc10
}

Java Threads: ( => current thread )
  0x000001855ec846b0 JavaThread "main" [_thread_blocked, id=9844, stack(0x0000003855a00000,0x0000003855b00000)]
  0x000001857d1bc8b0 JavaThread "Reference Handler" daemon [_thread_blocked, id=23568, stack(0x0000003856100000,0x0000003856200000)]
  0x000001857d1bf390 JavaThread "Finalizer" daemon [_thread_blocked, id=50860, stack(0x0000003856200000,0x0000003856300000)]
  0x0000018551087c90 JavaThread "Signal Dispatcher" daemon [_thread_blocked, id=10660, stack(0x0000003856300000,0x0000003856400000)]
  0x0000018551088560 JavaThread "Attach Listener" daemon [_thread_blocked, id=44972, stack(0x0000003856400000,0x0000003856500000)]
  0x0000018551089440 JavaThread "Service Thread" daemon [_thread_blocked, id=50068, stack(0x0000003856500000,0x0000003856600000)]
  0x000001855108a320 JavaThread "Monitor Deflation Thread" daemon [_thread_blocked, id=38372, stack(0x0000003856600000,0x0000003856700000)]
  0x000001855108b530 JavaThread "C2 CompilerThread0" daemon [_thread_blocked, id=32024, stack(0x0000003856700000,0x0000003856800000)]
  0x0000018551093f00 JavaThread "C1 CompilerThread0" daemon [_thread_blocked, id=40476, stack(0x0000003856800000,0x0000003856900000)]
  0x000001857d1db530 JavaThread "Sweeper thread" daemon [_thread_blocked, id=49340, stack(0x0000003856900000,0x0000003856a00000)]
  0x0000018551081300 JavaThread "Common-Cleaner" daemon [_thread_blocked, id=5228, stack(0x0000003856a00000,0x0000003856b00000)]
  0x00000185511c2920 JavaThread "C1 CompilerThread1" daemon [_thread_blocked, id=40368, stack(0x0000003856b00000,0x0000003856c00000)]
  0x00000185511c2e40 JavaThread "C1 CompilerThread2" daemon [_thread_blocked, id=43804, stack(0x0000003856c00000,0x0000003856d00000)]
  0x00000185511c3770 JavaThread "C1 CompilerThread3" daemon [_thread_blocked, id=12676, stack(0x0000003856d00000,0x0000003856e00000)]
  0x0000018551218710 JavaThread "C2 CompilerThread1" daemon [_thread_blocked, id=34684, stack(0x0000003856e00000,0x0000003856f00000)]
  0x00000185513131f0 JavaThread "Monitor Ctrl-Break" daemon [_thread_in_native, id=11068, stack(0x0000003856f00000,0x0000003857000000)]
  0x00000185513136d0 JavaThread "Notification Thread" daemon [_thread_blocked, id=39416, stack(0x0000003857000000,0x0000003857100000)]
  0x00000185566a6030 JavaThread "C2 CompilerThread2" daemon [_thread_blocked, id=36880, stack(0x0000003857200000,0x0000003857300000)]
  0x0000018551b1df30 JavaThread "C2 CompilerThread3" daemon [_thread_blocked, id=15476, stack(0x0000003857300000,0x0000003857400000)]
  0x0000018556da1180 JavaThread "Thread-1" daemon [_thread_blocked, id=50428, stack(0x0000003857700000,0x0000003857800000)]
  0x0000018551b20460 JavaThread "C2 CompilerThread4" daemon [_thread_blocked, id=44720, stack(0x0000003857400000,0x0000003857500000)]
  0x000001855d28a190 JavaThread "C2 CompilerThread5" daemon [_thread_blocked, id=43260, stack(0x0000003857500000,0x0000003857600000)]
  0x000001855d28b6d0 JavaThread "C2 CompilerThread6" daemon [_thread_blocked, id=20760, stack(0x0000003858a00000,0x0000003858b00000)]
  0x000001855d28cc10 JavaThread "C2 CompilerThread7" daemon [_thread_blocked, id=21736, stack(0x0000003858b00000,0x0000003858c00000)]

Other Threads:
=>0x000001857d1b8f00 VMThread "VM Thread" [stack: 0x0000003856000000,0x0000003856100000] [id=3264]
  0x000001857cff1300 WatcherThread [stack: 0x0000003857100000,0x0000003857200000] [id=8688]
  0x000001855ed319d0 GCTaskThread "GC Thread#0" [stack: 0x0000003855b00000,0x0000003855c00000] [id=10096]
  0x0000018556449110 GCTaskThread "GC Thread#1" [stack: 0x0000003857800000,0x0000003857900000] [id=49980]
  0x0000018551a9f7b0 GCTaskThread "GC Thread#2" [stack: 0x0000003857900000,0x0000003857a00000] [id=49796]
  0x0000018556791150 GCTaskThread "GC Thread#3" [stack: 0x0000003857a00000,0x0000003857b00000] [id=45776]
  0x0000018556791410 GCTaskThread "GC Thread#4" [stack: 0x0000003857b00000,0x0000003857c00000] [id=29364]
  0x0000018551b45290 GCTaskThread "GC Thread#5" [stack: 0x0000003857c00000,0x0000003857d00000] [id=49932]
  0x000001855682a170 GCTaskThread "GC Thread#6" [stack: 0x0000003857d00000,0x0000003857e00000] [id=27440]
  0x000001855682a430 GCTaskThread "GC Thread#7" [stack: 0x0000003857e00000,0x0000003857f00000] [id=33468]
  0x000001855682ab00 GCTaskThread "GC Thread#8" [stack: 0x0000003857f00000,0x0000003858000000] [id=14420]
  0x000001855682adc0 GCTaskThread "GC Thread#9" [stack: 0x0000003858000000,0x0000003858100000] [id=26456]
  0x00000185564562d0 GCTaskThread "GC Thread#10" [stack: 0x0000003858100000,0x0000003858200000] [id=20276]
  0x0000018556456590 GCTaskThread "GC Thread#11" [stack: 0x0000003858200000,0x0000003858300000] [id=12044]
  0x00000185572af250 GCTaskThread "GC Thread#12" [stack: 0x0000003858400000,0x0000003858500000] [id=3168]
  0x00000185572b0590 GCTaskThread "GC Thread#13" [stack: 0x0000003858500000,0x0000003858600000] [id=50440]
  0x00000185572afd50 GCTaskThread "GC Thread#14" [stack: 0x0000003858600000,0x0000003858700000] [id=41460]
  0x000001855ed43140 ConcurrentGCThread "G1 Main Marker" [stack: 0x0000003855c00000,0x0000003855d00000] [id=39220]
  0x000001855ed44910 ConcurrentGCThread "G1 Conc#0" [stack: 0x0000003855d00000,0x0000003855e00000] [id=11588]
  0x00000185572b0b10 ConcurrentGCThread "G1 Conc#1" [stack: 0x0000003858700000,0x0000003858800000] [id=18212]
  0x00000185572b0010 ConcurrentGCThread "G1 Conc#2" [stack: 0x0000003858800000,0x0000003858900000] [id=35108]
  0x00000185572af7d0 ConcurrentGCThread "G1 Conc#3" [stack: 0x0000003858900000,0x0000003858a00000] [id=7496]
  0x000001855ed4ecb0 ConcurrentGCThread "G1 Refine#0" [stack: 0x0000003855e00000,0x0000003855f00000] [id=1824]
  0x000001857f66eff0 ConcurrentGCThread "G1 Refine#1" [stack: 0x0000003857600000,0x0000003857700000] [id=46100]
  0x000001857f66fbb0 ConcurrentGCThread "G1 Refine#2" [stack: 0x0000003858c00000,0x0000003858d00000] [id=35532]
  0x000001857f66fea0 ConcurrentGCThread "G1 Refine#3" [stack: 0x0000003858d00000,0x0000003858e00000] [id=22356]
  0x000001857f670190 ConcurrentGCThread "G1 Refine#4" [stack: 0x0000003858e00000,0x0000003858f00000] [id=36264]
  0x000001857f670770 ConcurrentGCThread "G1 Refine#5" [stack: 0x0000003858f00000,0x0000003859000000] [id=26512]
  0x000001857d0eeb20 ConcurrentGCThread "G1 Service" [stack: 0x0000003855f00000,0x0000003856000000] [id=796]

Threads with active compile tasks:
C2 CompilerThread0     9922 12462       4       lombok.javac.JavacAST::buildLocalVar (109 bytes)
C2 CompilerThread1     9922 12375       4       lombok.javac.handlers.JavacHandlerUtil$MarkingScanner::scan (20 bytes)
C2 CompilerThread2     9922 12408       4       lombok.javac.JavacAST::getAbsoluteFileLocation (35 bytes)
C2 CompilerThread3     9922 12467       4       lombok.javac.handlers.JavacHandlerUtil::findGetter (454 bytes)
C2 CompilerThread4     9922 12480   !   4       java.util.regex.Pattern::matcher (44 bytes)
C2 CompilerThread5     9922 12466       4       lombok.javac.JavacAST::buildStatementOrExpression (104 bytes)
C2 CompilerThread6     9922 12203       4       lombok.javac.JavacAST::buildField (109 bytes)
C2 CompilerThread7     9922 12479       4       java.util.regex.Pattern$BmpCharPropertyGreedy::match (89 bytes)

VM state: at safepoint (normal execution)

VM Mutex/Monitor currently owned by a thread:  ([mutex/lock_event])
[0x000001855ec80ec0] Threads_lock - owner thread: 0x000001857d1b8f00
[0x000001855ec80920] Heap_lock - owner thread: 0x000001855ec846b0

Heap address: 0x0000000607800000, size: 8072 MB, Compressed Oops mode: Zero based, Oop shift amount: 3

CDS archive(s) mapped at: [0x0000018510000000-0x0000018510bd0000-0x0000018510bd0000), size 12386304, SharedBaseAddress: 0x0000018510000000, ArchiveRelocationMode: 1.
Compressed class space mapped at: 0x0000018511000000-0x0000018551000000, reserved size: 1073741824
Narrow klass base: 0x0000018510000000, Narrow klass shift: 0, Narrow klass range: 0x100000000

GC Precious Log:
 CPUs: 20 total, 20 available
 Memory: 32285M
 Large Page Support: Disabled
 NUMA Support: Disabled
 Compressed Oops: Enabled (Zero based)
 Heap Region Size: 4M
 Heap Min Capacity: 8M
 Heap Initial Capacity: 508M
 Heap Max Capacity: 8072M
 Pre-touch: Disabled
 Parallel Workers: 15
 Concurrent Workers: 4
 Concurrent Refinement Workers: 15
 Periodic GC: Disabled

Heap:
 garbage-first heap   total 331776K, used 147678K [0x0000000607800000, 0x0000000800000000)
  region size 4096K, 2 young (8192K), 2 survivors (8192K)
 Metaspace       used 45861K, committed 46336K, reserved 1114112K
  class space    used 5134K, committed 5376K, reserved 1048576K

Heap Regions: E=young(eden), S=young(survivor), O=old, HS=humongous(starts), HC=humongous(continues), CS=collection set, F=free, OA=open archive, CA=closed archive, TAMS=top-at-mark-start (previous, next)
|   0|0x0000000607800000, 0x0000000607b9ea00, 0x0000000607c00000| 90%| O|  |TAMS 0x0000000607b9ea00, 0x0000000607800000| Untracked 
|   1|0x0000000607c00000, 0x0000000608000000, 0x0000000608000000|100%| O|  |TAMS 0x0000000608000000, 0x0000000607c00000| Untracked 
|   2|0x0000000608000000, 0x0000000608400000, 0x0000000608400000|100%|HS|  |TAMS 0x0000000608000000, 0x0000000608000000| Complete 
|   3|0x0000000608400000, 0x0000000608800000, 0x0000000608800000|100%|HS|  |TAMS 0x0000000608400000, 0x0000000608400000| Complete 
|   4|0x0000000608800000, 0x0000000608c00000, 0x0000000608c00000|100%| O|  |TAMS 0x0000000608c00000, 0x0000000608800000| Untracked 
|   5|0x0000000608c00000, 0x0000000609000000, 0x0000000609000000|100%| O|  |TAMS 0x0000000609000000, 0x0000000608c00000| Untracked 
|   6|0x0000000609000000, 0x0000000609400000, 0x0000000609400000|100%| O|  |TAMS 0x0000000609400000, 0x0000000609000000| Untracked 
|   7|0x0000000609400000, 0x0000000609800000, 0x0000000609800000|100%|HS|  |TAMS 0x0000000609400000, 0x0000000609400000| Complete 
|   8|0x0000000609800000, 0x0000000609c00000, 0x0000000609c00000|100%| O|  |TAMS 0x0000000609800000, 0x0000000609800000| Untracked 
|   9|0x0000000609c00000, 0x000000060a000000, 0x000000060a000000|100%| O|  |TAMS 0x0000000609c00000, 0x0000000609c00000| Untracked 
|  10|0x000000060a000000, 0x000000060a400000, 0x000000060a400000|100%| O|  |TAMS 0x000000060a000000, 0x000000060a000000| Untracked 
|  11|0x000000060a400000, 0x000000060a800000, 0x000000060a800000|100%| O|  |TAMS 0x000000060a400000, 0x000000060a400000| Untracked 
|  12|0x000000060a800000, 0x000000060abffff8, 0x000000060ac00000| 99%| O|  |TAMS 0x000000060a800000, 0x000000060a800000| Untracked 
|  13|0x000000060ac00000, 0x000000060b000000, 0x000000060b000000|100%| O|  |TAMS 0x000000060ac00000, 0x000000060ac00000| Untracked 
|  14|0x000000060b000000, 0x000000060b400000, 0x000000060b400000|100%| O|  |TAMS 0x000000060b000000, 0x000000060b000000| Untracked 
|  15|0x000000060b400000, 0x000000060b800000, 0x000000060b800000|100%| O|  |TAMS 0x000000060b400000, 0x000000060b400000| Untracked 
|  16|0x000000060b800000, 0x000000060bc00000, 0x000000060bc00000|100%| O|  |TAMS 0x000000060b800000, 0x000000060b800000| Untracked 
|  17|0x000000060bc00000, 0x000000060c000000, 0x000000060c000000|100%| O|  |TAMS 0x000000060bc00000, 0x000000060bc00000| Untracked 
|  18|0x000000060c000000, 0x000000060c400000, 0x000000060c400000|100%| O|  |TAMS 0x000000060c000000, 0x000000060c000000| Untracked 
|  19|0x000000060c400000, 0x000000060c800000, 0x000000060c800000|100%| O|  |TAMS 0x000000060c400000, 0x000000060c400000| Untracked 
|  20|0x000000060c800000, 0x000000060cc00000, 0x000000060cc00000|100%| O|  |TAMS 0x000000060c800000, 0x000000060c800000| Untracked 
|  21|0x000000060cc00000, 0x000000060d000000, 0x000000060d000000|100%| O|  |TAMS 0x000000060cc00000, 0x000000060cc00000| Untracked 
|  22|0x000000060d000000, 0x000000060d400000, 0x000000060d400000|100%| O|  |TAMS 0x000000060d000000, 0x000000060d000000| Untracked 
|  23|0x000000060d400000, 0x000000060d800000, 0x000000060d800000|100%| O|  |TAMS 0x000000060d400000, 0x000000060d400000| Untracked 
|  24|0x000000060d800000, 0x000000060dc00000, 0x000000060dc00000|100%| O|  |TAMS 0x000000060d800000, 0x000000060d800000| Untracked 
|  25|0x000000060dc00000, 0x000000060e000000, 0x000000060e000000|100%| O|  |TAMS 0x000000060dc00000, 0x000000060dc00000| Untracked 
|  26|0x000000060e000000, 0x000000060e400000, 0x000000060e400000|100%| O|  |TAMS 0x000000060e000000, 0x000000060e000000| Untracked 
|  27|0x000000060e400000, 0x000000060e800000, 0x000000060e800000|100%| O|  |TAMS 0x000000060e400000, 0x000000060e400000| Untracked 
|  28|0x000000060e800000, 0x000000060ec00000, 0x000000060ec00000|100%| O|  |TAMS 0x000000060e800000, 0x000000060e800000| Untracked 
|  29|0x000000060ec00000, 0x000000060f000000, 0x000000060f000000|100%| O|  |TAMS 0x000000060ec00000, 0x000000060ec00000| Untracked 
|  30|0x000000060f000000, 0x000000060f400000, 0x000000060f400000|100%| O|  |TAMS 0x000000060f000000, 0x000000060f000000| Untracked 
|  31|0x000000060f400000, 0x000000060f800000, 0x000000060f800000|100%| O|  |TAMS 0x000000060f400000, 0x000000060f400000| Untracked 
|  32|0x000000060f800000, 0x000000060fc00000, 0x000000060fc00000|100%| O|  |TAMS 0x000000060f800000, 0x000000060f800000| Untracked 
|  33|0x000000060fc00000, 0x0000000610000000, 0x0000000610000000|100%| O|  |TAMS 0x000000060fc00000, 0x000000060fc00000| Untracked 
|  34|0x0000000610000000, 0x00000006100d8e00, 0x0000000610400000| 21%| O|  |TAMS 0x0000000610000000, 0x0000000610000000| Untracked 
|  35|0x0000000610400000, 0x0000000610400000, 0x0000000610800000|  0%| F|  |TAMS 0x0000000610400000, 0x0000000610400000| Untracked 
|  36|0x0000000610800000, 0x0000000610800000, 0x0000000610c00000|  0%| F|  |TAMS 0x0000000610800000, 0x0000000610800000| Untracked 
|  37|0x0000000610c00000, 0x0000000610c00000, 0x0000000611000000|  0%| F|  |TAMS 0x0000000610c00000, 0x0000000610c00000| Untracked 
|  38|0x0000000611000000, 0x0000000611000000, 0x0000000611400000|  0%| F|  |TAMS 0x0000000611000000, 0x0000000611000000| Untracked 
|  39|0x0000000611400000, 0x0000000611400000, 0x0000000611800000|  0%| F|  |TAMS 0x0000000611400000, 0x0000000611400000| Untracked 
|  40|0x0000000611800000, 0x0000000611800000, 0x0000000611c00000|  0%| F|  |TAMS 0x0000000611800000, 0x0000000611800000| Untracked 
|  41|0x0000000611c00000, 0x0000000611c00000, 0x0000000612000000|  0%| F|  |TAMS 0x0000000611c00000, 0x0000000611c00000| Untracked 
|  42|0x0000000612000000, 0x0000000612000000, 0x0000000612400000|  0%| F|  |TAMS 0x0000000612000000, 0x0000000612000000| Untracked 
|  43|0x0000000612400000, 0x0000000612400000, 0x0000000612800000|  0%| F|  |TAMS 0x0000000612400000, 0x0000000612400000| Untracked 
|  44|0x0000000612800000, 0x0000000612800000, 0x0000000612c00000|  0%| F|  |TAMS 0x0000000612800000, 0x0000000612800000| Untracked 
|  45|0x0000000612c00000, 0x0000000612c00000, 0x0000000613000000|  0%| F|  |TAMS 0x0000000612c00000, 0x0000000612c00000| Untracked 
|  46|0x0000000613000000, 0x0000000613000000, 0x0000000613400000|  0%| F|  |TAMS 0x0000000613000000, 0x0000000613000000| Untracked 
|  47|0x0000000613400000, 0x0000000613400000, 0x0000000613800000|  0%| F|  |TAMS 0x0000000613400000, 0x0000000613400000| Untracked 
|  48|0x0000000613800000, 0x0000000613800000, 0x0000000613c00000|  0%| F|  |TAMS 0x0000000613800000, 0x0000000613800000| Untracked 
|  49|0x0000000613c00000, 0x0000000613c00000, 0x0000000614000000|  0%| F|  |TAMS 0x0000000613c00000, 0x0000000613c00000| Untracked 
|  50|0x0000000614000000, 0x0000000614000000, 0x0000000614400000|  0%| F|  |TAMS 0x0000000614000000, 0x0000000614000000| Untracked 
|  51|0x0000000614400000, 0x00000006147c0110, 0x0000000614800000| 93%| S|CS|TAMS 0x0000000614400000, 0x0000000614400000| Complete 
|  52|0x0000000614800000, 0x0000000614c00000, 0x0000000614c00000|100%| S|CS|TAMS 0x0000000614800000, 0x0000000614800000| Complete 
|  53|0x0000000614c00000, 0x0000000614c00000, 0x0000000615000000|  0%| F|  |TAMS 0x0000000614c00000, 0x0000000614c00000| Untracked 
|  54|0x0000000615000000, 0x0000000615000000, 0x0000000615400000|  0%| F|  |TAMS 0x0000000615000000, 0x0000000615000000| Untracked 
|  55|0x0000000615400000, 0x0000000615400000, 0x0000000615800000|  0%| F|  |TAMS 0x0000000615400000, 0x0000000615400000| Untracked 
|  56|0x0000000615800000, 0x0000000615800000, 0x0000000615c00000|  0%| F|  |TAMS 0x0000000615800000, 0x0000000615800000| Untracked 
|  57|0x0000000615c00000, 0x0000000615c00000, 0x0000000616000000|  0%| F|  |TAMS 0x0000000615c00000, 0x0000000615c00000| Untracked 
|  58|0x0000000616000000, 0x0000000616000000, 0x0000000616400000|  0%| F|  |TAMS 0x0000000616000000, 0x0000000616000000| Untracked 
|  59|0x0000000616400000, 0x0000000616400000, 0x0000000616800000|  0%| F|  |TAMS 0x0000000616400000, 0x0000000616400000| Untracked 
|  60|0x0000000616800000, 0x0000000616800000, 0x0000000616c00000|  0%| F|  |TAMS 0x0000000616800000, 0x0000000616800000| Untracked 
|  61|0x0000000616c00000, 0x0000000616c00000, 0x0000000617000000|  0%| F|  |TAMS 0x0000000616c00000, 0x0000000616c00000| Untracked 
|  62|0x0000000617000000, 0x0000000617000000, 0x0000000617400000|  0%| F|  |TAMS 0x0000000617000000, 0x0000000617000000| Untracked 
|  63|0x0000000617400000, 0x0000000617400000, 0x0000000617800000|  0%| F|  |TAMS 0x0000000617400000, 0x0000000617400000| Untracked 
|  64|0x0000000617800000, 0x0000000617800000, 0x0000000617c00000|  0%| F|  |TAMS 0x0000000617800000, 0x0000000617800000| Untracked 
|  65|0x0000000617c00000, 0x0000000617c00000, 0x0000000618000000|  0%| F|  |TAMS 0x0000000617c00000, 0x0000000617c00000| Untracked 
|  66|0x0000000618000000, 0x0000000618000000, 0x0000000618400000|  0%| F|  |TAMS 0x0000000618000000, 0x0000000618000000| Untracked 
|  67|0x0000000618400000, 0x0000000618400000, 0x0000000618800000|  0%| F|  |TAMS 0x0000000618400000, 0x0000000618400000| Untracked 
|  68|0x0000000618800000, 0x0000000618800000, 0x0000000618c00000|  0%| F|  |TAMS 0x0000000618800000, 0x0000000618800000| Untracked 
|  69|0x0000000618c00000, 0x0000000618c00000, 0x0000000619000000|  0%| F|  |TAMS 0x0000000618c00000, 0x0000000618c00000| Untracked 
|  70|0x0000000619000000, 0x0000000619000000, 0x0000000619400000|  0%| F|  |TAMS 0x0000000619000000, 0x0000000619000000| Untracked 
|  71|0x0000000619400000, 0x0000000619400000, 0x0000000619800000|  0%| F|  |TAMS 0x0000000619400000, 0x0000000619400000| Untracked 
|  72|0x0000000619800000, 0x0000000619800000, 0x0000000619c00000|  0%| F|  |TAMS 0x0000000619800000, 0x0000000619800000| Untracked 
|  73|0x0000000619c00000, 0x0000000619c00000, 0x000000061a000000|  0%| F|  |TAMS 0x0000000619c00000, 0x0000000619c00000| Untracked 
|  74|0x000000061a000000, 0x000000061a000000, 0x000000061a400000|  0%| F|  |TAMS 0x000000061a000000, 0x000000061a000000| Untracked 
|  75|0x000000061a400000, 0x000000061a400000, 0x000000061a800000|  0%| F|  |TAMS 0x000000061a400000, 0x000000061a400000| Untracked 
|  76|0x000000061a800000, 0x000000061a800000, 0x000000061ac00000|  0%| F|  |TAMS 0x000000061a800000, 0x000000061a800000| Untracked 
|  77|0x000000061ac00000, 0x000000061ac00000, 0x000000061b000000|  0%| F|  |TAMS 0x000000061ac00000, 0x000000061ac00000| Untracked 
|  78|0x000000061b000000, 0x000000061b000000, 0x000000061b400000|  0%| F|  |TAMS 0x000000061b000000, 0x000000061b000000| Untracked 
|  79|0x000000061b400000, 0x000000061b400000, 0x000000061b800000|  0%| F|  |TAMS 0x000000061b400000, 0x000000061b400000| Untracked 
| 126|0x0000000627000000, 0x0000000627000000, 0x0000000627400000|  0%| F|  |TAMS 0x0000000627000000, 0x0000000627000000| Untracked 

Card table byte_map: [0x0000018578d10000,0x0000018579ce0000] _byte_map_base: 0x0000018575cd4000

Marking Bits (Prev, Next): (CMBitMap*) 0x000001855ed31f00, (CMBitMap*) 0x000001855ed31f40
 Prev Bits: [0x0000018500000000, 0x0000018507e20000)
 Next Bits: [0x0000018507e20000, 0x000001850fc40000)

Polling page: 0x000001855ea00000

Metaspace:

Usage:
  Non-class:     39.77 MB used.
      Class:      5.01 MB used.
       Both:     44.79 MB used.

Virtual space:
  Non-class space:       64.00 MB reserved,      40.00 MB ( 62%) committed,  1 nodes.
      Class space:        1.00 GB reserved,       5.25 MB ( <1%) committed,  1 nodes.
             Both:        1.06 GB reserved,      45.25 MB (  4%) committed. 

Chunk freelists:
   Non-Class:  7.89 MB
       Class:  10.73 MB
        Both:  18.62 MB

MaxMetaspaceSize: unlimited
CompressedClassSpaceSize: 1.00 GB
Initial GC threshold: 21.00 MB
Current GC threshold: 58.88 MB
CDS: on
MetaspaceReclaimPolicy: balanced
 - commit_granule_bytes: 65536.
 - commit_granule_words: 8192.
 - virtual_space_node_default_size: 8388608.
 - enlarge_chunks_in_place: 1.
 - new_chunks_are_fully_committed: 0.
 - uncommit_free_chunks: 1.
 - use_allocation_guard: 0.
 - handle_deallocations: 1.


Internal statistics:

num_allocs_failed_limit: 6.
num_arena_births: 344.
num_arena_deaths: 0.
num_vsnodes_births: 2.
num_vsnodes_deaths: 0.
num_space_committed: 724.
num_space_uncommitted: 0.
num_chunks_returned_to_freelist: 6.
num_chunks_taken_from_freelist: 1941.
num_chunk_merges: 3.
num_chunk_splits: 1311.
num_chunks_enlarged: 970.
num_inconsistent_stats: 0.

CodeHeap 'non-profiled nmethods': size=119168Kb used=9029Kb max_used=9029Kb free=110138Kb
 bounds [0x000001856f700000, 0x000001856ffe0000, 0x0000018576b60000]
CodeHeap 'profiled nmethods': size=119104Kb used=25032Kb max_used=25032Kb free=94071Kb
 bounds [0x0000018567b60000, 0x00000185693e0000, 0x000001856efb0000]
CodeHeap 'non-nmethods': size=7488Kb used=2985Kb max_used=3120Kb free=4502Kb
 bounds [0x000001856efb0000, 0x000001856f2d0000, 0x000001856f700000]
 total_blobs=10923 nmethods=10311 adapters=520
 compilation: enabled
              stopped_count=0, restarted_count=0
 full_count=0

Compilation events (20 events):
Event: 8.726 Thread 0x00000185566a6030 12382       4       lombok.javac.JavacTreeMaker::getFromCache (86 bytes)
Event: 8.729 Thread 0x00000185511c2e40 12474       3       lombok.javac.handlers.HandleSetter::generateSetterForField (23 bytes)
Event: 8.729 Thread 0x00000185511c2e40 nmethod 12474 0x00000185693d0190 code [0x00000185693d0360, 0x00000185693d0618]
Event: 8.731 Thread 0x00000185511c2e40 12475       3       lombok.javac.handlers.JavacHandlerUtil$CopyJavadoc$2::apply (79 bytes)
Event: 8.731 Thread 0x00000185511c2920 12476       3       lombok.javac.handlers.JavacHandlerUtil$CopyJavadoc$2$1::<init> (26 bytes)
Event: 8.731 Thread 0x00000185511c2920 nmethod 12476 0x00000185693d0790 code [0x00000185693d0940, 0x00000185693d0bd8]
Event: 8.732 Thread 0x00000185511c2e40 nmethod 12475 0x00000185693d0c90 code [0x00000185693d0f00, 0x00000185693d1928]
Event: 8.733 Thread 0x0000018551093f00 12477       3       lombok.javac.handlers.HandleSetter::createSetter (46 bytes)
Event: 8.733 Thread 0x00000185566a6030 nmethod 12382 0x000001856ffbea90 code [0x000001856ffbec40, 0x000001856ffbef68]
Event: 8.734 Thread 0x0000018551093f00 nmethod 12477 0x00000185693d1d90 code [0x00000185693d1fe0, 0x00000185693d2988]
Event: 8.734 Thread 0x00000185566a6030 12403   !   4       lombok.core.configuration.FileSystemSourceCache::forUri (180 bytes)
Event: 8.740 Thread 0x00000185566a6030 nmethod 12403 0x000001856ffbf290 code [0x000001856ffbf460, 0x000001856ffbf810]
Event: 8.740 Thread 0x00000185566a6030 12404       4       lombok.core.configuration.FileSystemSourceCache::cacheClear (43 bytes)
Event: 8.741 Thread 0x00000185566a6030 nmethod 12404 0x000001856ffbfc10 code [0x000001856ffbfd80, 0x000001856ffbfe58]
Event: 8.741 Thread 0x00000185566a6030 12408       4       lombok.javac.JavacAST::getAbsoluteFileLocation (35 bytes)
Event: 8.753 Thread 0x0000018551b20460 nmethod 12381 0x000001856ffbff10 code [0x000001856ffc01a0, 0x000001856ffc1900]
Event: 8.754 Thread 0x0000018551b20460 12480   !   4       java.util.regex.Pattern::matcher (44 bytes)
Event: 8.763 Thread 0x000001855d28cc10 nmethod 12388 0x000001856ffc2a90 code [0x000001856ffc2fe0, 0x000001856ffc78e0]
Event: 8.765 Thread 0x000001855d28cc10 12479       4       java.util.regex.Pattern$BmpCharPropertyGreedy::match (89 bytes)
Event: 8.767 Thread 0x0000018551218710 nmethod 12375 0x000001856ffc9e10 code [0x000001856ffca360, 0x000001856ffceda0]

GC Heap History (20 events):
Event: 4.942 GC heap after
{Heap after GC invocations=15 (full 0):
 garbage-first heap   total 192512K, used 76705K [0x0000000607800000, 0x0000000800000000)
  region size 4096K, 1 young (4096K), 1 survivors (4096K)
 Metaspace       used 37141K, committed 37504K, reserved 1114112K
  class space    used 4278K, committed 4416K, reserved 1048576K
}
Event: 5.397 GC heap before
{Heap before GC invocations=15 (full 0):
 garbage-first heap   total 192512K, used 113569K [0x0000000607800000, 0x0000000800000000)
  region size 4096K, 11 young (45056K), 1 survivors (4096K)
 Metaspace       used 39148K, committed 39488K, reserved 1114112K
  class space    used 4487K, committed 4672K, reserved 1048576K
}
Event: 5.401 GC heap after
{Heap after GC invocations=16 (full 0):
 garbage-first heap   total 274432K, used 79962K [0x0000000607800000, 0x0000000800000000)
  region size 4096K, 2 young (8192K), 2 survivors (8192K)
 Metaspace       used 39148K, committed 39488K, reserved 1114112K
  class space    used 4487K, committed 4672K, reserved 1048576K
}
Event: 5.703 GC heap before
{Heap before GC invocations=16 (full 0):
 garbage-first heap   total 274432K, used 157786K [0x0000000607800000, 0x0000000800000000)
  region size 4096K, 21 young (86016K), 2 survivors (8192K)
 Metaspace       used 40199K, committed 40640K, reserved 1114112K
  class space    used 4594K, committed 4800K, reserved 1048576K
}
Event: 5.707 GC heap after
{Heap after GC invocations=17 (full 0):
 garbage-first heap   total 274432K, used 81307K [0x0000000607800000, 0x0000000800000000)
  region size 4096K, 2 young (8192K), 2 survivors (8192K)
 Metaspace       used 40199K, committed 40640K, reserved 1114112K
  class space    used 4594K, committed 4800K, reserved 1048576K
}
Event: 5.912 GC heap before
{Heap before GC invocations=17 (full 0):
 garbage-first heap   total 274432K, used 171419K [0x0000000607800000, 0x0000000800000000)
  region size 4096K, 24 young (98304K), 2 survivors (8192K)
 Metaspace       used 40469K, committed 40896K, reserved 1114112K
  class space    used 4597K, committed 4800K, reserved 1048576K
}
Event: 5.916 GC heap after
{Heap after GC invocations=18 (full 0):
 garbage-first heap   total 274432K, used 82404K [0x0000000607800000, 0x0000000800000000)
  region size 4096K, 2 young (8192K), 2 survivors (8192K)
 Metaspace       used 40469K, committed 40896K, reserved 1114112K
  class space    used 4597K, committed 4800K, reserved 1048576K
}
Event: 7.290 GC heap before
{Heap before GC invocations=18 (full 0):
 garbage-first heap   total 274432K, used 192996K [0x0000000607800000, 0x0000000800000000)
  region size 4096K, 29 young (118784K), 2 survivors (8192K)
 Metaspace       used 43687K, committed 44096K, reserved 1114112K
  class space    used 4921K, committed 5120K, reserved 1048576K
}
Event: 7.295 GC heap after
{Heap after GC invocations=19 (full 0):
 garbage-first heap   total 274432K, used 86785K [0x0000000607800000, 0x0000000800000000)
  region size 4096K, 4 young (16384K), 4 survivors (16384K)
 Metaspace       used 43687K, committed 44096K, reserved 1114112K
  class space    used 4921K, committed 5120K, reserved 1048576K
}
Event: 7.803 GC heap before
{Heap before GC invocations=19 (full 0):
 garbage-first heap   total 274432K, used 197377K [0x0000000607800000, 0x0000000800000000)
  region size 4096K, 30 young (122880K), 4 survivors (16384K)
 Metaspace       used 43849K, committed 44288K, reserved 1114112K
  class space    used 4922K, committed 5120K, reserved 1048576K
}
Event: 7.814 GC heap after
{Heap after GC invocations=20 (full 0):
 garbage-first heap   total 274432K, used 131115K [0x0000000607800000, 0x0000000800000000)
  region size 4096K, 4 young (16384K), 4 survivors (16384K)
 Metaspace       used 43849K, committed 44288K, reserved 1114112K
  class space    used 4922K, committed 5120K, reserved 1048576K
}
Event: 8.245 GC heap before
{Heap before GC invocations=20 (full 0):
 garbage-first heap   total 274432K, used 192555K [0x0000000607800000, 0x0000000800000000)
  region size 4096K, 20 young (81920K), 4 survivors (16384K)
 Metaspace       used 45285K, committed 45760K, reserved 1114112K
  class space    used 5084K, committed 5312K, reserved 1048576K
}
Event: 8.251 GC heap after
{Heap after GC invocations=21 (full 0):
 garbage-first heap   total 331776K, used 141124K [0x0000000607800000, 0x0000000800000000)
  region size 4096K, 2 young (8192K), 2 survivors (8192K)
 Metaspace       used 45285K, committed 45760K, reserved 1114112K
  class space    used 5084K, committed 5312K, reserved 1048576K
}
Event: 8.509 GC heap before
{Heap before GC invocations=21 (full 0):
 garbage-first heap   total 331776K, used 239428K [0x0000000607800000, 0x0000000800000000)
  region size 4096K, 26 young (106496K), 2 survivors (8192K)
 Metaspace       used 45624K, committed 46144K, reserved 1114112K
  class space    used 5124K, committed 5376K, reserved 1048576K
}
Event: 8.513 GC heap after
{Heap after GC invocations=22 (full 0):
 garbage-first heap   total 331776K, used 141165K [0x0000000607800000, 0x0000000800000000)
  region size 4096K, 2 young (8192K), 2 survivors (8192K)
 Metaspace       used 45624K, committed 46144K, reserved 1114112K
  class space    used 5124K, committed 5376K, reserved 1048576K
}
Event: 8.615 GC heap before
{Heap before GC invocations=22 (full 0):
 garbage-first heap   total 331776K, used 243565K [0x0000000607800000, 0x0000000800000000)
  region size 4096K, 27 young (110592K), 2 survivors (8192K)
 Metaspace       used 45780K, committed 46272K, reserved 1114112K
  class space    used 5131K, committed 5376K, reserved 1048576K
}
Event: 8.618 GC heap after
{Heap after GC invocations=23 (full 0):
 garbage-first heap   total 331776K, used 143086K [0x0000000607800000, 0x0000000800000000)
  region size 4096K, 3 young (12288K), 3 survivors (12288K)
 Metaspace       used 45780K, committed 46272K, reserved 1114112K
  class space    used 5131K, committed 5376K, reserved 1048576K
}
Event: 8.689 GC heap before
{Heap before GC invocations=23 (full 0):
 garbage-first heap   total 331776K, used 249582K [0x0000000607800000, 0x0000000800000000)
  region size 4096K, 29 young (118784K), 3 survivors (12288K)
 Metaspace       used 45857K, committed 46336K, reserved 1114112K
  class space    used 5134K, committed 5376K, reserved 1048576K
}
Event: 8.693 GC heap after
{Heap after GC invocations=24 (full 0):
 garbage-first heap   total 331776K, used 145336K [0x0000000607800000, 0x0000000800000000)
  region size 4096K, 2 young (8192K), 2 survivors (8192K)
 Metaspace       used 45857K, committed 46336K, reserved 1114112K
  class space    used 5134K, committed 5376K, reserved 1048576K
}
Event: 8.767 GC heap before
{Heap before GC invocations=24 (full 0):
 garbage-first heap   total 331776K, used 255928K [0x0000000607800000, 0x0000000800000000)
  region size 4096K, 29 young (118784K), 2 survivors (8192K)
 Metaspace       used 45861K, committed 46336K, reserved 1114112K
  class space    used 5134K, committed 5376K, reserved 1048576K
}

Deoptimization events (20 events):
Event: 8.591 Thread 0x000001855ec846b0 DEOPT PACKING pc=0x000001856fb9e8cc sp=0x0000003855afc800
Event: 8.591 Thread 0x000001855ec846b0 DEOPT UNPACKING pc=0x000001856f0023a3 sp=0x0000003855afc790 mode 2
Event: 8.627 Thread 0x000001855ec846b0 Uncommon trap: trap_request=0xffffff45 fr.pc=0x000001856ff90150 relative=0x0000000000005790
Event: 8.627 Thread 0x000001855ec846b0 Uncommon trap: reason=unstable_if action=reinterpret pc=0x000001856ff90150 method=lombok.javac.JavacAST.buildTree(Lcom/sun/tools/javac/tree/JCTree;Llombok/core/AST$Kind;)Llombok/javac/JavacNode; @ 8 c2
Event: 8.627 Thread 0x000001855ec846b0 DEOPT PACKING pc=0x000001856ff90150 sp=0x0000003855afc6e0
Event: 8.627 Thread 0x000001855ec846b0 DEOPT UNPACKING pc=0x000001856f0023a3 sp=0x0000003855afc758 mode 2
Event: 8.631 Thread 0x000001855ec846b0 DEOPT PACKING pc=0x0000018568dfb9ea sp=0x0000003855afc4e0
Event: 8.631 Thread 0x000001855ec846b0 DEOPT UNPACKING pc=0x000001856f002b43 sp=0x0000003855afb9e0 mode 0
Event: 8.639 Thread 0x000001855ec846b0 DEOPT PACKING pc=0x0000018568dfb9ea sp=0x0000003855afc4e0
Event: 8.639 Thread 0x000001855ec846b0 DEOPT UNPACKING pc=0x000001856f002b43 sp=0x0000003855afb9e0 mode 0
Event: 8.647 Thread 0x000001855ec846b0 DEOPT PACKING pc=0x0000018568dfb9ea sp=0x0000003855afc4e0
Event: 8.647 Thread 0x000001855ec846b0 DEOPT UNPACKING pc=0x000001856f002b43 sp=0x0000003855afb9e0 mode 0
Event: 8.700 Thread 0x000001855ec846b0 DEOPT PACKING pc=0x0000018568aadf25 sp=0x0000003855afc6c0
Event: 8.700 Thread 0x000001855ec846b0 DEOPT UNPACKING pc=0x000001856f002b43 sp=0x0000003855afbc40 mode 0
Event: 8.713 Thread 0x000001855ec846b0 DEOPT PACKING pc=0x0000018568aadf25 sp=0x0000003855afc600
Event: 8.713 Thread 0x000001855ec846b0 DEOPT UNPACKING pc=0x000001856f002b43 sp=0x0000003855afbb80 mode 0
Event: 8.736 Thread 0x000001855ec846b0 DEOPT PACKING pc=0x0000018568aadf25 sp=0x0000003855afc5b0
Event: 8.736 Thread 0x000001855ec846b0 DEOPT UNPACKING pc=0x000001856f002b43 sp=0x0000003855afbb30 mode 0
Event: 8.759 Thread 0x000001855ec846b0 DEOPT PACKING pc=0x0000018568aadf25 sp=0x0000003855afc580
Event: 8.759 Thread 0x000001855ec846b0 DEOPT UNPACKING pc=0x000001856f002b43 sp=0x0000003855afbb00 mode 0

Classes unloaded (0 events):
No events

Classes redefined (0 events):
No events

Internal exceptions (20 events):
Event: 7.908 Thread 0x000001855ec846b0 Exception <a 'sun/nio/fs/WindowsException'{0x00000006164b3720}> (0x00000006164b3720) 
thrown [s\open\src\hotspot\share\prims\jni.cpp, line 516]
Event: 7.908 Thread 0x000001855ec846b0 Exception <a 'sun/nio/fs/WindowsException'{0x00000006164d6328}> (0x00000006164d6328) 
thrown [s\open\src\hotspot\share\prims\jni.cpp, line 516]
Event: 7.908 Thread 0x000001855ec846b0 Exception <a 'sun/nio/fs/WindowsException'{0x00000006164d64c8}> (0x00000006164d64c8) 
thrown [s\open\src\hotspot\share\prims\jni.cpp, line 516]
Event: 7.908 Thread 0x000001855ec846b0 Exception <a 'sun/nio/fs/WindowsException'{0x00000006164e4420}> (0x00000006164e4420) 
thrown [s\open\src\hotspot\share\prims\jni.cpp, line 516]
Event: 7.908 Thread 0x000001855ec846b0 Exception <a 'sun/nio/fs/WindowsException'{0x00000006164e4578}> (0x00000006164e4578) 
thrown [s\open\src\hotspot\share\prims\jni.cpp, line 516]
Event: 7.908 Thread 0x000001855ec846b0 Exception <a 'sun/nio/fs/WindowsException'{0x000000061650f640}> (0x000000061650f640) 
thrown [s\open\src\hotspot\share\prims\jni.cpp, line 516]
Event: 7.909 Thread 0x000001855ec846b0 Exception <a 'sun/nio/fs/WindowsException'{0x000000061650f7e0}> (0x000000061650f7e0) 
thrown [s\open\src\hotspot\share\prims\jni.cpp, line 516]
Event: 7.909 Thread 0x000001855ec846b0 Exception <a 'sun/nio/fs/WindowsException'{0x0000000616510c48}> (0x0000000616510c48) 
thrown [s\open\src\hotspot\share\prims\jni.cpp, line 516]
Event: 7.909 Thread 0x000001855ec846b0 Exception <a 'sun/nio/fs/WindowsException'{0x0000000616510e30}> (0x0000000616510e30) 
thrown [s\open\src\hotspot\share\prims\jni.cpp, line 516]
Event: 7.909 Thread 0x000001855ec846b0 Exception <a 'sun/nio/fs/WindowsException'{0x00000006165259e8}> (0x00000006165259e8) 
thrown [s\open\src\hotspot\share\prims\jni.cpp, line 516]
Event: 7.909 Thread 0x000001855ec846b0 Exception <a 'sun/nio/fs/WindowsException'{0x0000000616525bb0}> (0x0000000616525bb0) 
thrown [s\open\src\hotspot\share\prims\jni.cpp, line 516]
Event: 7.909 Thread 0x000001855ec846b0 Exception <a 'sun/nio/fs/WindowsException'{0x0000000616527d90}> (0x0000000616527d90) 
thrown [s\open\src\hotspot\share\prims\jni.cpp, line 516]
Event: 7.909 Thread 0x000001855ec846b0 Exception <a 'sun/nio/fs/WindowsException'{0x0000000616527f10}> (0x0000000616527f10) 
thrown [s\open\src\hotspot\share\prims\jni.cpp, line 516]
Event: 7.909 Thread 0x000001855ec846b0 Exception <a 'sun/nio/fs/WindowsException'{0x000000061652ae98}> (0x000000061652ae98) 
thrown [s\open\src\hotspot\share\prims\jni.cpp, line 516]
Event: 7.909 Thread 0x000001855ec846b0 Exception <a 'sun/nio/fs/WindowsException'{0x000000061652b050}> (0x000000061652b050) 
thrown [s\open\src\hotspot\share\prims\jni.cpp, line 516]
Event: 7.909 Thread 0x000001855ec846b0 Exception <a 'sun/nio/fs/WindowsException'{0x000000061652c4f0}> (0x000000061652c4f0) 
thrown [s\open\src\hotspot\share\prims\jni.cpp, line 516]
Event: 7.909 Thread 0x000001855ec846b0 Exception <a 'sun/nio/fs/WindowsException'{0x000000061652c6f0}> (0x000000061652c6f0) 
thrown [s\open\src\hotspot\share\prims\jni.cpp, line 516]
Event: 7.920 Thread 0x000001855ec846b0 Exception <a 'sun/nio/fs/WindowsException'{0x000000061613c208}> (0x000000061613c208) 
thrown [s\open\src\hotspot\share\prims\jni.cpp, line 516]
Event: 7.921 Thread 0x000001855ec846b0 Exception <a 'sun/nio/fs/WindowsException'{0x000000061613c900}> (0x000000061613c900) 
thrown [s\open\src\hotspot\share\prims\jni.cpp, line 516]
Event: 8.381 Thread 0x000001855ec846b0 Implicit null exception at 0x000001856f9b994f to 0x000001856f9b9a9c

VM Operations (20 events):
Event: 7.376 Executing VM operation: HandshakeAllThreads done
Event: 7.391 Executing VM operation: HandshakeAllThreads
Event: 7.391 Executing VM operation: HandshakeAllThreads done
Event: 7.401 Executing VM operation: HandshakeAllThreads
Event: 7.401 Executing VM operation: HandshakeAllThreads done
Event: 7.766 Executing VM operation: ICBufferFull
Event: 7.766 Executing VM operation: ICBufferFull done
Event: 7.803 Executing VM operation: G1CollectForAllocation
Event: 7.814 Executing VM operation: G1CollectForAllocation done
Event: 8.245 Executing VM operation: G1CollectForAllocation
Event: 8.251 Executing VM operation: G1CollectForAllocation done
Event: 8.509 Executing VM operation: G1CollectForAllocation
Event: 8.513 Executing VM operation: G1CollectForAllocation done
Event: 8.551 Executing VM operation: HandshakeAllThreads
Event: 8.551 Executing VM operation: HandshakeAllThreads done
Event: 8.610 Executing VM operation: G1CollectForAllocation
Event: 8.618 Executing VM operation: G1CollectForAllocation done
Event: 8.689 Executing VM operation: G1CollectForAllocation
Event: 8.693 Executing VM operation: G1CollectForAllocation done
Event: 8.767 Executing VM operation: G1CollectForAllocation

Events (20 events):
Event: 7.675 Thread 0x0000018551b209b0 Thread exited: 0x0000018551b209b0
Event: 7.774 Thread 0x000001855d28a190 Thread added: 0x000001855d28a190
Event: 7.774 Thread 0x000001855d28b6d0 Thread added: 0x000001855d28b6d0
Event: 7.778 Thread 0x000001855d28cc10 Thread added: 0x000001855d28cc10
Event: 7.942 loading class jdk/internal/module/IllegalAccessLogger
Event: 7.942 loading class jdk/internal/module/IllegalAccessLogger done
Event: 8.563 Thread 0x000001857d1db530 flushing nmethod 0x000001856851af90
Event: 8.565 Thread 0x000001857d1db530 flushing nmethod 0x000001856891e690
Event: 8.566 Thread 0x000001857d1db530 flushing nmethod 0x0000018568935690
Event: 8.566 Thread 0x000001857d1db530 flushing nmethod 0x000001856893aa10
Event: 8.566 Thread 0x000001857d1db530 flushing nmethod 0x0000018568961d90
Event: 8.566 Thread 0x000001857d1db530 flushing nmethod 0x000001856896a490
Event: 8.566 Thread 0x000001857d1db530 flushing nmethod 0x000001856897cf90
Event: 8.566 Thread 0x000001857d1db530 flushing nmethod 0x000001856897f790
Event: 8.566 Thread 0x000001857d1db530 flushing nmethod 0x0000018568a43c90
Event: 8.571 Thread 0x000001857d1db530 flushing nmethod 0x0000018568e76510
Event: 8.572 Thread 0x000001857d1db530 flushing nmethod 0x0000018568fb7690
Event: 8.574 Thread 0x000001857d1db530 flushing nmethod 0x00000185691c2110
Event: 8.574 Thread 0x000001857d1db530 flushing nmethod 0x0000018569267890
Event: 8.575 Thread 0x000001857d1db530 flushing nmethod 0x0000018569347110


Dynamic libraries:
0x00007ff74d000000 - 0x00007ff74d010000 	D:\app\jdk17\bin\java.exe
0x00007fff1a240000 - 0x00007fff1a4a9000 	C:\WINDOWS\SYSTEM32\ntdll.dll
0x00007fff191c0000 - 0x00007fff19289000 	C:\WINDOWS\System32\KERNEL32.DLL
0x00007fff17460000 - 0x00007fff17853000 	C:\WINDOWS\System32\KERNELBASE.dll
0x00007fff17890000 - 0x00007fff179db000 	C:\WINDOWS\System32\ucrtbase.dll
0x00007fff109d0000 - 0x00007fff109e9000 	D:\app\jdk17\bin\jli.dll
0x00007fff03cb0000 - 0x00007fff03ccb000 	D:\app\jdk17\bin\VCRUNTIME140.dll
0x00007fff18e10000 - 0x00007fff18ec4000 	C:\WINDOWS\System32\ADVAPI32.dll
0x00007fff19290000 - 0x00007fff19339000 	C:\WINDOWS\System32\msvcrt.dll
0x00007fff1a090000 - 0x00007fff1a136000 	C:\WINDOWS\System32\sechost.dll
0x00007fff18cf0000 - 0x00007fff18e08000 	C:\WINDOWS\System32\RPCRT4.dll
0x00007fff19d90000 - 0x00007fff19f54000 	C:\WINDOWS\System32\USER32.dll
0x00007fff17860000 - 0x00007fff17887000 	C:\WINDOWS\System32\win32u.dll
0x00007fff1a060000 - 0x00007fff1a08b000 	C:\WINDOWS\System32\GDI32.dll
0x00007fff17e40000 - 0x00007fff17f6d000 	C:\WINDOWS\System32\gdi32full.dll
0x00007ffefabb0000 - 0x00007ffefae43000 	C:\WINDOWS\WinSxS\amd64_microsoft.windows.common-controls_6595b64144ccf1df_6.0.26100.5074_none_3e0d6f78e32fd63f\COMCTL32.dll
0x00007fff179e0000 - 0x00007fff17a83000 	C:\WINDOWS\System32\msvcp_win.dll
0x00007ffefa8d0000 - 0x00007ffefa8db000 	C:\WINDOWS\SYSTEM32\VERSION.dll
0x00007fff190a0000 - 0x00007fff190cf000 	C:\WINDOWS\System32\IMM32.DLL
0x00007fff13370000 - 0x00007fff1337c000 	D:\app\jdk17\bin\vcruntime140_1.dll
0x00007ffef9590000 - 0x00007ffef961e000 	D:\app\jdk17\bin\msvcp140.dll
0x00007ffe9cbf0000 - 0x00007ffe9d7d0000 	D:\app\jdk17\bin\server\jvm.dll
0x00007fff184a0000 - 0x00007fff184a8000 	C:\WINDOWS\System32\PSAPI.DLL
0x00007fff0c200000 - 0x00007fff0c235000 	C:\WINDOWS\SYSTEM32\WINMM.dll
0x00007ffef1980000 - 0x00007ffef198a000 	C:\WINDOWS\SYSTEM32\WSOCK32.dll
0x00007fff19d10000 - 0x00007fff19d84000 	C:\WINDOWS\System32\WS2_32.dll
0x00007fff161b0000 - 0x00007fff161cb000 	C:\WINDOWS\SYSTEM32\kernel.appcore.dll
0x00007fff10970000 - 0x00007fff1097a000 	D:\app\jdk17\bin\jimage.dll
0x00007fff14860000 - 0x00007fff14aa2000 	C:\WINDOWS\SYSTEM32\DBGHELP.DLL
0x00007fff18010000 - 0x00007fff1838b000 	C:\WINDOWS\System32\combase.dll
0x00007fff190e0000 - 0x00007fff191b7000 	C:\WINDOWS\System32\OLEAUT32.dll
0x00007ffef9bc0000 - 0x00007ffef9bfd000 	C:\WINDOWS\SYSTEM32\dbgcore.DLL
0x00007fff17f70000 - 0x00007fff18009000 	C:\WINDOWS\System32\bcryptPrimitives.dll
0x00007fff05a70000 - 0x00007fff05a7e000 	D:\app\jdk17\bin\instrument.dll
0x00007ffeff100000 - 0x00007ffeff125000 	D:\app\jdk17\bin\java.dll
0x00007ffed43f0000 - 0x00007ffed44c7000 	D:\app\jdk17\bin\jsvml.dll
0x00007fff19440000 - 0x00007fff19b8d000 	C:\WINDOWS\System32\SHELL32.dll
0x00007fff17cd0000 - 0x00007fff17e3c000 	C:\WINDOWS\System32\wintypes.dll
0x00007fff15030000 - 0x00007fff15889000 	C:\WINDOWS\SYSTEM32\windows.storage.dll
0x00007fff183a0000 - 0x00007fff18490000 	C:\WINDOWS\System32\SHCORE.dll
0x00007fff184b0000 - 0x00007fff18512000 	C:\WINDOWS\System32\shlwapi.dll
0x00007fff172f0000 - 0x00007fff17319000 	C:\WINDOWS\SYSTEM32\profapi.dll
0x00007fff01f10000 - 0x00007fff01f28000 	D:\app\jdk17\bin\zip.dll
0x00007fff022f0000 - 0x00007fff02309000 	D:\app\jdk17\bin\net.dll
0x00007fff0dd40000 - 0x00007fff0de5f000 	C:\WINDOWS\SYSTEM32\WINHTTP.dll
0x00007fff16730000 - 0x00007fff1679b000 	C:\WINDOWS\system32\mswsock.dll
0x00007fff022a0000 - 0x00007fff022b6000 	D:\app\jdk17\bin\nio.dll
0x00007ffee6f40000 - 0x00007ffee6f64000 	C:\Users\90828\AppData\Local\Temp\jansi-2.4.2-191152f9c543e56e-jansi.dll
0x00007fff02020000 - 0x00007fff02030000 	D:\app\jdk17\bin\verify.dll
0x00007fff05140000 - 0x00007fff0514e000 	D:\app\jdk17\bin\sunmscapi.dll
0x00007fff17b50000 - 0x00007fff17cc7000 	C:\WINDOWS\System32\CRYPT32.dll
0x00007fff16bf0000 - 0x00007fff16c20000 	C:\WINDOWS\SYSTEM32\ncrypt.dll
0x00007fff16ba0000 - 0x00007fff16bdf000 	C:\WINDOWS\SYSTEM32\NTASN1.dll
0x00007fff169e0000 - 0x00007fff169fb000 	C:\WINDOWS\SYSTEM32\CRYPTSP.dll
0x00007fff16110000 - 0x00007fff1614b000 	C:\WINDOWS\system32\rsaenh.dll
0x00007fff167d0000 - 0x00007fff167fb000 	C:\WINDOWS\SYSTEM32\USERENV.dll
0x00007fff172c0000 - 0x00007fff172e6000 	C:\WINDOWS\SYSTEM32\bcrypt.dll
0x00007fff169d0000 - 0x00007fff169dc000 	C:\WINDOWS\SYSTEM32\CRYPTBASE.dll
0x00007fff15d00000 - 0x00007fff15d34000 	C:\WINDOWS\SYSTEM32\IPHLPAPI.DLL
0x00007fff1a050000 - 0x00007fff1a05a000 	C:\WINDOWS\System32\NSI.dll
0x00007fff0e4e0000 - 0x00007fff0e4fe000 	C:\WINDOWS\SYSTEM32\dhcpcsvc6.DLL
0x00007fff0e4a0000 - 0x00007fff0e4c3000 	C:\WINDOWS\SYSTEM32\dhcpcsvc.DLL
0x00007fff15d40000 - 0x00007fff15e66000 	C:\WINDOWS\SYSTEM32\DNSAPI.dll
0x00007ffef9d90000 - 0x00007ffef9dc3000 	C:\Program Files (x86)\Sangfor\SSL\ClientComponent\SangforNspX64.dll
0x00007fff18f00000 - 0x00007fff19098000 	C:\WINDOWS\System32\ole32.dll
0x00007fff054c0000 - 0x00007fff054cb000 	C:\Windows\System32\rasadhlp.dll
0x00007fff0e740000 - 0x00007fff0e7c6000 	C:\WINDOWS\System32\fwpuclnt.dll

dbghelp: loaded successfully - version: 4.0.5 - missing functions: none
symbol engine: initialized successfully - sym options: 0x614 - pdb path: .;D:\app\jdk17\bin;C:\WINDOWS\SYSTEM32;C:\WINDOWS\WinSxS\amd64_microsoft.windows.common-controls_6595b64144ccf1df_6.0.26100.5074_none_3e0d6f78e32fd63f;D:\app\jdk17\bin\server;C:\Users\90828\AppData\Local\Temp;C:\Program Files (x86)\Sangfor\SSL\ClientComponent

VM Arguments:
jvm_args: -Dmaven.multiModuleProjectDirectory=D:\Cloud-API-Demo-Serve -Djansi.passthrough=true -Dmaven.home=D:/app/apache-maven-3.9.10 -Dclassworlds.conf=D:\app\apache-maven-3.9.10\bin\m2.conf -Dmaven.ext.class.path=C:\Program Files\JetBrains\IntelliJ IDEA 2025.1.2\plugins\maven\lib\maven-event-listener.jar -javaagent:C:\Program Files\JetBrains\IntelliJ IDEA 2025.1.2\lib\idea_rt.jar=40242 -Dfile.encoding=UTF-8 
java_command: org.codehaus.classworlds.Launcher -Didea.version=2025.1.2 -s D:\app\apache-maven-3.9.10\conf\settings.xml -Dmaven.repo.local=D:\app\apache-maven-3.9.10\repository package
java_class_path (initial): D:\app\apache-maven-3.9.10\boot\plexus-classworlds-2.9.0.jar;D:\app\apache-maven-3.9.10\boot\plexus-classworlds.license
Launcher Type: SUN_STANDARD

[Global flags]
     intx CICompilerCount                          = 12                                        {product} {ergonomic}
     uint ConcGCThreads                            = 4                                         {product} {ergonomic}
     uint G1ConcRefinementThreads                  = 15                                        {product} {ergonomic}
   size_t G1HeapRegionSize                         = 4194304                                   {product} {ergonomic}
    uintx GCDrainStackTargetSize                   = 64                                        {product} {ergonomic}
   size_t InitialHeapSize                          = 532676608                                 {product} {ergonomic}
   size_t MarkStackSize                            = 4194304                                   {product} {ergonomic}
   size_t MaxHeapSize                              = 8464105472                                {product} {ergonomic}
   size_t MaxNewSize                               = 5075107840                                {product} {ergonomic}
   size_t MinHeapDeltaBytes                        = 4194304                                   {product} {ergonomic}
   size_t MinHeapSize                              = 8388608                                   {product} {ergonomic}
    uintx NonNMethodCodeHeapSize                   = 7602480                                {pd product} {ergonomic}
    uintx NonProfiledCodeHeapSize                  = 122027880                              {pd product} {ergonomic}
    uintx ProfiledCodeHeapSize                     = 122027880                              {pd product} {ergonomic}
    uintx ReservedCodeCacheSize                    = 251658240                              {pd product} {ergonomic}
     bool SegmentedCodeCache                       = true                                      {product} {ergonomic}
   size_t SoftMaxHeapSize                          = 8464105472                             {manageable} {ergonomic}
     bool UseCompressedClassPointers               = true                           {product lp64_product} {ergonomic}
     bool UseCompressedOops                        = true                           {product lp64_product} {ergonomic}
     bool UseG1GC                                  = true                                      {product} {ergonomic}
     bool UseLargePagesIndividualAllocation        = false                                  {pd product} {ergonomic}

Logging:
Log output configuration:
 #0: stdout all=warning uptime,level,tags
 #1: stderr all=off uptime,level,tags

Environment Variables:
JAVA_HOME=D:\app\jdk8
PATH=D:\app\nmap;D:\app\vmware 17 pro\bin\;C:\Program Files\Common Files\Oracle\Java\javapath;C:\WINDOWS\system32;C:\WINDOWS;C:\WINDOWS\System32\Wbem;C:\WINDOWS\System32\WindowsPowerShell\v1.0\;C:\WINDOWS\System32\OpenSSH\;D:\app\jdk8\bin;D:\app\jdk8\jre\bin;D:\app\Git\cmd;D:\app\apache-maven-3.9.10\bin;C:\Program Files\TortoiseSVN\bin;D:\app\nodejs\;D:\app\nodejs;D:\app\mysql\bin;C:\Users\90828\AppData\Local\Microsoft\WindowsApps;C:\Users\90828\AppData\Roaming\npm;D:\app\Microsoft VS Code\bin;D:\app\nmap
USERNAME=90828
OS=Windows_NT
PROCESSOR_IDENTIFIER=Intel64 Family 6 Model 186 Stepping 2, GenuineIntel



---------------  S Y S T E M  ---------------

OS:
 Windows 11 , 64 bit Build 26100 (10.0.26100.5074)
OS uptime: 18 days 17:06 hours

CPU: total 20 (initial active 20) (10 cores per cpu, 2 threads per core) family 6 model 186 stepping 2 microcode 0x4121, cx8, cmov, fxsr, ht, mmx, 3dnowpref, sse, sse2, sse3, ssse3, sse4.1, sse4.2, popcnt, lzcnt, tsc, tscinvbit, avx, avx2, aes, erms, clmul, bmi1, bmi2, adx, sha, fma, vzeroupper, clflush, clflushopt, clwb

Memory: 4k page, system-wide physical 32285M (7138M free)
TotalPageFile size 57885M (AvailPageFile size 62M)
current process WorkingSet (physical memory assigned to process): 631M, peak: 646M
current process commit charge ("private bytes"): 682M, peak: 757M

vm_info: Java HotSpot(TM) 64-Bit Server VM (17.0.12+8-LTS-286) for windows-amd64 JRE (17.0.12+8-LTS-286), built on Jun  5 2024 06:46:59 by "mach5one" with MS VC++ 17.6 (VS2022)

END.
