#
# There is insufficient memory for the Java Runtime Environment to continue.
# Native memory allocation (mmap) failed to map 318767104 bytes for G1 virtual space
# Possible reasons:
#   The system is out of physical RAM or swap space
#   The process is running with CompressedOops enabled, and the Java Heap may be blocking the growth of the native heap
# Possible solutions:
#   Reduce memory load on the system
#   Increase physical memory or swap space
#   Check if swap backing store is full
#   Decrease Java heap size (-Xmx/-Xms)
#   Decrease number of Java threads
#   Decrease Java thread stack sizes (-Xss)
#   Set larger code cache with -XX:ReservedCodeCacheSize=
#   JVM is running with Zero Based Compressed Oops mode in which the Java heap is
#     placed in the first 32GB address space. The Java Heap base address is the
#     maximum limit for the native heap growth. Please use -XX:HeapBaseMinAddress
#     to set the Java Heap base and to place the Java Heap above 32GB virtual address.
# This output file may be truncated or incomplete.
#
#  Out of Memory Error (os_windows.cpp:3548), pid=29176, tid=23544
#
# JRE version: Java(TM) SE Runtime Environment (17.0.12+8) (build 17.0.12+8-LTS-286)
# Java VM: Java HotSpot(TM) 64-Bit Server VM (17.0.12+8-LTS-286, mixed mode, sharing, tiered, compressed oops, compressed class ptrs, g1 gc, windows-amd64)
# No core dump will be written. Minidumps are not enabled by default on client versions of Windows
#

---------------  S U M M A R Y ------------

Command Line: -Dmaven.multiModuleProjectDirectory=D:\Cloud-API-Demo-Serve -Djansi.passthrough=true -Dmaven.home=D:/app/apache-maven-3.9.10 -Dclassworlds.conf=D:\app\apache-maven-3.9.10\bin\m2.conf -Dmaven.ext.class.path=C:\Program Files\JetBrains\IntelliJ IDEA 2025.1.2\plugins\maven\lib\maven-event-listener.jar -javaagent:C:\Program Files\JetBrains\IntelliJ IDEA 2025.1.2\lib\idea_rt.jar=24527 -Dfile.encoding=UTF-8 org.codehaus.classworlds.Launcher -Didea.version=2025.1.2 -s D:\app\apache-maven-3.9.10\conf\settings.xml -Dmaven.repo.local=D:\app\apache-maven-3.9.10\repository package

Host: 13th Gen Intel(R) Core(TM) i7-13700H, 20 cores, 31G,  Windows 11 , 64 bit Build 26100 (10.0.26100.5074)
Time: Mon Sep 29 14:22:49 2025  Windows 11 , 64 bit Build 26100 (10.0.26100.5074) elapsed time: 22.920368 seconds (0d 0h 0m 22s)

---------------  T H R E A D  ---------------

Current thread (0x0000022734a6ddb0):  VMThread "VM Thread" [stack: 0x00000045fd900000,0x00000045fda00000] [id=23544]

Stack: [0x00000045fd900000,0x00000045fda00000]
Native frames: (J=compiled Java code, j=interpreted, Vv=VM code, C=native code)
V  [jvm.dll+0x67a04a]
V  [jvm.dll+0x7da4ed]
V  [jvm.dll+0x7dbe33]
V  [jvm.dll+0x7dc4a3]
V  [jvm.dll+0x24508f]
V  [jvm.dll+0x677089]
V  [jvm.dll+0x66bd32]
V  [jvm.dll+0x301fa6]
V  [jvm.dll+0x309546]
V  [jvm.dll+0x359d2e]
V  [jvm.dll+0x359f5f]
V  [jvm.dll+0x2d9078]
V  [jvm.dll+0x2d74ad]
V  [jvm.dll+0x2d6afc]
V  [jvm.dll+0x31a65b]
V  [jvm.dll+0x7e0d9b]
V  [jvm.dll+0x7e1ad4]
V  [jvm.dll+0x7e1fed]
V  [jvm.dll+0x7e23c4]
V  [jvm.dll+0x7e2490]
V  [jvm.dll+0x78abea]
V  [jvm.dll+0x678f35]
C  [ucrtbase.dll+0x37b0]
C  [KERNEL32.DLL+0x2e8d7]
C  [ntdll.dll+0x8d9c]

VM_Operation (0x00000045fd3fbfa0): G1CollectForAllocation, mode: safepoint, requested by thread 0x000002270a8842b0


---------------  P R O C E S S  ---------------

Threads class SMR info:
_java_thread_list=0x000002270661b0e0, length=24, elements={
0x000002270a8842b0, 0x0000022734a71660, 0x0000022734a74140, 0x0000022734a8c8c0,
0x0000022734a8d190, 0x0000022734a8da60, 0x0000022734a8e330, 0x0000022734a8ef30,
0x0000022734a9f900, 0x0000022734aad680, 0x0000022737b31110, 0x0000022737c01730,
0x0000022737c395a0, 0x0000022737c73e70, 0x0000022737da8870, 0x0000022737d3e030,
0x000002277d3a90d0, 0x000002277e6f48f0, 0x0000022705d51b80, 0x0000022705d51630,
0x0000022705d4e660, 0x0000022705d52620, 0x0000022705d4ebb0, 0x0000022705d52b70
}

Java Threads: ( => current thread )
  0x000002270a8842b0 JavaThread "main" [_thread_blocked, id=30984, stack(0x00000045fd300000,0x00000045fd400000)]
  0x0000022734a71660 JavaThread "Reference Handler" daemon [_thread_blocked, id=20192, stack(0x00000045fda00000,0x00000045fdb00000)]
  0x0000022734a74140 JavaThread "Finalizer" daemon [_thread_blocked, id=46832, stack(0x00000045fdb00000,0x00000045fdc00000)]
  0x0000022734a8c8c0 JavaThread "Signal Dispatcher" daemon [_thread_blocked, id=41760, stack(0x00000045fdc00000,0x00000045fdd00000)]
  0x0000022734a8d190 JavaThread "Attach Listener" daemon [_thread_blocked, id=9012, stack(0x00000045fdd00000,0x00000045fde00000)]
  0x0000022734a8da60 JavaThread "Service Thread" daemon [_thread_blocked, id=25656, stack(0x00000045fde00000,0x00000045fdf00000)]
  0x0000022734a8e330 JavaThread "Monitor Deflation Thread" daemon [_thread_blocked, id=15368, stack(0x00000045fdf00000,0x00000045fe000000)]
  0x0000022734a8ef30 JavaThread "C2 CompilerThread0" daemon [_thread_blocked, id=51100, stack(0x00000045fe000000,0x00000045fe100000)]
  0x0000022734a9f900 JavaThread "C1 CompilerThread0" daemon [_thread_blocked, id=51344, stack(0x00000045fe100000,0x00000045fe200000)]
  0x0000022734aad680 JavaThread "Sweeper thread" daemon [_thread_blocked, id=28084, stack(0x00000045fe200000,0x00000045fe300000)]
  0x0000022737b31110 JavaThread "Common-Cleaner" daemon [_thread_blocked, id=35172, stack(0x00000045fe300000,0x00000045fe400000)]
  0x0000022737c01730 JavaThread "C1 CompilerThread1" daemon [_thread_blocked, id=50352, stack(0x00000045fe400000,0x00000045fe500000)]
  0x0000022737c395a0 JavaThread "C1 CompilerThread2" daemon [_thread_blocked, id=14136, stack(0x00000045fe500000,0x00000045fe600000)]
  0x0000022737c73e70 JavaThread "C2 CompilerThread1" daemon [_thread_blocked, id=18600, stack(0x00000045fe600000,0x00000045fe700000)]
  0x0000022737da8870 JavaThread "Monitor Ctrl-Break" daemon [_thread_in_native, id=15252, stack(0x00000045fe700000,0x00000045fe800000)]
  0x0000022737d3e030 JavaThread "Notification Thread" daemon [_thread_blocked, id=28716, stack(0x00000045fe800000,0x00000045fe900000)]
  0x000002277d3a90d0 JavaThread "C1 CompilerThread3" daemon [_thread_blocked, id=6572, stack(0x00000045fea00000,0x00000045feb00000)]
  0x000002277e6f48f0 JavaThread "Thread-1" daemon [_thread_blocked, id=37200, stack(0x00000045ffc00000,0x00000045ffd00000)]
  0x0000022705d51b80 JavaThread "C2 CompilerThread2" daemon [_thread_blocked, id=31592, stack(0x0000004580100000,0x0000004580200000)]
  0x0000022705d51630 JavaThread "C2 CompilerThread3" daemon [_thread_blocked, id=23384, stack(0x0000004580200000,0x0000004580300000)]
  0x0000022705d4e660 JavaThread "C2 CompilerThread4" daemon [_thread_blocked, id=12608, stack(0x0000004580300000,0x0000004580400000)]
  0x0000022705d52620 JavaThread "C2 CompilerThread5" daemon [_thread_blocked, id=49208, stack(0x0000004580c00000,0x0000004580d00000)]
  0x0000022705d4ebb0 JavaThread "C2 CompilerThread6" daemon [_thread_blocked, id=12236, stack(0x0000004580d00000,0x0000004580e00000)]
  0x0000022705d52b70 JavaThread "C2 CompilerThread7" daemon [_thread_blocked, id=13404, stack(0x0000004580e00000,0x0000004580f00000)]

Other Threads:
=>0x0000022734a6ddb0 VMThread "VM Thread" [stack: 0x00000045fd900000,0x00000045fda00000] [id=23544]
  0x00000227348c6890 WatcherThread [stack: 0x00000045fe900000,0x00000045fea00000] [id=38236]
  0x000002270a9336c0 GCTaskThread "GC Thread#0" [stack: 0x00000045fd400000,0x00000045fd500000] [id=7952]
  0x000002277dc148e0 GCTaskThread "GC Thread#1" [stack: 0x00000045ff100000,0x00000045ff200000] [id=29788]
  0x000002277da42c00 GCTaskThread "GC Thread#2" [stack: 0x00000045ff200000,0x00000045ff300000] [id=12080]
  0x000002277d731b20 GCTaskThread "GC Thread#3" [stack: 0x00000045ff300000,0x00000045ff400000] [id=43820]
  0x000002277d731de0 GCTaskThread "GC Thread#4" [stack: 0x00000045ff400000,0x00000045ff500000] [id=33488]
  0x000002277d9b8870 GCTaskThread "GC Thread#5" [stack: 0x00000045ff500000,0x00000045ff600000] [id=17792]
  0x000002277d9b6fb0 GCTaskThread "GC Thread#6" [stack: 0x00000045ff600000,0x00000045ff700000] [id=49272]
  0x000002277d9b82f0 GCTaskThread "GC Thread#7" [stack: 0x00000045ff700000,0x00000045ff800000] [id=53016]
  0x000002277d9b77f0 GCTaskThread "GC Thread#8" [stack: 0x00000045ff800000,0x00000045ff900000] [id=6864]
  0x000002277d9b7270 GCTaskThread "GC Thread#9" [stack: 0x00000045ff900000,0x00000045ffa00000] [id=49784]
  0x000002277d9b85b0 GCTaskThread "GC Thread#10" [stack: 0x00000045ffa00000,0x00000045ffb00000] [id=19976]
  0x000002277d9b8030 GCTaskThread "GC Thread#11" [stack: 0x00000045ffb00000,0x00000045ffc00000] [id=43012]
  0x0000022700046190 GCTaskThread "GC Thread#12" [stack: 0x00000045fef00000,0x00000045ff000000] [id=24736]
  0x0000022700049050 GCTaskThread "GC Thread#13" [stack: 0x00000045ff000000,0x00000045ff100000] [id=10284]
  0x0000022700047790 GCTaskThread "GC Thread#14" [stack: 0x00000045ffd00000,0x00000045ffe00000] [id=17040]
  0x000002270a944e30 ConcurrentGCThread "G1 Main Marker" [stack: 0x00000045fd500000,0x00000045fd600000] [id=18976]
  0x000002270a946600 ConcurrentGCThread "G1 Conc#0" [stack: 0x00000045fd600000,0x00000045fd700000] [id=46736]
  0x0000022700046f50 ConcurrentGCThread "G1 Conc#1" [stack: 0x00000045ffe00000,0x00000045fff00000] [id=39632]
  0x0000022700047fd0 ConcurrentGCThread "G1 Conc#2" [stack: 0x00000045fff00000,0x0000004600000000] [id=43588]
  0x0000022700049890 ConcurrentGCThread "G1 Conc#3" [stack: 0x0000004580000000,0x0000004580100000] [id=21936]
  0x00000227349a91d0 ConcurrentGCThread "G1 Refine#0" [stack: 0x00000045fd700000,0x00000045fd800000] [id=17544]
  0x0000022700479650 ConcurrentGCThread "G1 Refine#1" [stack: 0x0000004580400000,0x0000004580500000] [id=25100]
  0x0000022700479070 ConcurrentGCThread "G1 Refine#2" [stack: 0x0000004580500000,0x0000004580600000] [id=5224]
  0x000002270047a210 ConcurrentGCThread "G1 Refine#3" [stack: 0x0000004580600000,0x0000004580700000] [id=41080]
  0x000002270047b0c0 ConcurrentGCThread "G1 Refine#4" [stack: 0x0000004580700000,0x0000004580800000] [id=18260]
  0x000002270047b3b0 ConcurrentGCThread "G1 Refine#5" [stack: 0x0000004580800000,0x0000004580900000] [id=6324]
  0x000002270047a7f0 ConcurrentGCThread "G1 Refine#6" [stack: 0x0000004580900000,0x0000004580a00000] [id=38764]
  0x0000022700479360 ConcurrentGCThread "G1 Refine#7" [stack: 0x0000004580a00000,0x0000004580b00000] [id=30592]
  0x000002270047bc80 ConcurrentGCThread "G1 Refine#8" [stack: 0x0000004580b00000,0x0000004580c00000] [id=21396]
  0x00000227349a99b0 ConcurrentGCThread "G1 Service" [stack: 0x00000045fd800000,0x00000045fd900000] [id=31740]

Threads with active compile tasks:
C2 CompilerThread0    22944 17107   !   4       com.sun.tools.javac.jvm.Gen::genMethod (447 bytes)
C2 CompilerThread1    22944 17242       4       com.sun.tools.javac.comp.Check::firstIncompatibleTypeArg (418 bytes)
C2 CompilerThread2    22944 17181       4       com.sun.tools.javac.jvm.Gen::visitReturn (192 bytes)
C2 CompilerThread3    22944 17157       4       com.sun.tools.javac.jvm.ClassWriter::writeCode (900 bytes)
C2 CompilerThread4    22944 17175   !   4       com.sun.tools.javac.comp.TransTypes::visitMethodDef (147 bytes)
C2 CompilerThread5    22944 17249       4       com.sun.tools.javac.code.Types$5::visitClassType (387 bytes)
C2 CompilerThread6    22944 17170   !   4       com.sun.tools.javac.comp.Attr::visitMethodDef (2243 bytes)
C2 CompilerThread7    22945 17227       4       com.sun.tools.javac.code.Types::substBounds (298 bytes)

VM state: at safepoint (normal execution)

VM Mutex/Monitor currently owned by a thread:  ([mutex/lock_event])
[0x000002270a86f160] Threads_lock - owner thread: 0x0000022734a6ddb0
[0x000002270a883070] Heap_lock - owner thread: 0x000002270a8842b0

Heap address: 0x0000000607800000, size: 8072 MB, Compressed Oops mode: Zero based, Oop shift amount: 3

CDS archive(s) mapped at: [0x0000022738000000-0x0000022738bd0000-0x0000022738bd0000), size 12386304, SharedBaseAddress: 0x0000022738000000, ArchiveRelocationMode: 1.
Compressed class space mapped at: 0x0000022739000000-0x0000022779000000, reserved size: 1073741824
Narrow klass base: 0x0000022738000000, Narrow klass shift: 0, Narrow klass range: 0x100000000

GC Precious Log:
 CPUs: 20 total, 20 available
 Memory: 32285M
 Large Page Support: Disabled
 NUMA Support: Disabled
 Compressed Oops: Enabled (Zero based)
 Heap Region Size: 4M
 Heap Min Capacity: 8M
 Heap Initial Capacity: 508M
 Heap Max Capacity: 8072M
 Pre-touch: Disabled
 Parallel Workers: 15
 Concurrent Workers: 4
 Concurrent Refinement Workers: 15
 Periodic GC: Disabled

Heap:
 garbage-first heap   total 917504K, used 318907K [0x0000000607800000, 0x0000000800000000)
  region size 4096K, 10 young (40960K), 10 survivors (40960K)
 Metaspace       used 44512K, committed 44992K, reserved 1114112K
  class space    used 4753K, committed 4992K, reserved 1048576K

Heap Regions: E=young(eden), S=young(survivor), O=old, HS=humongous(starts), HC=humongous(continues), CS=collection set, F=free, OA=open archive, CA=closed archive, TAMS=top-at-mark-start (previous, next)
|   0|0x0000000607800000, 0x0000000607b9e000, 0x0000000607c00000| 90%| O|  |TAMS 0x0000000607b9e000, 0x0000000607800000| Untracked 
|   1|0x0000000607c00000, 0x0000000608000000, 0x0000000608000000|100%| O|  |TAMS 0x0000000608000000, 0x0000000607c00000| Untracked 
|   2|0x0000000608000000, 0x0000000608400000, 0x0000000608400000|100%| O|  |TAMS 0x0000000608000000, 0x0000000608000000| Untracked 
|   3|0x0000000608400000, 0x0000000608800000, 0x0000000608800000|100%| O|  |TAMS 0x0000000608400000, 0x0000000608400000| Untracked 
|   4|0x0000000608800000, 0x0000000608c00000, 0x0000000608c00000|100%| O|  |TAMS 0x0000000608800000, 0x0000000608800000| Untracked 
|   5|0x0000000608c00000, 0x0000000609000000, 0x0000000609000000|100%| O|  |TAMS 0x0000000609000000, 0x0000000608c00000| Untracked 
|   6|0x0000000609000000, 0x0000000609400000, 0x0000000609400000|100%| O|  |TAMS 0x0000000609400000, 0x0000000609000000| Untracked 
|   7|0x0000000609400000, 0x0000000609800000, 0x0000000609800000|100%| O|  |TAMS 0x0000000609400000, 0x0000000609400000| Untracked 
|   8|0x0000000609800000, 0x0000000609c00000, 0x0000000609c00000|100%| O|  |TAMS 0x0000000609800000, 0x0000000609800000| Untracked 
|   9|0x0000000609c00000, 0x000000060a000000, 0x000000060a000000|100%| O|  |TAMS 0x0000000609c00000, 0x0000000609c00000| Untracked 
|  10|0x000000060a000000, 0x000000060a400000, 0x000000060a400000|100%| O|  |TAMS 0x000000060a000000, 0x000000060a000000| Untracked 
|  11|0x000000060a400000, 0x000000060a800000, 0x000000060a800000|100%| O|  |TAMS 0x000000060a400000, 0x000000060a400000| Untracked 
|  12|0x000000060a800000, 0x000000060ac00000, 0x000000060ac00000|100%| O|  |TAMS 0x000000060a800000, 0x000000060a800000| Untracked 
|  13|0x000000060ac00000, 0x000000060b000000, 0x000000060b000000|100%| O|  |TAMS 0x000000060ac00000, 0x000000060ac00000| Untracked 
|  14|0x000000060b000000, 0x000000060b400000, 0x000000060b400000|100%| O|  |TAMS 0x000000060b000000, 0x000000060b000000| Untracked 
|  15|0x000000060b400000, 0x000000060b800000, 0x000000060b800000|100%| O|  |TAMS 0x000000060b400000, 0x000000060b400000| Untracked 
|  16|0x000000060b800000, 0x000000060bc00000, 0x000000060bc00000|100%| O|  |TAMS 0x000000060bc00000, 0x000000060b800000| Untracked 
|  17|0x000000060bc00000, 0x000000060c000000, 0x000000060c000000|100%|HS|  |TAMS 0x000000060c000000, 0x000000060bc00000| Complete 
|  18|0x000000060c000000, 0x000000060c400000, 0x000000060c400000|100%| O|  |TAMS 0x000000060c400000, 0x000000060c000000| Untracked 
|  19|0x000000060c400000, 0x000000060c800000, 0x000000060c800000|100%| O|  |TAMS 0x000000060c800000, 0x000000060c400000| Untracked 
|  20|0x000000060c800000, 0x000000060cc00000, 0x000000060cc00000|100%| O|  |TAMS 0x000000060cc00000, 0x000000060c800000| Untracked 
|  21|0x000000060cc00000, 0x000000060d000000, 0x000000060d000000|100%| O|  |TAMS 0x000000060d000000, 0x000000060cc00000| Untracked 
|  22|0x000000060d000000, 0x000000060d400000, 0x000000060d400000|100%| O|  |TAMS 0x000000060d400000, 0x000000060d000000| Untracked 
|  23|0x000000060d400000, 0x000000060d800000, 0x000000060d800000|100%| O|  |TAMS 0x000000060d800000, 0x000000060d400000| Untracked 
|  24|0x000000060d800000, 0x000000060dc00000, 0x000000060dc00000|100%| O|  |TAMS 0x000000060dc00000, 0x000000060d800000| Untracked 
|  25|0x000000060dc00000, 0x000000060e000000, 0x000000060e000000|100%| O|  |TAMS 0x000000060e000000, 0x000000060dc00000| Untracked 
|  26|0x000000060e000000, 0x000000060e400000, 0x000000060e400000|100%| O|  |TAMS 0x000000060e3bbe00, 0x000000060e000000| Untracked 
|  27|0x000000060e400000, 0x000000060e800000, 0x000000060e800000|100%| O|  |TAMS 0x000000060e400000, 0x000000060e400000| Untracked 
|  28|0x000000060e800000, 0x000000060ec00000, 0x000000060ec00000|100%| O|  |TAMS 0x000000060e800000, 0x000000060e800000| Untracked 
|  29|0x000000060ec00000, 0x000000060f000000, 0x000000060f000000|100%| O|  |TAMS 0x000000060ec00000, 0x000000060ec00000| Untracked 
|  30|0x000000060f000000, 0x000000060f400000, 0x000000060f400000|100%| O|  |TAMS 0x000000060f000000, 0x000000060f000000| Untracked 
|  31|0x000000060f400000, 0x000000060f800000, 0x000000060f800000|100%| O|  |TAMS 0x000000060f400000, 0x000000060f400000| Untracked 
|  32|0x000000060f800000, 0x000000060fc00000, 0x000000060fc00000|100%| O|  |TAMS 0x000000060f800000, 0x000000060f800000| Untracked 
|  33|0x000000060fc00000, 0x0000000610000000, 0x0000000610000000|100%| O|  |TAMS 0x000000060fc00000, 0x000000060fc00000| Untracked 
|  34|0x0000000610000000, 0x0000000610400000, 0x0000000610400000|100%| O|  |TAMS 0x0000000610000000, 0x0000000610000000| Untracked 
|  35|0x0000000610400000, 0x0000000610800000, 0x0000000610800000|100%|HS|  |TAMS 0x0000000610400000, 0x0000000610400000| Complete 
|  36|0x0000000610800000, 0x0000000610c00000, 0x0000000610c00000|100%| O|  |TAMS 0x0000000610800000, 0x0000000610800000| Untracked 
|  37|0x0000000610c00000, 0x0000000611000000, 0x0000000611000000|100%| O|  |TAMS 0x0000000610c00000, 0x0000000610c00000| Untracked 
|  38|0x0000000611000000, 0x0000000611400000, 0x0000000611400000|100%|HS|  |TAMS 0x0000000611000000, 0x0000000611000000| Complete 
|  39|0x0000000611400000, 0x0000000611800000, 0x0000000611800000|100%| O|  |TAMS 0x0000000611400000, 0x0000000611400000| Untracked 
|  40|0x0000000611800000, 0x0000000611c00000, 0x0000000611c00000|100%| O|  |TAMS 0x0000000611800000, 0x0000000611800000| Untracked 
|  41|0x0000000611c00000, 0x0000000612000000, 0x0000000612000000|100%| O|  |TAMS 0x0000000611c00000, 0x0000000611c00000| Untracked 
|  42|0x0000000612000000, 0x0000000612400000, 0x0000000612400000|100%| O|  |TAMS 0x0000000612000000, 0x0000000612000000| Untracked 
|  43|0x0000000612400000, 0x0000000612800000, 0x0000000612800000|100%| O|  |TAMS 0x0000000612400000, 0x0000000612400000| Untracked 
|  44|0x0000000612800000, 0x0000000612c00000, 0x0000000612c00000|100%| O|  |TAMS 0x0000000612800000, 0x0000000612800000| Untracked 
|  45|0x0000000612c00000, 0x0000000613000000, 0x0000000613000000|100%| O|  |TAMS 0x0000000612c00000, 0x0000000612c00000| Untracked 
|  46|0x0000000613000000, 0x0000000613400000, 0x0000000613400000|100%| O|  |TAMS 0x0000000613000000, 0x0000000613000000| Untracked 
|  47|0x0000000613400000, 0x0000000613800000, 0x0000000613800000|100%| O|  |TAMS 0x0000000613400000, 0x0000000613400000| Untracked 
|  48|0x0000000613800000, 0x0000000613c00000, 0x0000000613c00000|100%| O|  |TAMS 0x0000000613800000, 0x0000000613800000| Untracked 
|  49|0x0000000613c00000, 0x0000000614000000, 0x0000000614000000|100%| O|  |TAMS 0x0000000613c00000, 0x0000000613c00000| Untracked 
|  50|0x0000000614000000, 0x0000000614400000, 0x0000000614400000|100%| O|  |TAMS 0x0000000614000000, 0x0000000614000000| Untracked 
|  51|0x0000000614400000, 0x0000000614800000, 0x0000000614800000|100%| O|  |TAMS 0x0000000614400000, 0x0000000614400000| Untracked 
|  52|0x0000000614800000, 0x0000000614c00000, 0x0000000614c00000|100%| O|  |TAMS 0x0000000614800000, 0x0000000614800000| Untracked 
|  53|0x0000000614c00000, 0x0000000615000000, 0x0000000615000000|100%| O|  |TAMS 0x0000000614c00000, 0x0000000614c00000| Untracked 
|  54|0x0000000615000000, 0x0000000615400000, 0x0000000615400000|100%| O|  |TAMS 0x0000000615000000, 0x0000000615000000| Untracked 
|  55|0x0000000615400000, 0x0000000615800000, 0x0000000615800000|100%| O|  |TAMS 0x0000000615400000, 0x0000000615400000| Untracked 
|  56|0x0000000615800000, 0x0000000615c00000, 0x0000000615c00000|100%| O|  |TAMS 0x0000000615800000, 0x0000000615800000| Untracked 
|  57|0x0000000615c00000, 0x0000000616000000, 0x0000000616000000|100%| O|  |TAMS 0x0000000615c00000, 0x0000000615c00000| Untracked 
|  58|0x0000000616000000, 0x0000000616400000, 0x0000000616400000|100%| O|  |TAMS 0x0000000616000000, 0x0000000616000000| Untracked 
|  59|0x0000000616400000, 0x0000000616800000, 0x0000000616800000|100%| O|  |TAMS 0x0000000616400000, 0x0000000616400000| Untracked 
|  60|0x0000000616800000, 0x0000000616c00000, 0x0000000616c00000|100%| O|  |TAMS 0x0000000616800000, 0x0000000616800000| Untracked 
|  61|0x0000000616c00000, 0x0000000617000000, 0x0000000617000000|100%|HS|  |TAMS 0x0000000616c00000, 0x0000000616c00000| Complete 
|  62|0x0000000617000000, 0x0000000617400000, 0x0000000617400000|100%| O|  |TAMS 0x0000000617000000, 0x0000000617000000| Untracked 
|  63|0x0000000617400000, 0x0000000617800000, 0x0000000617800000|100%| O|  |TAMS 0x0000000617400000, 0x0000000617400000| Untracked 
|  64|0x0000000617800000, 0x0000000617c00000, 0x0000000617c00000|100%| O|  |TAMS 0x0000000617800000, 0x0000000617800000| Untracked 
|  65|0x0000000617c00000, 0x0000000617f6a600, 0x0000000618000000| 85%| O|  |TAMS 0x0000000617c00000, 0x0000000617c00000| Untracked 
|  66|0x0000000618000000, 0x0000000618000000, 0x0000000618400000|  0%| F|  |TAMS 0x0000000618000000, 0x0000000618000000| Untracked 
|  67|0x0000000618400000, 0x0000000618400000, 0x0000000618800000|  0%| F|  |TAMS 0x0000000618400000, 0x0000000618400000| Untracked 
|  68|0x0000000618800000, 0x0000000618800000, 0x0000000618c00000|  0%| F|  |TAMS 0x0000000618800000, 0x0000000618800000| Untracked 
|  69|0x0000000618c00000, 0x0000000618c00000, 0x0000000619000000|  0%| F|  |TAMS 0x0000000618c00000, 0x0000000618c00000| Untracked 
|  70|0x0000000619000000, 0x0000000619000000, 0x0000000619400000|  0%| F|  |TAMS 0x0000000619000000, 0x0000000619000000| Untracked 
|  71|0x0000000619400000, 0x0000000619400000, 0x0000000619800000|  0%| F|  |TAMS 0x0000000619400000, 0x0000000619400000| Untracked 
|  72|0x0000000619800000, 0x0000000619800000, 0x0000000619c00000|  0%| F|  |TAMS 0x0000000619800000, 0x0000000619800000| Untracked 
|  73|0x0000000619c00000, 0x0000000619c00000, 0x000000061a000000|  0%| F|  |TAMS 0x0000000619c00000, 0x0000000619c00000| Untracked 
|  74|0x000000061a000000, 0x000000061a000000, 0x000000061a400000|  0%| F|  |TAMS 0x000000061a000000, 0x000000061a000000| Untracked 
|  75|0x000000061a400000, 0x000000061a400000, 0x000000061a800000|  0%| F|  |TAMS 0x000000061a400000, 0x000000061a400000| Untracked 
|  76|0x000000061a800000, 0x000000061a800000, 0x000000061ac00000|  0%| F|  |TAMS 0x000000061a800000, 0x000000061a800000| Untracked 
|  77|0x000000061ac00000, 0x000000061ac00000, 0x000000061b000000|  0%| F|  |TAMS 0x000000061ac00000, 0x000000061ac00000| Untracked 
|  78|0x000000061b000000, 0x000000061b000000, 0x000000061b400000|  0%| F|  |TAMS 0x000000061b000000, 0x000000061b000000| Untracked 
|  79|0x000000061b400000, 0x000000061b400000, 0x000000061b800000|  0%| F|  |TAMS 0x000000061b400000, 0x000000061b400000| Untracked 
|  80|0x000000061b800000, 0x000000061b800000, 0x000000061bc00000|  0%| F|  |TAMS 0x000000061b800000, 0x000000061b800000| Untracked 
|  81|0x000000061bc00000, 0x000000061bc00000, 0x000000061c000000|  0%| F|  |TAMS 0x000000061bc00000, 0x000000061bc00000| Untracked 
|  82|0x000000061c000000, 0x000000061c000000, 0x000000061c400000|  0%| F|  |TAMS 0x000000061c000000, 0x000000061c000000| Untracked 
|  83|0x000000061c400000, 0x000000061c400000, 0x000000061c800000|  0%| F|  |TAMS 0x000000061c400000, 0x000000061c400000| Untracked 
|  84|0x000000061c800000, 0x000000061c800000, 0x000000061cc00000|  0%| F|  |TAMS 0x000000061c800000, 0x000000061c800000| Untracked 
|  85|0x000000061cc00000, 0x000000061cc00000, 0x000000061d000000|  0%| F|  |TAMS 0x000000061cc00000, 0x000000061cc00000| Untracked 
|  86|0x000000061d000000, 0x000000061d000000, 0x000000061d400000|  0%| F|  |TAMS 0x000000061d000000, 0x000000061d000000| Untracked 
|  87|0x000000061d400000, 0x000000061d400000, 0x000000061d800000|  0%| F|  |TAMS 0x000000061d400000, 0x000000061d400000| Untracked 
|  88|0x000000061d800000, 0x000000061d8666a0, 0x000000061dc00000| 10%| S|CS|TAMS 0x000000061d800000, 0x000000061d800000| Complete 
|  89|0x000000061dc00000, 0x000000061e000000, 0x000000061e000000|100%| S|CS|TAMS 0x000000061dc00000, 0x000000061dc00000| Complete 
|  90|0x000000061e000000, 0x000000061e400000, 0x000000061e400000|100%| S|CS|TAMS 0x000000061e000000, 0x000000061e000000| Complete 
|  91|0x000000061e400000, 0x000000061e800000, 0x000000061e800000|100%| S|CS|TAMS 0x000000061e400000, 0x000000061e400000| Complete 
|  92|0x000000061e800000, 0x000000061ec00000, 0x000000061ec00000|100%| S|CS|TAMS 0x000000061e800000, 0x000000061e800000| Complete 
|  93|0x000000061ec00000, 0x000000061f000000, 0x000000061f000000|100%| S|CS|TAMS 0x000000061ec00000, 0x000000061ec00000| Complete 
|  94|0x000000061f000000, 0x000000061f400000, 0x000000061f400000|100%| S|CS|TAMS 0x000000061f000000, 0x000000061f000000| Complete 
|  95|0x000000061f400000, 0x000000061f800000, 0x000000061f800000|100%| S|CS|TAMS 0x000000061f400000, 0x000000061f400000| Complete 
|  96|0x000000061f800000, 0x000000061fc00000, 0x000000061fc00000|100%| S|CS|TAMS 0x000000061f800000, 0x000000061f800000| Complete 
|  97|0x000000061fc00000, 0x0000000620000000, 0x0000000620000000|100%| S|CS|TAMS 0x000000061fc00000, 0x000000061fc00000| Complete 
|  98|0x0000000620000000, 0x0000000620000000, 0x0000000620400000|  0%| F|  |TAMS 0x0000000620000000, 0x0000000620000000| Untracked 
|  99|0x0000000620400000, 0x0000000620400000, 0x0000000620800000|  0%| F|  |TAMS 0x0000000620400000, 0x0000000620400000| Untracked 
| 100|0x0000000620800000, 0x0000000620800000, 0x0000000620c00000|  0%| F|  |TAMS 0x0000000620800000, 0x0000000620800000| Untracked 
| 101|0x0000000620c00000, 0x0000000620c00000, 0x0000000621000000|  0%| F|  |TAMS 0x0000000620c00000, 0x0000000620c00000| Untracked 
| 102|0x0000000621000000, 0x0000000621000000, 0x0000000621400000|  0%| F|  |TAMS 0x0000000621000000, 0x0000000621000000| Untracked 
| 103|0x0000000621400000, 0x0000000621400000, 0x0000000621800000|  0%| F|  |TAMS 0x0000000621400000, 0x0000000621400000| Untracked 
| 104|0x0000000621800000, 0x0000000621800000, 0x0000000621c00000|  0%| F|  |TAMS 0x0000000621800000, 0x0000000621800000| Untracked 
| 105|0x0000000621c00000, 0x0000000621c00000, 0x0000000622000000|  0%| F|  |TAMS 0x0000000621c00000, 0x0000000621c00000| Untracked 
| 106|0x0000000622000000, 0x0000000622000000, 0x0000000622400000|  0%| F|  |TAMS 0x0000000622000000, 0x0000000622000000| Untracked 
| 107|0x0000000622400000, 0x0000000622400000, 0x0000000622800000|  0%| F|  |TAMS 0x0000000622400000, 0x0000000622400000| Untracked 
| 108|0x0000000622800000, 0x0000000622800000, 0x0000000622c00000|  0%| F|  |TAMS 0x0000000622800000, 0x0000000622800000| Untracked 
| 109|0x0000000622c00000, 0x0000000622c00000, 0x0000000623000000|  0%| F|  |TAMS 0x0000000622c00000, 0x0000000622c00000| Untracked 
| 110|0x0000000623000000, 0x0000000623000000, 0x0000000623400000|  0%| F|  |TAMS 0x0000000623000000, 0x0000000623000000| Untracked 
| 111|0x0000000623400000, 0x0000000623400000, 0x0000000623800000|  0%| F|  |TAMS 0x0000000623400000, 0x0000000623400000| Untracked 
| 112|0x0000000623800000, 0x0000000623800000, 0x0000000623c00000|  0%| F|  |TAMS 0x0000000623800000, 0x0000000623800000| Untracked 
| 113|0x0000000623c00000, 0x0000000623c00000, 0x0000000624000000|  0%| F|  |TAMS 0x0000000623c00000, 0x0000000623c00000| Untracked 
| 114|0x0000000624000000, 0x0000000624000000, 0x0000000624400000|  0%| F|  |TAMS 0x0000000624000000, 0x0000000624000000| Untracked 
| 115|0x0000000624400000, 0x0000000624400000, 0x0000000624800000|  0%| F|  |TAMS 0x0000000624400000, 0x0000000624400000| Untracked 
| 116|0x0000000624800000, 0x0000000624800000, 0x0000000624c00000|  0%| F|  |TAMS 0x0000000624800000, 0x0000000624800000| Untracked 
| 117|0x0000000624c00000, 0x0000000624c00000, 0x0000000625000000|  0%| F|  |TAMS 0x0000000624c00000, 0x0000000624c00000| Untracked 
| 118|0x0000000625000000, 0x0000000625000000, 0x0000000625400000|  0%| F|  |TAMS 0x0000000625000000, 0x0000000625000000| Untracked 
| 119|0x0000000625400000, 0x0000000625400000, 0x0000000625800000|  0%| F|  |TAMS 0x0000000625400000, 0x0000000625400000| Untracked 
| 120|0x0000000625800000, 0x0000000625800000, 0x0000000625c00000|  0%| F|  |TAMS 0x0000000625800000, 0x0000000625800000| Untracked 
| 121|0x0000000625c00000, 0x0000000625c00000, 0x0000000626000000|  0%| F|  |TAMS 0x0000000625c00000, 0x0000000625c00000| Untracked 
| 122|0x0000000626000000, 0x0000000626000000, 0x0000000626400000|  0%| F|  |TAMS 0x0000000626000000, 0x0000000626000000| Untracked 
| 123|0x0000000626400000, 0x0000000626400000, 0x0000000626800000|  0%| F|  |TAMS 0x0000000626400000, 0x0000000626400000| Untracked 
| 124|0x0000000626800000, 0x0000000626800000, 0x0000000626c00000|  0%| F|  |TAMS 0x0000000626800000, 0x0000000626800000| Untracked 
| 125|0x0000000626c00000, 0x0000000626c00000, 0x0000000627000000|  0%| F|  |TAMS 0x0000000626c00000, 0x0000000626c00000| Untracked 
| 126|0x0000000627000000, 0x0000000627000000, 0x0000000627400000|  0%| F|  |TAMS 0x0000000627000000, 0x0000000627000000| Untracked 
| 127|0x0000000627400000, 0x0000000627400000, 0x0000000627800000|  0%| F|  |TAMS 0x0000000627400000, 0x0000000627400000| Untracked 
| 128|0x0000000627800000, 0x0000000627800000, 0x0000000627c00000|  0%| F|  |TAMS 0x0000000627800000, 0x0000000627800000| Untracked 
| 129|0x0000000627c00000, 0x0000000627c00000, 0x0000000628000000|  0%| F|  |TAMS 0x0000000627c00000, 0x0000000627c00000| Untracked 
| 130|0x0000000628000000, 0x0000000628000000, 0x0000000628400000|  0%| F|  |TAMS 0x0000000628000000, 0x0000000628000000| Untracked 
| 131|0x0000000628400000, 0x0000000628400000, 0x0000000628800000|  0%| F|  |TAMS 0x0000000628400000, 0x0000000628400000| Untracked 
| 132|0x0000000628800000, 0x0000000628800000, 0x0000000628c00000|  0%| F|  |TAMS 0x0000000628800000, 0x0000000628800000| Untracked 
| 133|0x0000000628c00000, 0x0000000628c00000, 0x0000000629000000|  0%| F|  |TAMS 0x0000000628c00000, 0x0000000628c00000| Untracked 
| 134|0x0000000629000000, 0x0000000629000000, 0x0000000629400000|  0%| F|  |TAMS 0x0000000629000000, 0x0000000629000000| Untracked 
| 135|0x0000000629400000, 0x0000000629400000, 0x0000000629800000|  0%| F|  |TAMS 0x0000000629400000, 0x0000000629400000| Untracked 
| 136|0x0000000629800000, 0x0000000629800000, 0x0000000629c00000|  0%| F|  |TAMS 0x0000000629800000, 0x0000000629800000| Untracked 
| 137|0x0000000629c00000, 0x0000000629c00000, 0x000000062a000000|  0%| F|  |TAMS 0x0000000629c00000, 0x0000000629c00000| Untracked 
| 138|0x000000062a000000, 0x000000062a000000, 0x000000062a400000|  0%| F|  |TAMS 0x000000062a000000, 0x000000062a000000| Untracked 
| 139|0x000000062a400000, 0x000000062a400000, 0x000000062a800000|  0%| F|  |TAMS 0x000000062a400000, 0x000000062a400000| Untracked 
| 140|0x000000062a800000, 0x000000062a800000, 0x000000062ac00000|  0%| F|  |TAMS 0x000000062a800000, 0x000000062a800000| Untracked 
| 141|0x000000062ac00000, 0x000000062ac00000, 0x000000062b000000|  0%| F|  |TAMS 0x000000062ac00000, 0x000000062ac00000| Untracked 
| 142|0x000000062b000000, 0x000000062b000000, 0x000000062b400000|  0%| F|  |TAMS 0x000000062b000000, 0x000000062b000000| Untracked 
| 143|0x000000062b400000, 0x000000062b400000, 0x000000062b800000|  0%| F|  |TAMS 0x000000062b400000, 0x000000062b400000| Untracked 
| 144|0x000000062b800000, 0x000000062b800000, 0x000000062bc00000|  0%| F|  |TAMS 0x000000062b800000, 0x000000062b800000| Untracked 
| 145|0x000000062bc00000, 0x000000062bc00000, 0x000000062c000000|  0%| F|  |TAMS 0x000000062bc00000, 0x000000062bc00000| Untracked 
| 146|0x000000062c000000, 0x000000062c000000, 0x000000062c400000|  0%| F|  |TAMS 0x000000062c000000, 0x000000062c000000| Untracked 
| 147|0x000000062c400000, 0x000000062c400000, 0x000000062c800000|  0%| F|  |TAMS 0x000000062c400000, 0x000000062c400000| Untracked 
| 148|0x000000062c800000, 0x000000062c800000, 0x000000062cc00000|  0%| F|  |TAMS 0x000000062c800000, 0x000000062c800000| Untracked 
| 149|0x000000062cc00000, 0x000000062cc00000, 0x000000062d000000|  0%| F|  |TAMS 0x000000062cc00000, 0x000000062cc00000| Untracked 
| 150|0x000000062d000000, 0x000000062d000000, 0x000000062d400000|  0%| F|  |TAMS 0x000000062d000000, 0x000000062d000000| Untracked 
| 151|0x000000062d400000, 0x000000062d400000, 0x000000062d800000|  0%| F|  |TAMS 0x000000062d400000, 0x000000062d400000| Untracked 
| 152|0x000000062d800000, 0x000000062d800000, 0x000000062dc00000|  0%| F|  |TAMS 0x000000062d800000, 0x000000062d800000| Untracked 
| 153|0x000000062dc00000, 0x000000062dc00000, 0x000000062e000000|  0%| F|  |TAMS 0x000000062dc00000, 0x000000062dc00000| Untracked 
| 154|0x000000062e000000, 0x000000062e000000, 0x000000062e400000|  0%| F|  |TAMS 0x000000062e000000, 0x000000062e000000| Untracked 
| 155|0x000000062e400000, 0x000000062e400000, 0x000000062e800000|  0%| F|  |TAMS 0x000000062e400000, 0x000000062e400000| Untracked 
| 156|0x000000062e800000, 0x000000062e800000, 0x000000062ec00000|  0%| F|  |TAMS 0x000000062e800000, 0x000000062e800000| Untracked 
| 157|0x000000062ec00000, 0x000000062ec00000, 0x000000062f000000|  0%| F|  |TAMS 0x000000062ec00000, 0x000000062ec00000| Untracked 
| 158|0x000000062f000000, 0x000000062f000000, 0x000000062f400000|  0%| F|  |TAMS 0x000000062f000000, 0x000000062f000000| Untracked 
| 159|0x000000062f400000, 0x000000062f400000, 0x000000062f800000|  0%| F|  |TAMS 0x000000062f400000, 0x000000062f400000| Untracked 
| 160|0x000000062f800000, 0x000000062f800000, 0x000000062fc00000|  0%| F|  |TAMS 0x000000062f800000, 0x000000062f800000| Untracked 
| 161|0x000000062fc00000, 0x000000062fc00000, 0x0000000630000000|  0%| F|  |TAMS 0x000000062fc00000, 0x000000062fc00000| Untracked 
| 162|0x0000000630000000, 0x0000000630000000, 0x0000000630400000|  0%| F|  |TAMS 0x0000000630000000, 0x0000000630000000| Untracked 
| 163|0x0000000630400000, 0x0000000630400000, 0x0000000630800000|  0%| F|  |TAMS 0x0000000630400000, 0x0000000630400000| Untracked 
| 164|0x0000000630800000, 0x0000000630800000, 0x0000000630c00000|  0%| F|  |TAMS 0x0000000630800000, 0x0000000630800000| Untracked 
| 165|0x0000000630c00000, 0x0000000630c00000, 0x0000000631000000|  0%| F|  |TAMS 0x0000000630c00000, 0x0000000630c00000| Untracked 
| 166|0x0000000631000000, 0x0000000631000000, 0x0000000631400000|  0%| F|  |TAMS 0x0000000631000000, 0x0000000631000000| Untracked 
| 167|0x0000000631400000, 0x0000000631400000, 0x0000000631800000|  0%| F|  |TAMS 0x0000000631400000, 0x0000000631400000| Untracked 
| 168|0x0000000631800000, 0x0000000631800000, 0x0000000631c00000|  0%| F|  |TAMS 0x0000000631800000, 0x0000000631800000| Untracked 
| 169|0x0000000631c00000, 0x0000000631c00000, 0x0000000632000000|  0%| F|  |TAMS 0x0000000631c00000, 0x0000000631c00000| Untracked 
| 170|0x0000000632000000, 0x0000000632000000, 0x0000000632400000|  0%| F|  |TAMS 0x0000000632000000, 0x0000000632000000| Untracked 
| 171|0x0000000632400000, 0x0000000632400000, 0x0000000632800000|  0%| F|  |TAMS 0x0000000632400000, 0x0000000632400000| Untracked 
| 172|0x0000000632800000, 0x0000000632800000, 0x0000000632c00000|  0%| F|  |TAMS 0x0000000632800000, 0x0000000632800000| Untracked 
| 173|0x0000000632c00000, 0x0000000632c00000, 0x0000000633000000|  0%| F|  |TAMS 0x0000000632c00000, 0x0000000632c00000| Untracked 
| 174|0x0000000633000000, 0x0000000633000000, 0x0000000633400000|  0%| F|  |TAMS 0x0000000633000000, 0x0000000633000000| Untracked 
| 175|0x0000000633400000, 0x0000000633400000, 0x0000000633800000|  0%| F|  |TAMS 0x0000000633400000, 0x0000000633400000| Untracked 
| 176|0x0000000633800000, 0x0000000633800000, 0x0000000633c00000|  0%| F|  |TAMS 0x0000000633800000, 0x0000000633800000| Untracked 
| 177|0x0000000633c00000, 0x0000000633c00000, 0x0000000634000000|  0%| F|  |TAMS 0x0000000633c00000, 0x0000000633c00000| Untracked 
| 178|0x0000000634000000, 0x0000000634000000, 0x0000000634400000|  0%| F|  |TAMS 0x0000000634000000, 0x0000000634000000| Untracked 
| 179|0x0000000634400000, 0x0000000634400000, 0x0000000634800000|  0%| F|  |TAMS 0x0000000634400000, 0x0000000634400000| Untracked 
| 180|0x0000000634800000, 0x0000000634800000, 0x0000000634c00000|  0%| F|  |TAMS 0x0000000634800000, 0x0000000634800000| Untracked 
| 181|0x0000000634c00000, 0x0000000634c00000, 0x0000000635000000|  0%| F|  |TAMS 0x0000000634c00000, 0x0000000634c00000| Untracked 
| 182|0x0000000635000000, 0x0000000635000000, 0x0000000635400000|  0%| F|  |TAMS 0x0000000635000000, 0x0000000635000000| Untracked 
| 183|0x0000000635400000, 0x0000000635400000, 0x0000000635800000|  0%| F|  |TAMS 0x0000000635400000, 0x0000000635400000| Untracked 
| 184|0x0000000635800000, 0x0000000635800000, 0x0000000635c00000|  0%| F|  |TAMS 0x0000000635800000, 0x0000000635800000| Untracked 
| 185|0x0000000635c00000, 0x0000000635c00000, 0x0000000636000000|  0%| F|  |TAMS 0x0000000635c00000, 0x0000000635c00000| Untracked 
| 186|0x0000000636000000, 0x0000000636000000, 0x0000000636400000|  0%| F|  |TAMS 0x0000000636000000, 0x0000000636000000| Untracked 
| 187|0x0000000636400000, 0x0000000636400000, 0x0000000636800000|  0%| F|  |TAMS 0x0000000636400000, 0x0000000636400000| Untracked 
| 188|0x0000000636800000, 0x0000000636800000, 0x0000000636c00000|  0%| F|  |TAMS 0x0000000636800000, 0x0000000636800000| Untracked 
| 189|0x0000000636c00000, 0x0000000636c00000, 0x0000000637000000|  0%| F|  |TAMS 0x0000000636c00000, 0x0000000636c00000| Untracked 
| 190|0x0000000637000000, 0x0000000637000000, 0x0000000637400000|  0%| F|  |TAMS 0x0000000637000000, 0x0000000637000000| Untracked 
| 191|0x0000000637400000, 0x0000000637400000, 0x0000000637800000|  0%| F|  |TAMS 0x0000000637400000, 0x0000000637400000| Untracked 
| 192|0x0000000637800000, 0x0000000637800000, 0x0000000637c00000|  0%| F|  |TAMS 0x0000000637800000, 0x0000000637800000| Untracked 
| 193|0x0000000637c00000, 0x0000000637c00000, 0x0000000638000000|  0%| F|  |TAMS 0x0000000637c00000, 0x0000000637c00000| Untracked 
| 194|0x0000000638000000, 0x0000000638000000, 0x0000000638400000|  0%| F|  |TAMS 0x0000000638000000, 0x0000000638000000| Untracked 
| 195|0x0000000638400000, 0x0000000638400000, 0x0000000638800000|  0%| F|  |TAMS 0x0000000638400000, 0x0000000638400000| Untracked 
| 196|0x0000000638800000, 0x0000000638800000, 0x0000000638c00000|  0%| F|  |TAMS 0x0000000638800000, 0x0000000638800000| Untracked 
| 197|0x0000000638c00000, 0x0000000638c00000, 0x0000000639000000|  0%| F|  |TAMS 0x0000000638c00000, 0x0000000638c00000| Untracked 
| 198|0x0000000639000000, 0x0000000639000000, 0x0000000639400000|  0%| F|  |TAMS 0x0000000639000000, 0x0000000639000000| Untracked 
| 199|0x0000000639400000, 0x0000000639400000, 0x0000000639800000|  0%| F|  |TAMS 0x0000000639400000, 0x0000000639400000| Untracked 
| 200|0x0000000639800000, 0x0000000639800000, 0x0000000639c00000|  0%| F|  |TAMS 0x0000000639800000, 0x0000000639800000| Untracked 
| 201|0x0000000639c00000, 0x0000000639c00000, 0x000000063a000000|  0%| F|  |TAMS 0x0000000639c00000, 0x0000000639c00000| Untracked 
| 202|0x000000063a000000, 0x000000063a000000, 0x000000063a400000|  0%| F|  |TAMS 0x000000063a000000, 0x000000063a000000| Untracked 
| 203|0x000000063a400000, 0x000000063a400000, 0x000000063a800000|  0%| F|  |TAMS 0x000000063a400000, 0x000000063a400000| Untracked 
| 204|0x000000063a800000, 0x000000063a800000, 0x000000063ac00000|  0%| F|  |TAMS 0x000000063a800000, 0x000000063a800000| Untracked 
| 205|0x000000063ac00000, 0x000000063ac00000, 0x000000063b000000|  0%| F|  |TAMS 0x000000063ac00000, 0x000000063ac00000| Untracked 
| 206|0x000000063b000000, 0x000000063b000000, 0x000000063b400000|  0%| F|  |TAMS 0x000000063b000000, 0x000000063b000000| Untracked 
| 207|0x000000063b400000, 0x000000063b400000, 0x000000063b800000|  0%| F|  |TAMS 0x000000063b400000, 0x000000063b400000| Untracked 
| 208|0x000000063b800000, 0x000000063b800000, 0x000000063bc00000|  0%| F|  |TAMS 0x000000063b800000, 0x000000063b800000| Untracked 
| 209|0x000000063bc00000, 0x000000063bc00000, 0x000000063c000000|  0%| F|  |TAMS 0x000000063bc00000, 0x000000063bc00000| Untracked 
| 210|0x000000063c000000, 0x000000063c000000, 0x000000063c400000|  0%| F|  |TAMS 0x000000063c000000, 0x000000063c000000| Untracked 
| 211|0x000000063c400000, 0x000000063c400000, 0x000000063c800000|  0%| F|  |TAMS 0x000000063c400000, 0x000000063c400000| Untracked 
| 212|0x000000063c800000, 0x000000063c800000, 0x000000063cc00000|  0%| F|  |TAMS 0x000000063c800000, 0x000000063c800000| Untracked 
| 213|0x000000063cc00000, 0x000000063cc00000, 0x000000063d000000|  0%| F|  |TAMS 0x000000063cc00000, 0x000000063cc00000| Untracked 
| 214|0x000000063d000000, 0x000000063d000000, 0x000000063d400000|  0%| F|  |TAMS 0x000000063d000000, 0x000000063d000000| Untracked 
| 215|0x000000063d400000, 0x000000063d400000, 0x000000063d800000|  0%| F|  |TAMS 0x000000063d400000, 0x000000063d400000| Untracked 
| 216|0x000000063d800000, 0x000000063d800000, 0x000000063dc00000|  0%| F|  |TAMS 0x000000063d800000, 0x000000063d800000| Untracked 
| 217|0x000000063dc00000, 0x000000063dc00000, 0x000000063e000000|  0%| F|  |TAMS 0x000000063dc00000, 0x000000063dc00000| Untracked 
| 218|0x000000063e000000, 0x000000063e000000, 0x000000063e400000|  0%| F|  |TAMS 0x000000063e000000, 0x000000063e000000| Untracked 
| 219|0x000000063e400000, 0x000000063e400000, 0x000000063e800000|  0%| F|  |TAMS 0x000000063e400000, 0x000000063e400000| Untracked 
| 220|0x000000063e800000, 0x000000063e800000, 0x000000063ec00000|  0%| F|  |TAMS 0x000000063e800000, 0x000000063e800000| Untracked 
|2015|0x00000007ff400000, 0x00000007ff800000, 0x00000007ff800000|100%| O|  |TAMS 0x00000007ff800000, 0x00000007ff400000| Untracked 
|2016|0x00000007ff800000, 0x00000007ffc00000, 0x00000007ffc00000|100%| O|  |TAMS 0x00000007ffc00000, 0x00000007ff800000| Untracked 
|2017|0x00000007ffc00000, 0x0000000800000000, 0x0000000800000000|100%| O|  |TAMS 0x0000000800000000, 0x00000007ffc00000| Untracked 

Card table byte_map: [0x0000022722bc0000,0x0000022723b90000] _byte_map_base: 0x000002271fb84000

Marking Bits (Prev, Next): (CMBitMap*) 0x000002270a933bf0, (CMBitMap*) 0x000002270a933c30
 Prev Bits: [0x0000022724b60000, 0x000002272c980000)
 Next Bits: [0x000002272c980000, 0x00000227347a0000)

Polling page: 0x00000227086e0000

Metaspace:

Usage:
  Non-class:     38.83 MB used.
      Class:      4.64 MB used.
       Both:     43.47 MB used.

Virtual space:
  Non-class space:       64.00 MB reserved,      39.06 MB ( 61%) committed,  1 nodes.
      Class space:        1.00 GB reserved,       4.88 MB ( <1%) committed,  1 nodes.
             Both:        1.06 GB reserved,      43.94 MB (  4%) committed. 

Chunk freelists:
   Non-Class:  8.50 MB
       Class:  11.12 MB
        Both:  19.62 MB

MaxMetaspaceSize: unlimited
CompressedClassSpaceSize: 1.00 GB
Initial GC threshold: 21.00 MB
Current GC threshold: 60.12 MB
CDS: on
MetaspaceReclaimPolicy: balanced
 - commit_granule_bytes: 65536.
 - commit_granule_words: 8192.
 - virtual_space_node_default_size: 8388608.
 - enlarge_chunks_in_place: 1.
 - new_chunks_are_fully_committed: 0.
 - uncommit_free_chunks: 1.
 - use_allocation_guard: 0.
 - handle_deallocations: 1.


Internal statistics:

num_allocs_failed_limit: 3.
num_arena_births: 384.
num_arena_deaths: 8.
num_vsnodes_births: 2.
num_vsnodes_deaths: 0.
num_space_committed: 723.
num_space_uncommitted: 20.
num_chunks_returned_to_freelist: 116.
num_chunks_taken_from_freelist: 2261.
num_chunk_merges: 28.
num_chunk_splits: 1513.
num_chunks_enlarged: 1136.
num_inconsistent_stats: 0.

CodeHeap 'non-profiled nmethods': size=119168Kb used=18005Kb max_used=18125Kb free=101162Kb
 bounds [0x0000022719ce0000, 0x000002271aea0000, 0x0000022721140000]
CodeHeap 'profiled nmethods': size=119104Kb used=26053Kb max_used=27346Kb free=93050Kb
 bounds [0x0000022712140000, 0x0000022713c00000, 0x0000022719590000]
CodeHeap 'non-nmethods': size=7488Kb used=2938Kb max_used=3076Kb free=4549Kb
 bounds [0x0000022719590000, 0x00000227198b0000, 0x0000022719ce0000]
 total_blobs=12871 nmethods=12314 adapters=465
 compilation: enabled
              stopped_count=0, restarted_count=0
 full_count=0

Compilation events (20 events):
Event: 21.695 Thread 0x0000022737c01730 17245       3       com.sun.tools.javac.comp.Flow$AssignAnalyzer::visitTry (695 bytes)
Event: 21.696 Thread 0x0000022734a9f900 17246       3       com.sun.tools.javac.comp.Flow$FlowAnalyzer::visitTry (1142 bytes)
Event: 21.696 Thread 0x000002277d3a90d0 17247       3       com.sun.tools.javac.comp.Flow$CaptureAnalyzer::visitTry (90 bytes)
Event: 21.696 Thread 0x0000022737c395a0 17248       3       com.sun.tools.javac.comp.TransTypes::visitTry (67 bytes)
Event: 21.696 Thread 0x0000022705d52620 nmethod 17241 0x000002271a2e6590 code [0x000002271a2e6720, 0x000002271a2e6898]
Event: 21.696 Thread 0x0000022705d52620 16989       4       com.sun.tools.javac.jvm.Code::checkLimits (59 bytes)
Event: 21.697 Thread 0x0000022737c395a0 nmethod 17248 0x00000227133fbf90 code [0x00000227133fc220, 0x00000227133fd758]
Event: 21.698 Thread 0x000002277d3a90d0 nmethod 17247 0x0000022713514f90 code [0x00000227135152a0, 0x0000022713516b28]
Event: 21.698 Thread 0x0000022705d52620 nmethod 16989 0x000002271a2bbc10 code [0x000002271a2bbd80, 0x000002271a2bbe78]
Event: 21.698 Thread 0x0000022705d52620 17008       4       com.sun.tools.javac.jvm.Code::<init> (251 bytes)
Event: 21.704 Thread 0x0000022737c01730 nmethod 17245 0x0000022713716d90 code [0x00000227137178e0, 0x000002271371f0b8]
Event: 21.706 Thread 0x0000022734a9f900 nmethod 17246 0x0000022713b8ed90 code [0x0000022713b8fac0, 0x0000022713b9a908]
Event: 21.717 Thread 0x0000022737c01730 17252       3       com.sun.tools.javac.jvm.ClassWriter::writeInnerClasses (295 bytes)
Event: 21.718 Thread 0x0000022734a9f900 17253       3       com.sun.tools.javac.tree.JCTree$JCForLoop::<init> (26 bytes)
Event: 21.718 Thread 0x0000022734a9f900 nmethod 17253 0x0000022712ff4210 code [0x0000022712ff43c0, 0x0000022712ff4778]
Event: 21.719 Thread 0x0000022737c01730 nmethod 17252 0x0000022713470310 code [0x0000022713470980, 0x0000022713473eb8]
Event: 21.723 Thread 0x0000022737c01730 17254       3       lombok.bytecode.ClassFileMetaData::findClass (58 bytes)
Event: 21.724 Thread 0x0000022737c01730 nmethod 17254 0x0000022713679310 code [0x00000227136794e0, 0x0000022713679928]
Event: 21.725 Thread 0x0000022705d52620 nmethod 17008 0x000002271ada1410 code [0x000002271ada15e0, 0x000002271ada2ac8]
Event: 21.727 Thread 0x0000022705d52620 17249       4       com.sun.tools.javac.code.Types$5::visitClassType (387 bytes)

GC Heap History (20 events):
Event: 17.693 GC heap after
{Heap after GC invocations=37 (full 0):
 garbage-first heap   total 761856K, used 267798K [0x0000000607800000, 0x0000000800000000)
  region size 4096K, 2 young (8192K), 2 survivors (8192K)
 Metaspace       used 43384K, committed 43968K, reserved 1114112K
  class space    used 4673K, committed 4928K, reserved 1048576K
}
Event: 17.903 GC heap before
{Heap before GC invocations=37 (full 0):
 garbage-first heap   total 761856K, used 599574K [0x0000000607800000, 0x0000000800000000)
  region size 4096K, 83 young (339968K), 2 survivors (8192K)
 Metaspace       used 43388K, committed 43968K, reserved 1114112K
  class space    used 4673K, committed 4928K, reserved 1048576K
}
Event: 17.906 GC heap after
{Heap after GC invocations=38 (full 0):
 garbage-first heap   total 761856K, used 270736K [0x0000000607800000, 0x0000000800000000)
  region size 4096K, 2 young (8192K), 2 survivors (8192K)
 Metaspace       used 43388K, committed 43968K, reserved 1114112K
  class space    used 4673K, committed 4928K, reserved 1048576K
}
Event: 18.139 GC heap before
{Heap before GC invocations=38 (full 0):
 garbage-first heap   total 761856K, used 614800K [0x0000000607800000, 0x0000000800000000)
  region size 4096K, 86 young (352256K), 2 survivors (8192K)
 Metaspace       used 43523K, committed 44160K, reserved 1114112K
  class space    used 4692K, committed 4992K, reserved 1048576K
}
Event: 18.143 GC heap after
{Heap after GC invocations=39 (full 0):
 garbage-first heap   total 761856K, used 274877K [0x0000000607800000, 0x0000000800000000)
  region size 4096K, 3 young (12288K), 3 survivors (12288K)
 Metaspace       used 43523K, committed 44160K, reserved 1114112K
  class space    used 4692K, committed 4992K, reserved 1048576K
}
Event: 18.318 GC heap before
{Heap before GC invocations=39 (full 0):
 garbage-first heap   total 761856K, used 623037K [0x0000000607800000, 0x0000000800000000)
  region size 4096K, 88 young (360448K), 3 survivors (12288K)
 Metaspace       used 43587K, committed 44160K, reserved 1114112K
  class space    used 4692K, committed 4992K, reserved 1048576K
}
Event: 18.322 GC heap after
{Heap after GC invocations=40 (full 0):
 garbage-first heap   total 761856K, used 279944K [0x0000000607800000, 0x0000000800000000)
  region size 4096K, 5 young (20480K), 5 survivors (20480K)
 Metaspace       used 43587K, committed 44160K, reserved 1114112K
  class space    used 4692K, committed 4992K, reserved 1048576K
}
Event: 18.514 GC heap before
{Heap before GC invocations=40 (full 0):
 garbage-first heap   total 761856K, used 628104K [0x0000000607800000, 0x0000000800000000)
  region size 4096K, 90 young (368640K), 5 survivors (20480K)
 Metaspace       used 43604K, committed 44224K, reserved 1114112K
  class space    used 4692K, committed 4992K, reserved 1048576K
}
Event: 18.519 GC heap after
{Heap after GC invocations=41 (full 0):
 garbage-first heap   total 761856K, used 285556K [0x0000000607800000, 0x0000000800000000)
  region size 4096K, 6 young (24576K), 6 survivors (24576K)
 Metaspace       used 43604K, committed 44224K, reserved 1114112K
  class space    used 4692K, committed 4992K, reserved 1048576K
}
Event: 18.684 GC heap before
{Heap before GC invocations=41 (full 0):
 garbage-first heap   total 761856K, used 637812K [0x0000000607800000, 0x0000000800000000)
  region size 4096K, 92 young (376832K), 6 survivors (24576K)
 Metaspace       used 43624K, committed 44224K, reserved 1114112K
  class space    used 4692K, committed 4992K, reserved 1048576K
}
Event: 18.694 GC heap after
{Heap after GC invocations=42 (full 0):
 garbage-first heap   total 761856K, used 290107K [0x0000000607800000, 0x0000000800000000)
  region size 4096K, 7 young (28672K), 7 survivors (28672K)
 Metaspace       used 43624K, committed 44224K, reserved 1114112K
  class space    used 4692K, committed 4992K, reserved 1048576K
}
Event: 18.856 GC heap before
{Heap before GC invocations=42 (full 0):
 garbage-first heap   total 761856K, used 642363K [0x0000000607800000, 0x0000000800000000)
  region size 4096K, 93 young (380928K), 7 survivors (28672K)
 Metaspace       used 43644K, committed 44288K, reserved 1114112K
  class space    used 4693K, committed 4992K, reserved 1048576K
}
Event: 18.870 GC heap after
{Heap after GC invocations=43 (full 0):
 garbage-first heap   total 917504K, used 296104K [0x0000000607800000, 0x0000000800000000)
  region size 4096K, 8 young (32768K), 8 survivors (32768K)
 Metaspace       used 43644K, committed 44288K, reserved 1114112K
  class space    used 4693K, committed 4992K, reserved 1048576K
}
Event: 19.234 GC heap before
{Heap before GC invocations=43 (full 0):
 garbage-first heap   total 917504K, used 775336K [0x0000000607800000, 0x0000000800000000)
  region size 4096K, 124 young (507904K), 8 survivors (32768K)
 Metaspace       used 43698K, committed 44288K, reserved 1114112K
  class space    used 4696K, committed 4992K, reserved 1048576K
}
Event: 19.244 GC heap after
{Heap after GC invocations=44 (full 0):
 garbage-first heap   total 917504K, used 302332K [0x0000000607800000, 0x0000000800000000)
  region size 4096K, 8 young (32768K), 8 survivors (32768K)
 Metaspace       used 43698K, committed 44288K, reserved 1114112K
  class space    used 4696K, committed 4992K, reserved 1048576K
}
Event: 19.786 GC heap before
{Heap before GC invocations=44 (full 0):
 garbage-first heap   total 917504K, used 785660K [0x0000000607800000, 0x0000000800000000)
  region size 4096K, 126 young (516096K), 8 survivors (32768K)
 Metaspace       used 43713K, committed 44288K, reserved 1114112K
  class space    used 4697K, committed 4992K, reserved 1048576K
}
Event: 19.802 GC heap after
{Heap after GC invocations=45 (full 0):
 garbage-first heap   total 917504K, used 313481K [0x0000000607800000, 0x0000000800000000)
  region size 4096K, 11 young (45056K), 11 survivors (45056K)
 Metaspace       used 43713K, committed 44288K, reserved 1114112K
  class space    used 4697K, committed 4992K, reserved 1048576K
}
Event: 20.240 GC heap before
{Heap before GC invocations=45 (full 0):
 garbage-first heap   total 917504K, used 772233K [0x0000000607800000, 0x0000000800000000)
  region size 4096K, 123 young (503808K), 11 survivors (45056K)
 Metaspace       used 43748K, committed 44352K, reserved 1114112K
  class space    used 4697K, committed 4992K, reserved 1048576K
}
Event: 20.258 GC heap after
{Heap after GC invocations=46 (full 0):
 garbage-first heap   total 917504K, used 315386K [0x0000000607800000, 0x0000000800000000)
  region size 4096K, 9 young (36864K), 9 survivors (36864K)
 Metaspace       used 43748K, committed 44352K, reserved 1114112K
  class space    used 4697K, committed 4992K, reserved 1048576K
}
Event: 21.728 GC heap before
{Heap before GC invocations=46 (full 0):
 garbage-first heap   total 917504K, used 782330K [0x0000000607800000, 0x0000000800000000)
  region size 4096K, 123 young (503808K), 9 survivors (36864K)
 Metaspace       used 44512K, committed 44992K, reserved 1114112K
  class space    used 4753K, committed 4992K, reserved 1048576K
}

Deoptimization events (20 events):
Event: 21.529 Thread 0x000002270a8842b0 Uncommon trap: trap_request=0xffffffde fr.pc=0x000002271a9330d4 relative=0x0000000000005f14
Event: 21.529 Thread 0x000002270a8842b0 Uncommon trap: reason=class_check action=maybe_recompile pc=0x000002271a9330d4 method=com.sun.tools.javac.comp.Resolve.findVar(Lcom/sun/tools/javac/comp/Env;Lcom/sun/tools/javac/util/Name;)Lcom/sun/tools/javac/code/Symbol; @ 390 c2
Event: 21.530 Thread 0x000002270a8842b0 DEOPT PACKING pc=0x000002271a9330d4 sp=0x00000045fd3fc440
Event: 21.530 Thread 0x000002270a8842b0 DEOPT UNPACKING pc=0x00000227195e23a3 sp=0x00000045fd3fc470 mode 2
Event: 21.604 Thread 0x000002270a8842b0 DEOPT PACKING pc=0x000002271357b21e sp=0x00000045fd3fcfc0
Event: 21.604 Thread 0x000002270a8842b0 DEOPT UNPACKING pc=0x00000227195e2b43 sp=0x00000045fd3fc498 mode 0
Event: 21.626 Thread 0x000002270a8842b0 Uncommon trap: trap_request=0xffffffde fr.pc=0x000002271a6178b8 relative=0x00000000000002f8
Event: 21.626 Thread 0x000002270a8842b0 Uncommon trap: reason=class_check action=maybe_recompile pc=0x000002271a6178b8 method=java.util.Spliterators$IteratorSpliterator.forEachRemaining(Ljava/util/function/Consumer;)V @ 26 c2
Event: 21.627 Thread 0x000002270a8842b0 DEOPT PACKING pc=0x000002271a6178b8 sp=0x00000045fd3fbb80
Event: 21.627 Thread 0x000002270a8842b0 DEOPT UNPACKING pc=0x00000227195e23a3 sp=0x00000045fd3fbb40 mode 2
Event: 21.628 Thread 0x000002270a8842b0 Uncommon trap: trap_request=0xffffffde fr.pc=0x000002271a6178b8 relative=0x00000000000002f8
Event: 21.628 Thread 0x000002270a8842b0 Uncommon trap: reason=class_check action=maybe_recompile pc=0x000002271a6178b8 method=java.util.Spliterators$IteratorSpliterator.forEachRemaining(Ljava/util/function/Consumer;)V @ 26 c2
Event: 21.628 Thread 0x000002270a8842b0 DEOPT PACKING pc=0x000002271a6178b8 sp=0x00000045fd3fb5b0
Event: 21.628 Thread 0x000002270a8842b0 DEOPT UNPACKING pc=0x00000227195e23a3 sp=0x00000045fd3fb570 mode 2
Event: 21.628 Thread 0x000002270a8842b0 Uncommon trap: trap_request=0xffffff45 fr.pc=0x000002271a251b08 relative=0x00000000000009e8
Event: 21.628 Thread 0x000002270a8842b0 Uncommon trap: reason=unstable_if action=reinterpret pc=0x000002271a251b08 method=com.sun.tools.javac.code.Types$5.visitClassType(Lcom/sun/tools/javac/code/Type$ClassType;Lcom/sun/tools/javac/code/Type;)Ljava/lang/Boolean; @ 14 c2
Event: 21.628 Thread 0x000002270a8842b0 DEOPT PACKING pc=0x000002271a251b08 sp=0x00000045fd3fb930
Event: 21.628 Thread 0x000002270a8842b0 DEOPT UNPACKING pc=0x00000227195e23a3 sp=0x00000045fd3fb8e8 mode 2
Event: 21.723 Thread 0x000002270a8842b0 DEOPT PACKING pc=0x0000022713bcee29 sp=0x00000045fd3fd2b0
Event: 21.723 Thread 0x000002270a8842b0 DEOPT UNPACKING pc=0x00000227195e2b43 sp=0x00000045fd3fc6f8 mode 0

Classes unloaded (20 events):
Event: 7.143 Thread 0x0000022734a6ddb0 Unloading class 0x000002273938af50 'org/springframework/boot/configurationprocessor/LombokPropertyDescriptor'
Event: 7.143 Thread 0x0000022734a6ddb0 Unloading class 0x000002273938ace0 'org/springframework/boot/configurationprocessor/PropertyDescriptor'
Event: 7.143 Thread 0x0000022734a6ddb0 Unloading class 0x000002273938aac0 'org/springframework/boot/configurationprocessor/PropertyDescriptorResolver'
Event: 7.143 Thread 0x0000022734a6ddb0 Unloading class 0x000002273938a880 'org/springframework/boot/configurationprocessor/metadata/ItemMetadata$ItemType'
Event: 7.143 Thread 0x0000022734a6ddb0 Unloading class 0x000002273938a660 'org/springframework/boot/configurationprocessor/metadata/ItemMetadata'
Event: 7.143 Thread 0x0000022734a6ddb0 Unloading class 0x000002273938a430 'org/springframework/boot/configurationprocessor/MetadataGenerationEnvironment$$Lambda$394+0x000002273938a430'
Event: 7.143 Thread 0x0000022734a6ddb0 Unloading class 0x000002273938a218 'org/springframework/boot/configurationprocessor/fieldvalues/javac/Trees'
Event: 7.143 Thread 0x0000022734a6ddb0 Unloading class 0x000002273938a000 'org/springframework/boot/configurationprocessor/fieldvalues/javac/ReflectionWrapper'
Event: 7.143 Thread 0x0000022734a6ddb0 Unloading class 0x0000022739385c08 'org/springframework/boot/configurationprocessor/fieldvalues/javac/TreeVisitor'
Event: 7.143 Thread 0x0000022734a6ddb0 Unloading class 0x00000227393859e0 'org/springframework/boot/configurationprocessor/fieldvalues/javac/JavaCompilerFieldValuesParser'
Event: 7.143 Thread 0x0000022734a6ddb0 Unloading class 0x00000227393857e8 'org/springframework/boot/configurationprocessor/fieldvalues/FieldValuesParser'
Event: 7.143 Thread 0x0000022734a6ddb0 Unloading class 0x0000022739385540 'org/springframework/boot/configurationprocessor/MetadataGenerationEnvironment'
Event: 7.143 Thread 0x0000022734a6ddb0 Unloading class 0x0000022739385320 'org/springframework/boot/configurationprocessor/TypeUtils$$Lambda$393+0x0000022739385320'
Event: 7.143 Thread 0x0000022734a6ddb0 Unloading class 0x0000022739385000 'org/springframework/boot/configurationprocessor/TypeUtils$TypeExtractor'
Event: 7.143 Thread 0x0000022734a6ddb0 Unloading class 0x0000022739384480 'org/springframework/boot/configurationprocessor/TypeUtils$$Lambda$392+0x0000022739384480'
Event: 7.143 Thread 0x0000022734a6ddb0 Unloading class 0x0000022739384228 'org/springframework/boot/configurationprocessor/TypeUtils'
Event: 7.143 Thread 0x0000022734a6ddb0 Unloading class 0x0000022739384000 'org/springframework/boot/configurationprocessor/MetadataCollector'
Event: 7.143 Thread 0x0000022734a6ddb0 Unloading class 0x0000022739360528 'org/springframework/boot/configurationprocessor/MetadataStore'
Event: 7.143 Thread 0x0000022734a6ddb0 Unloading class 0x00000227393602c8 'org/springframework/boot/configurationprocessor/metadata/InvalidConfigurationMetadataException'
Event: 7.143 Thread 0x0000022734a6ddb0 Unloading class 0x0000022739360000 'org/springframework/boot/configurationprocessor/ConfigurationMetadataAnnotationProcessor'

Classes redefined (0 events):
No events

Internal exceptions (20 events):
Event: 21.681 Thread 0x000002270a8842b0 Exception <a 'sun/nio/fs/WindowsException'{0x0000000622df6c60}> (0x0000000622df6c60) 
thrown [s\open\src\hotspot\share\prims\jni.cpp, line 516]
Event: 21.682 Thread 0x000002270a8842b0 Exception <a 'sun/nio/fs/WindowsException'{0x0000000622e1fb80}> (0x0000000622e1fb80) 
thrown [s\open\src\hotspot\share\prims\jni.cpp, line 516]
Event: 21.682 Thread 0x000002270a8842b0 Exception <a 'sun/nio/fs/WindowsException'{0x0000000622e1fd00}> (0x0000000622e1fd00) 
thrown [s\open\src\hotspot\share\prims\jni.cpp, line 516]
Event: 21.682 Thread 0x000002270a8842b0 Exception <a 'sun/nio/fs/WindowsException'{0x0000000622e21c20}> (0x0000000622e21c20) 
thrown [s\open\src\hotspot\share\prims\jni.cpp, line 516]
Event: 21.682 Thread 0x000002270a8842b0 Exception <a 'sun/nio/fs/WindowsException'{0x0000000622e21de8}> (0x0000000622e21de8) 
thrown [s\open\src\hotspot\share\prims\jni.cpp, line 516]
Event: 21.715 Thread 0x000002270a8842b0 Exception <a 'sun/nio/fs/WindowsException'{0x00000006201b7620}> (0x00000006201b7620) 
thrown [s\open\src\hotspot\share\prims\jni.cpp, line 516]
Event: 21.715 Thread 0x000002270a8842b0 Exception <a 'sun/nio/fs/WindowsException'{0x00000006201b7cc0}> (0x00000006201b7cc0) 
thrown [s\open\src\hotspot\share\prims\jni.cpp, line 516]
Event: 21.715 Thread 0x000002270a8842b0 Exception <a 'sun/nio/fs/WindowsException'{0x00000006201b8480}> (0x00000006201b8480) 
thrown [s\open\src\hotspot\share\prims\jni.cpp, line 516]
Event: 21.718 Thread 0x000002270a8842b0 Exception <a 'sun/nio/fs/WindowsException'{0x0000000620247408}> (0x0000000620247408) 
thrown [s\open\src\hotspot\share\prims\jni.cpp, line 516]
Event: 21.718 Thread 0x000002270a8842b0 Exception <a 'sun/nio/fs/WindowsException'{0x0000000620247ad8}> (0x0000000620247ad8) 
thrown [s\open\src\hotspot\share\prims\jni.cpp, line 516]
Event: 21.718 Thread 0x000002270a8842b0 Exception <a 'sun/nio/fs/WindowsException'{0x00000006202483a0}> (0x00000006202483a0) 
thrown [s\open\src\hotspot\share\prims\jni.cpp, line 516]
Event: 21.719 Thread 0x000002270a8842b0 Exception <a 'sun/nio/fs/WindowsException'{0x000000062025baa8}> (0x000000062025baa8) 
thrown [s\open\src\hotspot\share\prims\jni.cpp, line 516]
Event: 21.719 Thread 0x000002270a8842b0 Exception <a 'sun/nio/fs/WindowsException'{0x000000062025c178}> (0x000000062025c178) 
thrown [s\open\src\hotspot\share\prims\jni.cpp, line 516]
Event: 21.719 Thread 0x000002270a8842b0 Exception <a 'sun/nio/fs/WindowsException'{0x000000062025ca40}> (0x000000062025ca40) 
thrown [s\open\src\hotspot\share\prims\jni.cpp, line 516]
Event: 21.722 Thread 0x000002270a8842b0 Exception <a 'sun/nio/fs/WindowsException'{0x00000006203224c8}> (0x00000006203224c8) 
thrown [s\open\src\hotspot\share\prims\jni.cpp, line 516]
Event: 21.722 Thread 0x000002270a8842b0 Exception <a 'sun/nio/fs/WindowsException'{0x0000000620322ba0}> (0x0000000620322ba0) 
thrown [s\open\src\hotspot\share\prims\jni.cpp, line 516]
Event: 21.722 Thread 0x000002270a8842b0 Exception <a 'sun/nio/fs/WindowsException'{0x00000006203234b8}> (0x00000006203234b8) 
thrown [s\open\src\hotspot\share\prims\jni.cpp, line 516]
Event: 21.723 Thread 0x000002270a8842b0 Exception <a 'sun/nio/fs/WindowsException'{0x000000062034ddc0}> (0x000000062034ddc0) 
thrown [s\open\src\hotspot\share\prims\jni.cpp, line 516]
Event: 21.723 Thread 0x000002270a8842b0 Exception <a 'sun/nio/fs/WindowsException'{0x000000062034e468}> (0x000000062034e468) 
thrown [s\open\src\hotspot\share\prims\jni.cpp, line 516]
Event: 21.723 Thread 0x000002270a8842b0 Exception <a 'sun/nio/fs/WindowsException'{0x000000062034ec78}> (0x000000062034ec78) 
thrown [s\open\src\hotspot\share\prims\jni.cpp, line 516]

VM Operations (20 events):
Event: 20.634 Executing VM operation: HandshakeAllThreads done
Event: 20.680 Executing VM operation: ICBufferFull
Event: 20.680 Executing VM operation: ICBufferFull done
Event: 20.858 Executing VM operation: ICBufferFull
Event: 20.858 Executing VM operation: ICBufferFull done
Event: 21.004 Executing VM operation: ICBufferFull
Event: 21.004 Executing VM operation: ICBufferFull done
Event: 21.129 Executing VM operation: HandshakeAllThreads
Event: 21.129 Executing VM operation: HandshakeAllThreads done
Event: 21.167 Executing VM operation: HandshakeAllThreads
Event: 21.167 Executing VM operation: HandshakeAllThreads done
Event: 21.217 Executing VM operation: ICBufferFull
Event: 21.217 Executing VM operation: ICBufferFull done
Event: 21.386 Executing VM operation: ICBufferFull
Event: 21.387 Executing VM operation: ICBufferFull done
Event: 21.529 Executing VM operation: HandshakeAllThreads
Event: 21.530 Executing VM operation: HandshakeAllThreads done
Event: 21.631 Executing VM operation: ICBufferFull
Event: 21.631 Executing VM operation: ICBufferFull done
Event: 21.726 Executing VM operation: G1CollectForAllocation

Events (20 events):
Event: 21.560 Thread 0x0000022734aad680 flushing nmethod 0x0000022713662510
Event: 21.560 Thread 0x0000022734aad680 flushing nmethod 0x0000022713666410
Event: 21.560 Thread 0x0000022734aad680 flushing nmethod 0x0000022713679310
Event: 21.560 Thread 0x0000022734aad680 flushing nmethod 0x0000022713684310
Event: 21.560 Thread 0x0000022734aad680 flushing nmethod 0x0000022713686910
Event: 21.560 Thread 0x0000022734aad680 flushing nmethod 0x000002271368a110
Event: 21.560 Thread 0x0000022734aad680 flushing nmethod 0x00000227136a6910
Event: 21.560 Thread 0x0000022734aad680 flushing nmethod 0x00000227136b0390
Event: 21.560 Thread 0x0000022734aad680 flushing nmethod 0x0000022713715d10
Event: 21.560 Thread 0x0000022734aad680 flushing nmethod 0x0000022713730110
Event: 21.560 Thread 0x0000022734aad680 flushing nmethod 0x000002271373a110
Event: 21.560 Thread 0x0000022734aad680 flushing nmethod 0x0000022713742910
Event: 21.560 Thread 0x0000022734aad680 flushing nmethod 0x0000022713762510
Event: 21.560 Thread 0x0000022734aad680 flushing nmethod 0x0000022713784890
Event: 21.561 Thread 0x0000022734aad680 flushing nmethod 0x0000022713877790
Event: 21.562 Thread 0x0000022734aad680 flushing nmethod 0x00000227139db790
Event: 21.562 Thread 0x0000022734aad680 flushing nmethod 0x00000227139ff190
Event: 21.563 Thread 0x0000022734aad680 flushing nmethod 0x0000022713a05890
Event: 21.563 Thread 0x0000022734aad680 flushing nmethod 0x0000022713a18b90
Event: 21.563 Thread 0x0000022734aad680 flushing nmethod 0x0000022713a91d90


Dynamic libraries:
0x00007ff74d000000 - 0x00007ff74d010000 	D:\app\jdk17\bin\java.exe
0x00007fff1a240000 - 0x00007fff1a4a9000 	C:\WINDOWS\SYSTEM32\ntdll.dll
0x00007fff191c0000 - 0x00007fff19289000 	C:\WINDOWS\System32\KERNEL32.DLL
0x00007fff17460000 - 0x00007fff17853000 	C:\WINDOWS\System32\KERNELBASE.dll
0x00007fff17890000 - 0x00007fff179db000 	C:\WINDOWS\System32\ucrtbase.dll
0x00007fff03cb0000 - 0x00007fff03ccb000 	D:\app\jdk17\bin\VCRUNTIME140.dll
0x00007fff109d0000 - 0x00007fff109e9000 	D:\app\jdk17\bin\jli.dll
0x00007fff18e10000 - 0x00007fff18ec4000 	C:\WINDOWS\System32\ADVAPI32.dll
0x00007fff19290000 - 0x00007fff19339000 	C:\WINDOWS\System32\msvcrt.dll
0x00007fff1a090000 - 0x00007fff1a136000 	C:\WINDOWS\System32\sechost.dll
0x00007fff18cf0000 - 0x00007fff18e08000 	C:\WINDOWS\System32\RPCRT4.dll
0x00007fff19d90000 - 0x00007fff19f54000 	C:\WINDOWS\System32\USER32.dll
0x00007fff17860000 - 0x00007fff17887000 	C:\WINDOWS\System32\win32u.dll
0x00007fff1a060000 - 0x00007fff1a08b000 	C:\WINDOWS\System32\GDI32.dll
0x00007fff17e40000 - 0x00007fff17f6d000 	C:\WINDOWS\System32\gdi32full.dll
0x00007ffefabb0000 - 0x00007ffefae43000 	C:\WINDOWS\WinSxS\amd64_microsoft.windows.common-controls_6595b64144ccf1df_6.0.26100.5074_none_3e0d6f78e32fd63f\COMCTL32.dll
0x00007fff179e0000 - 0x00007fff17a83000 	C:\WINDOWS\System32\msvcp_win.dll
0x00007ffefa8d0000 - 0x00007ffefa8db000 	C:\WINDOWS\SYSTEM32\VERSION.dll
0x00007fff190a0000 - 0x00007fff190cf000 	C:\WINDOWS\System32\IMM32.DLL
0x00007fff13370000 - 0x00007fff1337c000 	D:\app\jdk17\bin\vcruntime140_1.dll
0x00007ffef9590000 - 0x00007ffef961e000 	D:\app\jdk17\bin\msvcp140.dll
0x00007ffe9cbf0000 - 0x00007ffe9d7d0000 	D:\app\jdk17\bin\server\jvm.dll
0x00007fff184a0000 - 0x00007fff184a8000 	C:\WINDOWS\System32\PSAPI.DLL
0x00007fff0c200000 - 0x00007fff0c235000 	C:\WINDOWS\SYSTEM32\WINMM.dll
0x00007ffef1980000 - 0x00007ffef198a000 	C:\WINDOWS\SYSTEM32\WSOCK32.dll
0x00007fff19d10000 - 0x00007fff19d84000 	C:\WINDOWS\System32\WS2_32.dll
0x00007fff161b0000 - 0x00007fff161cb000 	C:\WINDOWS\SYSTEM32\kernel.appcore.dll
0x00007fff10970000 - 0x00007fff1097a000 	D:\app\jdk17\bin\jimage.dll
0x00007fff14860000 - 0x00007fff14aa2000 	C:\WINDOWS\SYSTEM32\DBGHELP.DLL
0x00007fff18010000 - 0x00007fff1838b000 	C:\WINDOWS\System32\combase.dll
0x00007fff190e0000 - 0x00007fff191b7000 	C:\WINDOWS\System32\OLEAUT32.dll
0x00007ffef9bc0000 - 0x00007ffef9bfd000 	C:\WINDOWS\SYSTEM32\dbgcore.DLL
0x00007fff17f70000 - 0x00007fff18009000 	C:\WINDOWS\System32\bcryptPrimitives.dll
0x00007fff02240000 - 0x00007fff0224e000 	D:\app\jdk17\bin\instrument.dll
0x00007ffeff100000 - 0x00007ffeff125000 	D:\app\jdk17\bin\java.dll
0x00007ffed43f0000 - 0x00007ffed44c7000 	D:\app\jdk17\bin\jsvml.dll
0x00007fff19440000 - 0x00007fff19b8d000 	C:\WINDOWS\System32\SHELL32.dll
0x00007fff17cd0000 - 0x00007fff17e3c000 	C:\WINDOWS\System32\wintypes.dll
0x00007fff15030000 - 0x00007fff15889000 	C:\WINDOWS\SYSTEM32\windows.storage.dll
0x00007fff183a0000 - 0x00007fff18490000 	C:\WINDOWS\System32\SHCORE.dll
0x00007fff184b0000 - 0x00007fff18512000 	C:\WINDOWS\System32\shlwapi.dll
0x00007fff172f0000 - 0x00007fff17319000 	C:\WINDOWS\SYSTEM32\profapi.dll
0x00007fff01f10000 - 0x00007fff01f28000 	D:\app\jdk17\bin\zip.dll
0x00007fff022f0000 - 0x00007fff02309000 	D:\app\jdk17\bin\net.dll
0x00007fff0dd40000 - 0x00007fff0de5f000 	C:\WINDOWS\SYSTEM32\WINHTTP.dll
0x00007fff16730000 - 0x00007fff1679b000 	C:\WINDOWS\system32\mswsock.dll
0x00007fff022a0000 - 0x00007fff022b6000 	D:\app\jdk17\bin\nio.dll
0x00007ffedfb00000 - 0x00007ffedfb24000 	C:\Users\90828\AppData\Local\Temp\jansi-2.4.2-b838ffc704b6f9d9-jansi.dll
0x00007fff02330000 - 0x00007fff02340000 	D:\app\jdk17\bin\verify.dll

dbghelp: loaded successfully - version: 4.0.5 - missing functions: none
symbol engine: initialized successfully - sym options: 0x614 - pdb path: .;D:\app\jdk17\bin;C:\WINDOWS\SYSTEM32;C:\WINDOWS\WinSxS\amd64_microsoft.windows.common-controls_6595b64144ccf1df_6.0.26100.5074_none_3e0d6f78e32fd63f;D:\app\jdk17\bin\server;C:\Users\90828\AppData\Local\Temp

VM Arguments:
jvm_args: -Dmaven.multiModuleProjectDirectory=D:\Cloud-API-Demo-Serve -Djansi.passthrough=true -Dmaven.home=D:/app/apache-maven-3.9.10 -Dclassworlds.conf=D:\app\apache-maven-3.9.10\bin\m2.conf -Dmaven.ext.class.path=C:\Program Files\JetBrains\IntelliJ IDEA 2025.1.2\plugins\maven\lib\maven-event-listener.jar -javaagent:C:\Program Files\JetBrains\IntelliJ IDEA 2025.1.2\lib\idea_rt.jar=24527 -Dfile.encoding=UTF-8 
java_command: org.codehaus.classworlds.Launcher -Didea.version=2025.1.2 -s D:\app\apache-maven-3.9.10\conf\settings.xml -Dmaven.repo.local=D:\app\apache-maven-3.9.10\repository package
java_class_path (initial): D:\app\apache-maven-3.9.10\boot\plexus-classworlds-2.9.0.jar;D:\app\apache-maven-3.9.10\boot\plexus-classworlds.license
Launcher Type: SUN_STANDARD

[Global flags]
     intx CICompilerCount                          = 12                                        {product} {ergonomic}
     uint ConcGCThreads                            = 4                                         {product} {ergonomic}
     uint G1ConcRefinementThreads                  = 15                                        {product} {ergonomic}
   size_t G1HeapRegionSize                         = 4194304                                   {product} {ergonomic}
    uintx GCDrainStackTargetSize                   = 64                                        {product} {ergonomic}
   size_t InitialHeapSize                          = 532676608                                 {product} {ergonomic}
   size_t MarkStackSize                            = 4194304                                   {product} {ergonomic}
   size_t MaxHeapSize                              = 8464105472                                {product} {ergonomic}
   size_t MaxNewSize                               = 5075107840                                {product} {ergonomic}
   size_t MinHeapDeltaBytes                        = 4194304                                   {product} {ergonomic}
   size_t MinHeapSize                              = 8388608                                   {product} {ergonomic}
    uintx NonNMethodCodeHeapSize                   = 7602480                                {pd product} {ergonomic}
    uintx NonProfiledCodeHeapSize                  = 122027880                              {pd product} {ergonomic}
    uintx ProfiledCodeHeapSize                     = 122027880                              {pd product} {ergonomic}
    uintx ReservedCodeCacheSize                    = 251658240                              {pd product} {ergonomic}
     bool SegmentedCodeCache                       = true                                      {product} {ergonomic}
   size_t SoftMaxHeapSize                          = 8464105472                             {manageable} {ergonomic}
     bool UseCompressedClassPointers               = true                           {product lp64_product} {ergonomic}
     bool UseCompressedOops                        = true                           {product lp64_product} {ergonomic}
     bool UseG1GC                                  = true                                      {product} {ergonomic}
     bool UseLargePagesIndividualAllocation        = false                                  {pd product} {ergonomic}

Logging:
Log output configuration:
 #0: stdout all=warning uptime,level,tags
 #1: stderr all=off uptime,level,tags

Environment Variables:
JAVA_HOME=D:\app\jdk8
PATH=D:\app\nmap;D:\app\vmware 17 pro\bin\;C:\Program Files\Common Files\Oracle\Java\javapath;C:\WINDOWS\system32;C:\WINDOWS;C:\WINDOWS\System32\Wbem;C:\WINDOWS\System32\WindowsPowerShell\v1.0\;C:\WINDOWS\System32\OpenSSH\;D:\app\jdk8\bin;D:\app\jdk8\jre\bin;D:\app\Git\cmd;D:\app\apache-maven-3.9.10\bin;C:\Program Files\TortoiseSVN\bin;D:\app\nodejs\;D:\app\nodejs;D:\app\mysql\bin;C:\Users\90828\AppData\Local\Microsoft\WindowsApps;C:\Users\90828\AppData\Roaming\npm;D:\app\Microsoft VS Code\bin;D:\app\nmap
USERNAME=90828
OS=Windows_NT
PROCESSOR_IDENTIFIER=Intel64 Family 6 Model 186 Stepping 2, GenuineIntel



---------------  S Y S T E M  ---------------

OS:
 Windows 11 , 64 bit Build 26100 (10.0.26100.5074)
OS uptime: 18 days 20:36 hours

CPU: total 20 (initial active 20) (10 cores per cpu, 2 threads per core) family 6 model 186 stepping 2 microcode 0x4121, cx8, cmov, fxsr, ht, mmx, 3dnowpref, sse, sse2, sse3, ssse3, sse4.1, sse4.2, popcnt, lzcnt, tsc, tscinvbit, avx, avx2, aes, erms, clmul, bmi1, bmi2, adx, sha, fma, vzeroupper, clflush, clflushopt, clwb

Memory: 4k page, system-wide physical 32285M (6059M free)
TotalPageFile size 57885M (AvailPageFile size 309M)
current process WorkingSet (physical memory assigned to process): 1212M, peak: 1227M
current process commit charge ("private bytes"): 1286M, peak: 1593M

vm_info: Java HotSpot(TM) 64-Bit Server VM (17.0.12+8-LTS-286) for windows-amd64 JRE (17.0.12+8-LTS-286), built on Jun  5 2024 06:46:59 by "mach5one" with MS VC++ 17.6 (VS2022)

END.
