#
# There is insufficient memory for the Java Runtime Environment to continue.
# Native memory allocation (mmap) failed to map 562036736 bytes for G1 virtual space
# Possible reasons:
#   The system is out of physical RAM or swap space
#   The process is running with CompressedOops enabled, and the Java Heap may be blocking the growth of the native heap
# Possible solutions:
#   Reduce memory load on the system
#   Increase physical memory or swap space
#   Check if swap backing store is full
#   Decrease Java heap size (-Xmx/-Xms)
#   Decrease number of Java threads
#   Decrease Java thread stack sizes (-Xss)
#   Set larger code cache with -XX:ReservedCodeCacheSize=
#   JVM is running with Zero Based Compressed Oops mode in which the Java heap is
#     placed in the first 32GB address space. The Java Heap base address is the
#     maximum limit for the native heap growth. Please use -XX:HeapBaseMinAddress
#     to set the Java Heap base and to place the Java Heap above 32GB virtual address.
# This output file may be truncated or incomplete.
#
#  Out of Memory Error (os_windows.cpp:3548), pid=12796, tid=32972
#
# JRE version: Java(TM) SE Runtime Environment (17.0.12+8) (build 17.0.12+8-LTS-286)
# Java VM: Java HotSpot(TM) 64-Bit Server VM (17.0.12+8-LTS-286, mixed mode, sharing, tiered, compressed oops, compressed class ptrs, g1 gc, windows-amd64)
# No core dump will be written. Minidumps are not enabled by default on client versions of Windows
#

---------------  S U M M A R Y ------------

Command Line: -Dmaven.multiModuleProjectDirectory=D:\Cloud-API-Demo-Serve -Djansi.passthrough=true -Dmaven.home=D:/app/apache-maven-3.9.10 -Dclassworlds.conf=D:\app\apache-maven-3.9.10\bin\m2.conf -Dmaven.ext.class.path=C:\Program Files\JetBrains\IntelliJ IDEA 2025.1.2\plugins\maven\lib\maven-event-listener.jar -javaagent:C:\Program Files\JetBrains\IntelliJ IDEA 2025.1.2\lib\idea_rt.jar=29537 -Dfile.encoding=UTF-8 org.codehaus.classworlds.Launcher -Didea.version=2025.1.2 -s D:\app\apache-maven-3.9.10\conf\settings.xml -Dmaven.repo.local=D:\app\apache-maven-3.9.10\repository package

Host: 13th Gen Intel(R) Core(TM) i7-13700H, 20 cores, 31G,  Windows 11 , 64 bit Build 26100 (10.0.26100.5074)
Time: Mon Sep 29 15:05:52 2025  Windows 11 , 64 bit Build 26100 (10.0.26100.5074) elapsed time: 9.953860 seconds (0d 0h 0m 9s)

---------------  T H R E A D  ---------------

Current thread (0x0000029daaa12430):  VMThread "VM Thread" [stack: 0x000000fd5a900000,0x000000fd5aa00000] [id=32972]

Stack: [0x000000fd5a900000,0x000000fd5aa00000]
Native frames: (J=compiled Java code, j=interpreted, Vv=VM code, C=native code)
V  [jvm.dll+0x67a04a]
V  [jvm.dll+0x7da4ed]
V  [jvm.dll+0x7dbe33]
V  [jvm.dll+0x7dc4a3]
V  [jvm.dll+0x24508f]
V  [jvm.dll+0x677089]
V  [jvm.dll+0x66bd32]
V  [jvm.dll+0x301fa6]
V  [jvm.dll+0x309546]
V  [jvm.dll+0x359d2e]
V  [jvm.dll+0x359f5f]
V  [jvm.dll+0x2d9078]
V  [jvm.dll+0x2d74ad]
V  [jvm.dll+0x2d6afc]
V  [jvm.dll+0x31a65b]
V  [jvm.dll+0x7e0d9b]
V  [jvm.dll+0x7e1ad4]
V  [jvm.dll+0x7e1fed]
V  [jvm.dll+0x7e23c4]
V  [jvm.dll+0x7e2490]
V  [jvm.dll+0x78abea]
V  [jvm.dll+0x678f35]
C  [ucrtbase.dll+0x37b0]
C  [KERNEL32.DLL+0x2e8d7]
C  [ntdll.dll+0x8d9c]

VM_Operation (0x000000fd5a3fc960): G1CollectForAllocation, mode: safepoint, requested by thread 0x0000029d80837510


---------------  P R O C E S S  ---------------

Threads class SMR info:
_java_thread_list=0x0000029df633eec0, length=24, elements={
0x0000029d80837510, 0x0000029daaa15de0, 0x0000029daaa168b0, 0x0000029daaa320a0,
0x0000029daaa32970, 0x0000029daaa33240, 0x0000029daaa33b10, 0x0000029daaa3cd30,
0x0000029dadad2ab0, 0x0000029daaa41b90, 0x0000029dadac06f0, 0x0000029dadad3aa0,
0x0000029dadad4fe0, 0x0000029dadad3550, 0x0000029dadad2010, 0x0000029dadd38f60,
0x0000029dadd39440, 0x0000029dadad5530, 0x0000029dadad3ff0, 0x0000029dadad2560,
0x0000029dadad3000, 0x0000029df3d83260, 0x0000029df3df8200, 0x0000029df3df8750
}

Java Threads: ( => current thread )
  0x0000029d80837510 JavaThread "main" [_thread_blocked, id=33080, stack(0x000000fd5a300000,0x000000fd5a400000)]
  0x0000029daaa15de0 JavaThread "Reference Handler" daemon [_thread_blocked, id=43036, stack(0x000000fd5aa00000,0x000000fd5ab00000)]
  0x0000029daaa168b0 JavaThread "Finalizer" daemon [_thread_blocked, id=648, stack(0x000000fd5ab00000,0x000000fd5ac00000)]
  0x0000029daaa320a0 JavaThread "Signal Dispatcher" daemon [_thread_blocked, id=9728, stack(0x000000fd5ac00000,0x000000fd5ad00000)]
  0x0000029daaa32970 JavaThread "Attach Listener" daemon [_thread_blocked, id=42048, stack(0x000000fd5ad00000,0x000000fd5ae00000)]
  0x0000029daaa33240 JavaThread "Service Thread" daemon [_thread_blocked, id=35352, stack(0x000000fd5ae00000,0x000000fd5af00000)]
  0x0000029daaa33b10 JavaThread "Monitor Deflation Thread" daemon [_thread_blocked, id=24472, stack(0x000000fd5af00000,0x000000fd5b000000)]
  0x0000029daaa3cd30 JavaThread "C2 CompilerThread0" daemon [_thread_blocked, id=48152, stack(0x000000fd5b000000,0x000000fd5b100000)]
  0x0000029dadad2ab0 JavaThread "C1 CompilerThread0" daemon [_thread_blocked, id=30988, stack(0x000000fd5b100000,0x000000fd5b200000)]
  0x0000029daaa41b90 JavaThread "Sweeper thread" daemon [_thread_blocked, id=29604, stack(0x000000fd5b200000,0x000000fd5b300000)]
  0x0000029dadac06f0 JavaThread "Common-Cleaner" daemon [_thread_blocked, id=14380, stack(0x000000fd5b300000,0x000000fd5b400000)]
  0x0000029dadad3aa0 JavaThread "C1 CompilerThread1" daemon [_thread_blocked, id=35308, stack(0x000000fd5b400000,0x000000fd5b500000)]
  0x0000029dadad4fe0 JavaThread "C1 CompilerThread2" daemon [_thread_blocked, id=43920, stack(0x000000fd5b500000,0x000000fd5b600000)]
  0x0000029dadad3550 JavaThread "C1 CompilerThread3" daemon [_thread_blocked, id=53188, stack(0x000000fd5b600000,0x000000fd5b700000)]
  0x0000029dadad2010 JavaThread "C2 CompilerThread1" daemon [_thread_blocked, id=19220, stack(0x000000fd5b700000,0x000000fd5b800000)]
  0x0000029dadd38f60 JavaThread "Monitor Ctrl-Break" daemon [_thread_in_native, id=53220, stack(0x000000fd5b800000,0x000000fd5b900000)]
  0x0000029dadd39440 JavaThread "Notification Thread" daemon [_thread_blocked, id=41748, stack(0x000000fd5b900000,0x000000fd5ba00000)]
  0x0000029dadad5530 JavaThread "C2 CompilerThread2" daemon [_thread_blocked, id=18668, stack(0x000000fd5bb00000,0x000000fd5bc00000)]
  0x0000029dadad3ff0 JavaThread "C2 CompilerThread3" daemon [_thread_blocked, id=18748, stack(0x000000fd5bc00000,0x000000fd5bd00000)]
  0x0000029dadad2560 JavaThread "C2 CompilerThread4" daemon [_thread_blocked, id=17128, stack(0x000000fd5bd00000,0x000000fd5be00000)]
  0x0000029dadad3000 JavaThread "C2 CompilerThread5" daemon [_thread_blocked, id=34928, stack(0x000000fd5be00000,0x000000fd5bf00000)]
  0x0000029df3d83260 JavaThread "Thread-1" daemon [_thread_blocked, id=49480, stack(0x000000fd5cc00000,0x000000fd5cd00000)]
  0x0000029df3df8200 JavaThread "C2 CompilerThread6" daemon [_thread_blocked, id=21076, stack(0x000000fd5bf00000,0x000000fd5c000000)]
  0x0000029df3df8750 JavaThread "C2 CompilerThread7" daemon [_thread_blocked, id=52960, stack(0x000000fd5d200000,0x000000fd5d300000)]

Other Threads:
=>0x0000029daaa12430 VMThread "VM Thread" [stack: 0x000000fd5a900000,0x000000fd5aa00000] [id=32972]
  0x0000029daa895120 WatcherThread [stack: 0x000000fd5ba00000,0x000000fd5bb00000] [id=5764]
  0x0000029d808e6830 GCTaskThread "GC Thread#0" [stack: 0x000000fd5a400000,0x000000fd5a500000] [id=18800]
  0x0000029df38fa960 GCTaskThread "GC Thread#1" [stack: 0x000000fd5c100000,0x000000fd5c200000] [id=13952]
  0x0000029df36e8030 GCTaskThread "GC Thread#2" [stack: 0x000000fd5c200000,0x000000fd5c300000] [id=53112]
  0x0000029df37973d0 GCTaskThread "GC Thread#3" [stack: 0x000000fd5c300000,0x000000fd5c400000] [id=17880]
  0x0000029df388fbf0 GCTaskThread "GC Thread#4" [stack: 0x000000fd5c400000,0x000000fd5c500000] [id=29884]
  0x0000029df3f29bc0 GCTaskThread "GC Thread#5" [stack: 0x000000fd5c500000,0x000000fd5c600000] [id=15188]
  0x0000029df3cb0250 GCTaskThread "GC Thread#6" [stack: 0x000000fd5c600000,0x000000fd5c700000] [id=33320]
  0x0000029df3dcc820 GCTaskThread "GC Thread#7" [stack: 0x000000fd5c700000,0x000000fd5c800000] [id=33812]
  0x0000029df3cb0510 GCTaskThread "GC Thread#8" [stack: 0x000000fd5c800000,0x000000fd5c900000] [id=42692]
  0x0000029df3cb07d0 GCTaskThread "GC Thread#9" [stack: 0x000000fd5c900000,0x000000fd5ca00000] [id=45176]
  0x0000029df3733d60 GCTaskThread "GC Thread#10" [stack: 0x000000fd5ca00000,0x000000fd5cb00000] [id=12728]
  0x0000029df3733aa0 GCTaskThread "GC Thread#11" [stack: 0x000000fd5cb00000,0x000000fd5cc00000] [id=5864]
  0x0000029df3734860 GCTaskThread "GC Thread#12" [stack: 0x000000fd5c000000,0x000000fd5c100000] [id=35184]
  0x0000029df37345a0 GCTaskThread "GC Thread#13" [stack: 0x000000fd5cd00000,0x000000fd5ce00000] [id=30652]
  0x0000029df37337e0 GCTaskThread "GC Thread#14" [stack: 0x000000fd5ce00000,0x000000fd5cf00000] [id=15352]
  0x0000029d808f7fa0 ConcurrentGCThread "G1 Main Marker" [stack: 0x000000fd5a500000,0x000000fd5a600000] [id=41476]
  0x0000029d808f88c0 ConcurrentGCThread "G1 Conc#0" [stack: 0x000000fd5a600000,0x000000fd5a700000] [id=34948]
  0x0000029df57ea8a0 ConcurrentGCThread "G1 Conc#1" [stack: 0x000000fd5cf00000,0x000000fd5d000000] [id=27784]
  0x0000029df57eb660 ConcurrentGCThread "G1 Conc#2" [stack: 0x000000fd5d000000,0x000000fd5d100000] [id=37192]
  0x0000029df57eab60 ConcurrentGCThread "G1 Conc#3" [stack: 0x000000fd5d100000,0x000000fd5d200000] [id=28092]
  0x0000029dfe4dea60 ConcurrentGCThread "G1 Refine#0" [stack: 0x000000fd5a700000,0x000000fd5a800000] [id=23204]
  0x0000029df87865d0 ConcurrentGCThread "G1 Refine#1" [stack: 0x000000fd5d300000,0x000000fd5d400000] [id=35824]
  0x0000029df8787d50 ConcurrentGCThread "G1 Refine#2" [stack: 0x000000fd5d400000,0x000000fd5d500000] [id=7520]
  0x0000029df8785d00 ConcurrentGCThread "G1 Refine#3" [stack: 0x000000fd5d500000,0x000000fd5d600000] [id=11728]
  0x0000029df8785430 ConcurrentGCThread "G1 Refine#4" [stack: 0x000000fd5d600000,0x000000fd5d700000] [id=2864]
  0x0000029df8785ff0 ConcurrentGCThread "G1 Refine#5" [stack: 0x000000fd5d700000,0x000000fd5d800000] [id=41044]
  0x0000029df8787190 ConcurrentGCThread "G1 Refine#6" [stack: 0x000000fd5d800000,0x000000fd5d900000] [id=20524]
  0x0000029daa950780 ConcurrentGCThread "G1 Service" [stack: 0x000000fd5a800000,0x000000fd5a900000] [id=37736]

Threads with active compile tasks:
C2 CompilerThread3     9977 12353   !   4       lombok.javac.JavacAST$ErrorLog::create (120 bytes)
C2 CompilerThread5     9977 12349       4       com.sun.tools.javac.comp.Annotate$AnnotationValueContext::compatible (26 bytes)
C2 CompilerThread6     9977 12355   !   4       lombok.javac.HandlerLibrary::handleAnnotation (238 bytes)
C2 CompilerThread7     9977 12351       4       lombok.core.TypeResolver::typeRefToFullyQualifiedName (487 bytes)

VM state: at safepoint (normal execution)

VM Mutex/Monitor currently owned by a thread:  ([mutex/lock_event])
[0x0000029d80834200] Threads_lock - owner thread: 0x0000029daaa12430
[0x0000029d808344d0] Heap_lock - owner thread: 0x0000029d80837510

Heap address: 0x0000000607800000, size: 8072 MB, Compressed Oops mode: Zero based, Oop shift amount: 3

CDS archive(s) mapped at: [0x0000029dae000000-0x0000029daebd0000-0x0000029daebd0000), size 12386304, SharedBaseAddress: 0x0000029dae000000, ArchiveRelocationMode: 1.
Compressed class space mapped at: 0x0000029daf000000-0x0000029def000000, reserved size: 1073741824
Narrow klass base: 0x0000029dae000000, Narrow klass shift: 0, Narrow klass range: 0x100000000

GC Precious Log:
 CPUs: 20 total, 20 available
 Memory: 32285M
 Large Page Support: Disabled
 NUMA Support: Disabled
 Compressed Oops: Enabled (Zero based)
 Heap Region Size: 4M
 Heap Min Capacity: 8M
 Heap Initial Capacity: 508M
 Heap Max Capacity: 8072M
 Pre-touch: Disabled
 Parallel Workers: 15
 Concurrent Workers: 4
 Concurrent Refinement Workers: 15
 Periodic GC: Disabled

Heap:
 garbage-first heap   total 548864K, used 123027K [0x0000000607800000, 0x0000000800000000)
  region size 4096K, 7 young (28672K), 7 survivors (28672K)
 Metaspace       used 36379K, committed 37376K, reserved 1114112K
  class space    used 3995K, committed 4352K, reserved 1048576K

Heap Regions: E=young(eden), S=young(survivor), O=old, HS=humongous(starts), HC=humongous(continues), CS=collection set, F=free, OA=open archive, CA=closed archive, TAMS=top-at-mark-start (previous, next)
|   0|0x0000000607800000, 0x0000000607ba0200, 0x0000000607c00000| 90%| O|  |TAMS 0x0000000607ba0200, 0x0000000607800000| Untracked 
|   1|0x0000000607c00000, 0x0000000608000000, 0x0000000608000000|100%| O|  |TAMS 0x0000000608000000, 0x0000000607c00000| Untracked 
|   2|0x0000000608000000, 0x00000006082d2400, 0x0000000608400000| 70%| O|  |TAMS 0x0000000608000000, 0x0000000608000000| Untracked 
|   3|0x0000000608400000, 0x0000000608400000, 0x0000000608800000|  0%| F|  |TAMS 0x0000000608400000, 0x0000000608400000| Untracked 
|   4|0x0000000608800000, 0x0000000608800000, 0x0000000608c00000|  0%| F|  |TAMS 0x0000000608800000, 0x0000000608800000| Untracked 
|   5|0x0000000608c00000, 0x0000000608c00000, 0x0000000609000000|  0%| F|  |TAMS 0x0000000608c00000, 0x0000000608c00000| Untracked 
|   6|0x0000000609000000, 0x0000000609000000, 0x0000000609400000|  0%| F|  |TAMS 0x0000000609000000, 0x0000000609000000| Untracked 
|   7|0x0000000609400000, 0x0000000609400000, 0x0000000609800000|  0%| F|  |TAMS 0x0000000609400000, 0x0000000609400000| Untracked 
|   8|0x0000000609800000, 0x0000000609c00000, 0x0000000609c00000|100%| O|  |TAMS 0x0000000609c00000, 0x0000000609800000| Untracked 
|   9|0x0000000609c00000, 0x000000060a000000, 0x000000060a000000|100%| O|  |TAMS 0x000000060a000000, 0x0000000609c00000| Untracked 
|  10|0x000000060a000000, 0x000000060a400000, 0x000000060a400000|100%| O|  |TAMS 0x000000060a400000, 0x000000060a000000| Untracked 
|  11|0x000000060a400000, 0x000000060a800000, 0x000000060a800000|100%| O|  |TAMS 0x000000060a800000, 0x000000060a400000| Untracked 
|  12|0x000000060a800000, 0x000000060ac00000, 0x000000060ac00000|100%| O|  |TAMS 0x000000060ac00000, 0x000000060a800000| Untracked 
|  13|0x000000060ac00000, 0x000000060ac00000, 0x000000060b000000|  0%| F|  |TAMS 0x000000060ac00000, 0x000000060ac00000| Untracked 
|  14|0x000000060b000000, 0x000000060b000000, 0x000000060b400000|  0%| F|  |TAMS 0x000000060b000000, 0x000000060b000000| Untracked 
|  15|0x000000060b400000, 0x000000060b400000, 0x000000060b800000|  0%| F|  |TAMS 0x000000060b400000, 0x000000060b400000| Untracked 
|  16|0x000000060b800000, 0x000000060b800000, 0x000000060bc00000|  0%| F|  |TAMS 0x000000060b800000, 0x000000060b800000| Untracked 
|  17|0x000000060bc00000, 0x000000060c000000, 0x000000060c000000|100%|HS|  |TAMS 0x000000060c000000, 0x000000060bc00000| Complete 
|  18|0x000000060c000000, 0x000000060c400000, 0x000000060c400000|100%|HS|  |TAMS 0x000000060c400000, 0x000000060c000000| Complete 
|  19|0x000000060c400000, 0x000000060c800000, 0x000000060c800000|100%| O|  |TAMS 0x000000060c800000, 0x000000060c400000| Untracked 
|  20|0x000000060c800000, 0x000000060cc00000, 0x000000060cc00000|100%| O|  |TAMS 0x000000060cc00000, 0x000000060c800000| Untracked 
|  21|0x000000060cc00000, 0x000000060d000000, 0x000000060d000000|100%| O|  |TAMS 0x000000060d000000, 0x000000060cc00000| Untracked 
|  22|0x000000060d000000, 0x000000060d400000, 0x000000060d400000|100%| O|  |TAMS 0x000000060d400000, 0x000000060d000000| Untracked 
|  23|0x000000060d400000, 0x000000060d800000, 0x000000060d800000|100%| O|  |TAMS 0x000000060d800000, 0x000000060d400000| Untracked 
|  24|0x000000060d800000, 0x000000060dc00000, 0x000000060dc00000|100%| O|  |TAMS 0x000000060dc00000, 0x000000060d800000| Untracked 
|  25|0x000000060dc00000, 0x000000060dc00000, 0x000000060e000000|  0%| F|  |TAMS 0x000000060dc00000, 0x000000060dc00000| Untracked 
|  26|0x000000060e000000, 0x000000060e400000, 0x000000060e400000|100%| O|  |TAMS 0x000000060e400000, 0x000000060e000000| Untracked 
|  27|0x000000060e400000, 0x000000060e800000, 0x000000060e800000|100%| O|  |TAMS 0x000000060e800000, 0x000000060e400000| Untracked 
|  28|0x000000060e800000, 0x000000060ec00000, 0x000000060ec00000|100%| O|  |TAMS 0x000000060ec00000, 0x000000060e800000| Untracked 
|  29|0x000000060ec00000, 0x000000060f000000, 0x000000060f000000|100%| O|  |TAMS 0x000000060f000000, 0x000000060ec00000| Untracked 
|  30|0x000000060f000000, 0x000000060f400000, 0x000000060f400000|100%| O|  |TAMS 0x000000060f400000, 0x000000060f000000| Untracked 
|  31|0x000000060f400000, 0x000000060f800000, 0x000000060f800000|100%| O|  |TAMS 0x000000060f6bc200, 0x000000060f400000| Untracked 
|  32|0x000000060f800000, 0x000000060fc00000, 0x000000060fc00000|100%| O|  |TAMS 0x000000060f800000, 0x000000060f800000| Untracked 
|  33|0x000000060fc00000, 0x000000060fc00000, 0x0000000610000000|  0%| F|  |TAMS 0x000000060fc00000, 0x000000060fc00000| Untracked 
|  34|0x0000000610000000, 0x0000000610000000, 0x0000000610400000|  0%| F|  |TAMS 0x0000000610000000, 0x0000000610000000| Untracked 
|  35|0x0000000610400000, 0x0000000610400000, 0x0000000610800000|  0%| F|  |TAMS 0x0000000610400000, 0x0000000610400000| Untracked 
|  36|0x0000000610800000, 0x0000000610800000, 0x0000000610c00000|  0%| F|  |TAMS 0x0000000610800000, 0x0000000610800000| Untracked 
|  37|0x0000000610c00000, 0x0000000610c00000, 0x0000000611000000|  0%| F|  |TAMS 0x0000000610c00000, 0x0000000610c00000| Untracked 
|  38|0x0000000611000000, 0x0000000611000000, 0x0000000611400000|  0%| F|  |TAMS 0x0000000611000000, 0x0000000611000000| Untracked 
|  39|0x0000000611400000, 0x0000000611400000, 0x0000000611800000|  0%| F|  |TAMS 0x0000000611400000, 0x0000000611400000| Untracked 
|  40|0x0000000611800000, 0x0000000611800000, 0x0000000611c00000|  0%| F|  |TAMS 0x0000000611800000, 0x0000000611800000| Untracked 
|  41|0x0000000611c00000, 0x0000000611c00000, 0x0000000612000000|  0%| F|  |TAMS 0x0000000611c00000, 0x0000000611c00000| Untracked 
|  42|0x0000000612000000, 0x0000000612000000, 0x0000000612400000|  0%| F|  |TAMS 0x0000000612000000, 0x0000000612000000| Untracked 
|  43|0x0000000612400000, 0x0000000612400000, 0x0000000612800000|  0%| F|  |TAMS 0x0000000612400000, 0x0000000612400000| Untracked 
|  44|0x0000000612800000, 0x0000000612800000, 0x0000000612c00000|  0%| F|  |TAMS 0x0000000612800000, 0x0000000612800000| Untracked 
|  45|0x0000000612c00000, 0x0000000612c00000, 0x0000000613000000|  0%| F|  |TAMS 0x0000000612c00000, 0x0000000612c00000| Untracked 
|  46|0x0000000613000000, 0x00000006131b2790, 0x0000000613400000| 42%| S|CS|TAMS 0x0000000613000000, 0x0000000613000000| Complete 
|  47|0x0000000613400000, 0x0000000613400000, 0x0000000613800000|  0%| F|  |TAMS 0x0000000613400000, 0x0000000613400000| Untracked 
|  48|0x0000000613800000, 0x0000000613800000, 0x0000000613c00000|  0%| F|  |TAMS 0x0000000613800000, 0x0000000613800000| Untracked 
|  49|0x0000000613c00000, 0x0000000613c00000, 0x0000000614000000|  0%| F|  |TAMS 0x0000000613c00000, 0x0000000613c00000| Untracked 
|  50|0x0000000614000000, 0x0000000614000000, 0x0000000614400000|  0%| F|  |TAMS 0x0000000614000000, 0x0000000614000000| Untracked 
|  51|0x0000000614400000, 0x0000000614400000, 0x0000000614800000|  0%| F|  |TAMS 0x0000000614400000, 0x0000000614400000| Untracked 
|  52|0x0000000614800000, 0x0000000614c00000, 0x0000000614c00000|100%| S|CS|TAMS 0x0000000614800000, 0x0000000614800000| Complete 
|  53|0x0000000614c00000, 0x0000000615000000, 0x0000000615000000|100%| S|CS|TAMS 0x0000000614c00000, 0x0000000614c00000| Complete 
|  54|0x0000000615000000, 0x0000000615400000, 0x0000000615400000|100%| S|CS|TAMS 0x0000000615000000, 0x0000000615000000| Complete 
|  55|0x0000000615400000, 0x0000000615800000, 0x0000000615800000|100%| S|CS|TAMS 0x0000000615400000, 0x0000000615400000| Complete 
|  56|0x0000000615800000, 0x0000000615800000, 0x0000000615c00000|  0%| F|  |TAMS 0x0000000615800000, 0x0000000615800000| Untracked 
|  57|0x0000000615c00000, 0x0000000616000000, 0x0000000616000000|100%| S|CS|TAMS 0x0000000615c00000, 0x0000000615c00000| Complete 
|  58|0x0000000616000000, 0x0000000616400000, 0x0000000616400000|100%| S|CS|TAMS 0x0000000616000000, 0x0000000616000000| Complete 
|  59|0x0000000616400000, 0x0000000616400000, 0x0000000616800000|  0%| F|  |TAMS 0x0000000616400000, 0x0000000616400000| Untracked 
|  60|0x0000000616800000, 0x0000000616800000, 0x0000000616c00000|  0%| F|  |TAMS 0x0000000616800000, 0x0000000616800000| Untracked 
|  61|0x0000000616c00000, 0x0000000616c00000, 0x0000000617000000|  0%| F|  |TAMS 0x0000000616c00000, 0x0000000616c00000| Untracked 
|  62|0x0000000617000000, 0x0000000617000000, 0x0000000617400000|  0%| F|  |TAMS 0x0000000617000000, 0x0000000617000000| Untracked 
|  63|0x0000000617400000, 0x0000000617400000, 0x0000000617800000|  0%| F|  |TAMS 0x0000000617400000, 0x0000000617400000| Untracked 
|  64|0x0000000617800000, 0x0000000617800000, 0x0000000617c00000|  0%| F|  |TAMS 0x0000000617800000, 0x0000000617800000| Untracked 
|  65|0x0000000617c00000, 0x0000000617c00000, 0x0000000618000000|  0%| F|  |TAMS 0x0000000617c00000, 0x0000000617c00000| Untracked 
|  66|0x0000000618000000, 0x0000000618000000, 0x0000000618400000|  0%| F|  |TAMS 0x0000000618000000, 0x0000000618000000| Untracked 
|  67|0x0000000618400000, 0x0000000618400000, 0x0000000618800000|  0%| F|  |TAMS 0x0000000618400000, 0x0000000618400000| Untracked 
|  68|0x0000000618800000, 0x0000000618800000, 0x0000000618c00000|  0%| F|  |TAMS 0x0000000618800000, 0x0000000618800000| Untracked 
|  69|0x0000000618c00000, 0x0000000618c00000, 0x0000000619000000|  0%| F|  |TAMS 0x0000000618c00000, 0x0000000618c00000| Untracked 
|  70|0x0000000619000000, 0x0000000619000000, 0x0000000619400000|  0%| F|  |TAMS 0x0000000619000000, 0x0000000619000000| Untracked 
|  71|0x0000000619400000, 0x0000000619400000, 0x0000000619800000|  0%| F|  |TAMS 0x0000000619400000, 0x0000000619400000| Untracked 
|  72|0x0000000619800000, 0x0000000619800000, 0x0000000619c00000|  0%| F|  |TAMS 0x0000000619800000, 0x0000000619800000| Untracked 
|  73|0x0000000619c00000, 0x0000000619c00000, 0x000000061a000000|  0%| F|  |TAMS 0x0000000619c00000, 0x0000000619c00000| Untracked 
|  74|0x000000061a000000, 0x000000061a000000, 0x000000061a400000|  0%| F|  |TAMS 0x000000061a000000, 0x000000061a000000| Untracked 
|  75|0x000000061a400000, 0x000000061a400000, 0x000000061a800000|  0%| F|  |TAMS 0x000000061a400000, 0x000000061a400000| Untracked 
|  76|0x000000061a800000, 0x000000061a800000, 0x000000061ac00000|  0%| F|  |TAMS 0x000000061a800000, 0x000000061a800000| Untracked 
|  77|0x000000061ac00000, 0x000000061ac00000, 0x000000061b000000|  0%| F|  |TAMS 0x000000061ac00000, 0x000000061ac00000| Untracked 
|  78|0x000000061b000000, 0x000000061b000000, 0x000000061b400000|  0%| F|  |TAMS 0x000000061b000000, 0x000000061b000000| Untracked 
|  79|0x000000061b400000, 0x000000061b400000, 0x000000061b800000|  0%| F|  |TAMS 0x000000061b400000, 0x000000061b400000| Untracked 
|  80|0x000000061b800000, 0x000000061b800000, 0x000000061bc00000|  0%| F|  |TAMS 0x000000061b800000, 0x000000061b800000| Untracked 
|  81|0x000000061bc00000, 0x000000061bc00000, 0x000000061c000000|  0%| F|  |TAMS 0x000000061bc00000, 0x000000061bc00000| Untracked 
|  82|0x000000061c000000, 0x000000061c000000, 0x000000061c400000|  0%| F|  |TAMS 0x000000061c000000, 0x000000061c000000| Untracked 
|  83|0x000000061c400000, 0x000000061c400000, 0x000000061c800000|  0%| F|  |TAMS 0x000000061c400000, 0x000000061c400000| Untracked 
|  84|0x000000061c800000, 0x000000061c800000, 0x000000061cc00000|  0%| F|  |TAMS 0x000000061c800000, 0x000000061c800000| Untracked 
|  85|0x000000061cc00000, 0x000000061cc00000, 0x000000061d000000|  0%| F|  |TAMS 0x000000061cc00000, 0x000000061cc00000| Untracked 
|  86|0x000000061d000000, 0x000000061d000000, 0x000000061d400000|  0%| F|  |TAMS 0x000000061d000000, 0x000000061d000000| Untracked 
|  87|0x000000061d400000, 0x000000061d400000, 0x000000061d800000|  0%| F|  |TAMS 0x000000061d400000, 0x000000061d400000| Untracked 
|  88|0x000000061d800000, 0x000000061d800000, 0x000000061dc00000|  0%| F|  |TAMS 0x000000061d800000, 0x000000061d800000| Untracked 
|  89|0x000000061dc00000, 0x000000061dc00000, 0x000000061e000000|  0%| F|  |TAMS 0x000000061dc00000, 0x000000061dc00000| Untracked 
|  90|0x000000061e000000, 0x000000061e000000, 0x000000061e400000|  0%| F|  |TAMS 0x000000061e000000, 0x000000061e000000| Untracked 
|  91|0x000000061e400000, 0x000000061e400000, 0x000000061e800000|  0%| F|  |TAMS 0x000000061e400000, 0x000000061e400000| Untracked 
|  92|0x000000061e800000, 0x000000061e800000, 0x000000061ec00000|  0%| F|  |TAMS 0x000000061e800000, 0x000000061e800000| Untracked 
|  93|0x000000061ec00000, 0x000000061ec00000, 0x000000061f000000|  0%| F|  |TAMS 0x000000061ec00000, 0x000000061ec00000| Untracked 
|  94|0x000000061f000000, 0x000000061f000000, 0x000000061f400000|  0%| F|  |TAMS 0x000000061f000000, 0x000000061f000000| Untracked 
|  95|0x000000061f400000, 0x000000061f400000, 0x000000061f800000|  0%| F|  |TAMS 0x000000061f400000, 0x000000061f400000| Untracked 
|  96|0x000000061f800000, 0x000000061f800000, 0x000000061fc00000|  0%| F|  |TAMS 0x000000061f800000, 0x000000061f800000| Untracked 
|  97|0x000000061fc00000, 0x000000061fc00000, 0x0000000620000000|  0%| F|  |TAMS 0x000000061fc00000, 0x000000061fc00000| Untracked 
|  98|0x0000000620000000, 0x0000000620000000, 0x0000000620400000|  0%| F|  |TAMS 0x0000000620000000, 0x0000000620000000| Untracked 
|  99|0x0000000620400000, 0x0000000620400000, 0x0000000620800000|  0%| F|  |TAMS 0x0000000620400000, 0x0000000620400000| Untracked 
| 100|0x0000000620800000, 0x0000000620800000, 0x0000000620c00000|  0%| F|  |TAMS 0x0000000620800000, 0x0000000620800000| Untracked 
| 101|0x0000000620c00000, 0x0000000620c00000, 0x0000000621000000|  0%| F|  |TAMS 0x0000000620c00000, 0x0000000620c00000| Untracked 
| 102|0x0000000621000000, 0x0000000621000000, 0x0000000621400000|  0%| F|  |TAMS 0x0000000621000000, 0x0000000621000000| Untracked 
| 103|0x0000000621400000, 0x0000000621400000, 0x0000000621800000|  0%| F|  |TAMS 0x0000000621400000, 0x0000000621400000| Untracked 
| 104|0x0000000621800000, 0x0000000621800000, 0x0000000621c00000|  0%| F|  |TAMS 0x0000000621800000, 0x0000000621800000| Untracked 
| 105|0x0000000621c00000, 0x0000000621c00000, 0x0000000622000000|  0%| F|  |TAMS 0x0000000621c00000, 0x0000000621c00000| Untracked 
| 106|0x0000000622000000, 0x0000000622000000, 0x0000000622400000|  0%| F|  |TAMS 0x0000000622000000, 0x0000000622000000| Untracked 
| 107|0x0000000622400000, 0x0000000622400000, 0x0000000622800000|  0%| F|  |TAMS 0x0000000622400000, 0x0000000622400000| Untracked 
| 108|0x0000000622800000, 0x0000000622800000, 0x0000000622c00000|  0%| F|  |TAMS 0x0000000622800000, 0x0000000622800000| Untracked 
| 109|0x0000000622c00000, 0x0000000622c00000, 0x0000000623000000|  0%| F|  |TAMS 0x0000000622c00000, 0x0000000622c00000| Untracked 
| 110|0x0000000623000000, 0x0000000623000000, 0x0000000623400000|  0%| F|  |TAMS 0x0000000623000000, 0x0000000623000000| Untracked 
| 111|0x0000000623400000, 0x0000000623400000, 0x0000000623800000|  0%| F|  |TAMS 0x0000000623400000, 0x0000000623400000| Untracked 
| 112|0x0000000623800000, 0x0000000623800000, 0x0000000623c00000|  0%| F|  |TAMS 0x0000000623800000, 0x0000000623800000| Untracked 
| 113|0x0000000623c00000, 0x0000000623c00000, 0x0000000624000000|  0%| F|  |TAMS 0x0000000623c00000, 0x0000000623c00000| Untracked 
| 114|0x0000000624000000, 0x0000000624000000, 0x0000000624400000|  0%| F|  |TAMS 0x0000000624000000, 0x0000000624000000| Untracked 
| 115|0x0000000624400000, 0x0000000624400000, 0x0000000624800000|  0%| F|  |TAMS 0x0000000624400000, 0x0000000624400000| Untracked 
| 116|0x0000000624800000, 0x0000000624800000, 0x0000000624c00000|  0%| F|  |TAMS 0x0000000624800000, 0x0000000624800000| Untracked 
| 117|0x0000000624c00000, 0x0000000624c00000, 0x0000000625000000|  0%| F|  |TAMS 0x0000000624c00000, 0x0000000624c00000| Untracked 
| 118|0x0000000625000000, 0x0000000625000000, 0x0000000625400000|  0%| F|  |TAMS 0x0000000625000000, 0x0000000625000000| Untracked 
| 119|0x0000000625400000, 0x0000000625400000, 0x0000000625800000|  0%| F|  |TAMS 0x0000000625400000, 0x0000000625400000| Untracked 
| 120|0x0000000625800000, 0x0000000625800000, 0x0000000625c00000|  0%| F|  |TAMS 0x0000000625800000, 0x0000000625800000| Untracked 
| 121|0x0000000625c00000, 0x0000000625c00000, 0x0000000626000000|  0%| F|  |TAMS 0x0000000625c00000, 0x0000000625c00000| Untracked 
| 122|0x0000000626000000, 0x0000000626000000, 0x0000000626400000|  0%| F|  |TAMS 0x0000000626000000, 0x0000000626000000| Untracked 
| 123|0x0000000626400000, 0x0000000626400000, 0x0000000626800000|  0%| F|  |TAMS 0x0000000626400000, 0x0000000626400000| Untracked 
| 124|0x0000000626800000, 0x0000000626800000, 0x0000000626c00000|  0%| F|  |TAMS 0x0000000626800000, 0x0000000626800000| Untracked 
| 125|0x0000000626c00000, 0x0000000626c00000, 0x0000000627000000|  0%| F|  |TAMS 0x0000000626c00000, 0x0000000626c00000| Untracked 
| 126|0x0000000627000000, 0x0000000627000000, 0x0000000627400000|  0%| F|  |TAMS 0x0000000627000000, 0x0000000627000000| Untracked 
| 127|0x0000000627400000, 0x0000000627400000, 0x0000000627800000|  0%| F|  |TAMS 0x0000000627400000, 0x0000000627400000| Untracked 
| 128|0x0000000627800000, 0x0000000627800000, 0x0000000627c00000|  0%| F|  |TAMS 0x0000000627800000, 0x0000000627800000| Untracked 
| 129|0x0000000627c00000, 0x0000000627c00000, 0x0000000628000000|  0%| F|  |TAMS 0x0000000627c00000, 0x0000000627c00000| Untracked 
| 130|0x0000000628000000, 0x0000000628000000, 0x0000000628400000|  0%| F|  |TAMS 0x0000000628000000, 0x0000000628000000| Untracked 
| 131|0x0000000628400000, 0x0000000628400000, 0x0000000628800000|  0%| F|  |TAMS 0x0000000628400000, 0x0000000628400000| Untracked 
| 132|0x0000000628800000, 0x0000000628800000, 0x0000000628c00000|  0%| F|  |TAMS 0x0000000628800000, 0x0000000628800000| Untracked 
|2017|0x00000007ffc00000, 0x0000000800000000, 0x0000000800000000|100%| O|  |TAMS 0x0000000800000000, 0x00000007ffc00000| Untracked 

Card table byte_map: [0x0000029d98b60000,0x0000029d99b30000] _byte_map_base: 0x0000029d95b24000

Marking Bits (Prev, Next): (CMBitMap*) 0x0000029d808e6d60, (CMBitMap*) 0x0000029d808e6da0
 Prev Bits: [0x0000029d9ab00000, 0x0000029da2920000)
 Next Bits: [0x0000029da2920000, 0x0000029daa740000)

Polling page: 0x0000029d80000000

Metaspace:

Usage:
  Non-class:     31.62 MB used.
      Class:      3.90 MB used.
       Both:     35.53 MB used.

Virtual space:
  Non-class space:       64.00 MB reserved,      32.25 MB ( 50%) committed,  1 nodes.
      Class space:        1.00 GB reserved,       4.25 MB ( <1%) committed,  1 nodes.
             Both:        1.06 GB reserved,      36.50 MB (  3%) committed. 

Chunk freelists:
   Non-Class:  15.44 MB
       Class:  11.91 MB
        Both:  27.35 MB

MaxMetaspaceSize: unlimited
CompressedClassSpaceSize: 1.00 GB
Initial GC threshold: 21.00 MB
Current GC threshold: 60.88 MB
CDS: on
MetaspaceReclaimPolicy: balanced
 - commit_granule_bytes: 65536.
 - commit_granule_words: 8192.
 - virtual_space_node_default_size: 8388608.
 - enlarge_chunks_in_place: 1.
 - new_chunks_are_fully_committed: 0.
 - uncommit_free_chunks: 1.
 - use_allocation_guard: 0.
 - handle_deallocations: 1.


Internal statistics:

num_allocs_failed_limit: 3.
num_arena_births: 322.
num_arena_deaths: 8.
num_vsnodes_births: 2.
num_vsnodes_deaths: 0.
num_space_committed: 603.
num_space_uncommitted: 19.
num_chunks_returned_to_freelist: 118.
num_chunks_taken_from_freelist: 1821.
num_chunk_merges: 26.
num_chunk_splits: 1221.
num_chunks_enlarged: 908.
num_inconsistent_stats: 0.

CodeHeap 'non-profiled nmethods': size=119168Kb used=9133Kb max_used=9133Kb free=110034Kb
 bounds [0x0000029d8fc90000, 0x0000029d90580000, 0x0000029d970f0000]
CodeHeap 'profiled nmethods': size=119104Kb used=22814Kb max_used=23930Kb free=96289Kb
 bounds [0x0000029d880f0000, 0x0000029d89860000, 0x0000029d8f540000]
CodeHeap 'non-nmethods': size=7488Kb used=2930Kb max_used=3050Kb free=4557Kb
 bounds [0x0000029d8f540000, 0x0000029d8f850000, 0x0000029d8fc90000]
 total_blobs=10359 nmethods=9805 adapters=463
 compilation: enabled
              stopped_count=0, restarted_count=0
 full_count=0

Compilation events (20 events):
Event: 8.462 Thread 0x0000029dadad3000 nmethod 12296 0x0000029d9056c190 code [0x0000029d9056c840, 0x0000029d90573068]
Event: 8.463 Thread 0x0000029dadad2010 12345       4       lombok.javac.JavacTreeMaker::Modifiers (22 bytes)
Event: 8.465 Thread 0x0000029df3df8750 12346       4       com.sun.tools.javac.code.Symbol::resetAnnotations (9 bytes)
Event: 8.465 Thread 0x0000029df3df8200 12347       4       com.sun.tools.javac.code.SymbolMetadata::reset (9 bytes)
Event: 8.465 Thread 0x0000029dadad5530 12348       4       com.sun.tools.javac.code.Symbol::setDeclarationAttributes (23 bytes)
Event: 8.466 Thread 0x0000029df3df8200 nmethod 12347 0x0000029d90577490 code [0x0000029d90577600, 0x0000029d90577738]
Event: 8.467 Thread 0x0000029df3df8750 nmethod 12346 0x0000029d90577790 code [0x0000029d90577920, 0x0000029d90577c18]
Event: 8.467 Thread 0x0000029dadad2010 nmethod 12345 0x0000029d90577d10 code [0x0000029d90577ec0, 0x0000029d905781c8]
Event: 8.468 Thread 0x0000029dadad2560 nmethod 12344 0x0000029d90578390 code [0x0000029d90578540, 0x0000029d90578c58]
Event: 8.468 Thread 0x0000029dadad5530 nmethod 12348 0x0000029d90578e90 code [0x0000029d90579040, 0x0000029d90579398]
Event: 8.470 Thread 0x0000029dadad3000 12349       4       com.sun.tools.javac.comp.Annotate$AnnotationValueContext::compatible (26 bytes)
Event: 8.473 Thread 0x0000029dadad2010 12350       4       lombok.core.handlers.InclusionExclusionUtils::compareRankOrPosition (46 bytes)
Event: 8.473 Thread 0x0000029dadad2010 nmethod 12350 0x0000029d90579510 code [0x0000029d905796a0, 0x0000029d905797d8]
Event: 8.483 Thread 0x0000029df3df8750 12351       4       lombok.core.TypeResolver::typeRefToFullyQualifiedName (487 bytes)
Event: 8.483 Thread 0x0000029dadad2010 12352       4       lombok.core.TypeLibrary::toQualifieds (81 bytes)
Event: 8.486 Thread 0x0000029dadad3ff0 12353   !   4       lombok.javac.JavacAST$ErrorLog::create (120 bytes)
Event: 8.486 Thread 0x0000029dadad5530 12354       4       java.net.URI$Parser::scan (53 bytes)
Event: 8.489 Thread 0x0000029dadad5530 nmethod 12354 0x0000029d90579990 code [0x0000029d90579b40, 0x0000029d9057a058]
Event: 8.492 Thread 0x0000029df3df8200 12355   !   4       lombok.javac.HandlerLibrary::handleAnnotation (238 bytes)
Event: 8.495 Thread 0x0000029dadad2010 nmethod 12352 0x0000029d9057a410 code [0x0000029d9057a5e0, 0x0000029d9057b0d8]

GC Heap History (20 events):
Event: 6.670 GC heap after
{Heap after GC invocations=15 (full 0):
 garbage-first heap   total 274432K, used 113032K [0x0000000607800000, 0x0000000800000000)
  region size 4096K, 4 young (16384K), 4 survivors (16384K)
 Metaspace       used 36314K, committed 36800K, reserved 1114112K
  class space    used 4019K, committed 4224K, reserved 1048576K
}
Event: 6.995 GC heap before
{Heap before GC invocations=15 (full 0):
 garbage-first heap   total 274432K, used 190856K [0x0000000607800000, 0x0000000800000000)
  region size 4096K, 23 young (94208K), 4 survivors (16384K)
 Metaspace       used 36380K, committed 36864K, reserved 1114112K
  class space    used 4020K, committed 4224K, reserved 1048576K
}
Event: 7.006 GC heap after
{Heap after GC invocations=16 (full 0):
 garbage-first heap   total 274432K, used 131482K [0x0000000607800000, 0x0000000800000000)
  region size 4096K, 3 young (12288K), 3 survivors (12288K)
 Metaspace       used 36380K, committed 36864K, reserved 1114112K
  class space    used 4020K, committed 4224K, reserved 1048576K
}
Event: 7.428 GC heap before
{Heap before GC invocations=16 (full 0):
 garbage-first heap   total 274432K, used 192922K [0x0000000607800000, 0x0000000800000000)
  region size 4096K, 19 young (77824K), 3 survivors (12288K)
 Metaspace       used 37853K, committed 38272K, reserved 1114112K
  class space    used 4181K, committed 4352K, reserved 1048576K
}
Event: 7.433 GC heap after
{Heap after GC invocations=17 (full 0):
 garbage-first heap   total 274432K, used 135307K [0x0000000607800000, 0x0000000800000000)
  region size 4096K, 1 young (4096K), 1 survivors (4096K)
 Metaspace       used 37853K, committed 38272K, reserved 1114112K
  class space    used 4181K, committed 4352K, reserved 1048576K
}
Event: 7.612 GC heap before
{Heap before GC invocations=17 (full 0):
 garbage-first heap   total 274432K, used 200843K [0x0000000607800000, 0x0000000800000000)
  region size 4096K, 17 young (69632K), 1 survivors (4096K)
 Metaspace       used 38132K, committed 38592K, reserved 1114112K
  class space    used 4220K, committed 4416K, reserved 1048576K
}
Event: 7.614 GC heap after
{Heap after GC invocations=18 (full 0):
 garbage-first heap   total 274432K, used 134898K [0x0000000607800000, 0x0000000800000000)
  region size 4096K, 1 young (4096K), 1 survivors (4096K)
 Metaspace       used 38132K, committed 38592K, reserved 1114112K
  class space    used 4220K, committed 4416K, reserved 1048576K
}
Event: 7.723 GC heap before
{Heap before GC invocations=19 (full 0):
 garbage-first heap   total 274432K, used 208626K [0x0000000607800000, 0x0000000800000000)
  region size 4096K, 19 young (77824K), 1 survivors (4096K)
 Metaspace       used 36204K, committed 37376K, reserved 1114112K
  class space    used 3987K, committed 4352K, reserved 1048576K
}
Event: 7.725 GC heap after
{Heap after GC invocations=20 (full 0):
 garbage-first heap   total 274432K, used 136571K [0x0000000607800000, 0x0000000800000000)
  region size 4096K, 1 young (4096K), 1 survivors (4096K)
 Metaspace       used 36204K, committed 37376K, reserved 1114112K
  class space    used 3987K, committed 4352K, reserved 1048576K
}
Event: 7.733 GC heap before
{Heap before GC invocations=20 (full 0):
 garbage-first heap   total 274432K, used 144763K [0x0000000607800000, 0x0000000800000000)
  region size 4096K, 3 young (12288K), 1 survivors (4096K)
 Metaspace       used 36209K, committed 37376K, reserved 1114112K
  class space    used 3987K, committed 4352K, reserved 1048576K
}
Event: 7.736 GC heap after
{Heap after GC invocations=21 (full 0):
 garbage-first heap   total 274432K, used 105973K [0x0000000607800000, 0x0000000800000000)
  region size 4096K, 1 young (4096K), 1 survivors (4096K)
 Metaspace       used 36209K, committed 37376K, reserved 1114112K
  class space    used 3987K, committed 4352K, reserved 1048576K
}
Event: 7.743 GC heap before
{Heap before GC invocations=21 (full 0):
 garbage-first heap   total 274432K, used 114165K [0x0000000607800000, 0x0000000800000000)
  region size 4096K, 3 young (12288K), 1 survivors (4096K)
 Metaspace       used 36217K, committed 37376K, reserved 1114112K
  class space    used 3987K, committed 4352K, reserved 1048576K
}
Event: 7.747 GC heap after
{Heap after GC invocations=22 (full 0):
 garbage-first heap   total 548864K, used 97403K [0x0000000607800000, 0x0000000800000000)
  region size 4096K, 1 young (4096K), 1 survivors (4096K)
 Metaspace       used 36217K, committed 37376K, reserved 1114112K
  class space    used 3987K, committed 4352K, reserved 1048576K
}
Event: 8.020 GC heap before
{Heap before GC invocations=22 (full 0):
 garbage-first heap   total 548864K, used 380027K [0x0000000607800000, 0x0000000800000000)
  region size 4096K, 70 young (286720K), 1 survivors (4096K)
 Metaspace       used 36326K, committed 37376K, reserved 1114112K
  class space    used 3993K, committed 4352K, reserved 1048576K
}
Event: 8.023 GC heap after
{Heap after GC invocations=23 (full 0):
 garbage-first heap   total 548864K, used 103493K [0x0000000607800000, 0x0000000800000000)
  region size 4096K, 3 young (12288K), 3 survivors (12288K)
 Metaspace       used 36326K, committed 37376K, reserved 1114112K
  class space    used 3993K, committed 4352K, reserved 1048576K
}
Event: 8.180 GC heap before
{Heap before GC invocations=23 (full 0):
 garbage-first heap   total 548864K, used 406597K [0x0000000607800000, 0x0000000800000000)
  region size 4096K, 77 young (315392K), 3 survivors (12288K)
 Metaspace       used 36335K, committed 37376K, reserved 1114112K
  class space    used 3993K, committed 4352K, reserved 1048576K
}
Event: 8.184 GC heap after
{Heap after GC invocations=24 (full 0):
 garbage-first heap   total 548864K, used 109652K [0x0000000607800000, 0x0000000800000000)
  region size 4096K, 4 young (16384K), 4 survivors (16384K)
 Metaspace       used 36335K, committed 37376K, reserved 1114112K
  class space    used 3993K, committed 4352K, reserved 1048576K
}
Event: 8.352 GC heap before
{Heap before GC invocations=24 (full 0):
 garbage-first heap   total 548864K, used 420948K [0x0000000607800000, 0x0000000800000000)
  region size 4096K, 80 young (327680K), 4 survivors (16384K)
 Metaspace       used 36356K, committed 37376K, reserved 1114112K
  class space    used 3995K, committed 4352K, reserved 1048576K
}
Event: 8.357 GC heap after
{Heap after GC invocations=25 (full 0):
 garbage-first heap   total 548864K, used 116807K [0x0000000607800000, 0x0000000800000000)
  region size 4096K, 6 young (24576K), 6 survivors (24576K)
 Metaspace       used 36356K, committed 37376K, reserved 1114112K
  class space    used 3995K, committed 4352K, reserved 1048576K
}
Event: 8.502 GC heap before
{Heap before GC invocations=25 (full 0):
 garbage-first heap   total 548864K, used 419911K [0x0000000607800000, 0x0000000800000000)
  region size 4096K, 80 young (327680K), 6 survivors (24576K)
 Metaspace       used 36379K, committed 37376K, reserved 1114112K
  class space    used 3995K, committed 4352K, reserved 1048576K
}

Deoptimization events (20 events):
Event: 7.978 Thread 0x0000029d80837510 Uncommon trap: trap_request=0xffffffde fr.pc=0x0000029d8fe9b16c relative=0x0000000000000e4c
Event: 7.978 Thread 0x0000029d80837510 Uncommon trap: reason=class_check action=maybe_recompile pc=0x0000029d8fe9b16c method=java.util.concurrent.ConcurrentHashMap.putVal(Ljava/lang/Object;Ljava/lang/Object;Z)Ljava/lang/Object; @ 159 c2
Event: 7.978 Thread 0x0000029d80837510 DEOPT PACKING pc=0x0000029d8fe9b16c sp=0x000000fd5a3fc6b0
Event: 7.978 Thread 0x0000029d80837510 DEOPT UNPACKING pc=0x0000029d8f5923a3 sp=0x000000fd5a3fc630 mode 2
Event: 7.978 Thread 0x0000029d80837510 Uncommon trap: trap_request=0xffffffde fr.pc=0x0000029d8fe9b16c relative=0x0000000000000e4c
Event: 7.978 Thread 0x0000029d80837510 Uncommon trap: reason=class_check action=maybe_recompile pc=0x0000029d8fe9b16c method=java.util.concurrent.ConcurrentHashMap.putVal(Ljava/lang/Object;Ljava/lang/Object;Z)Ljava/lang/Object; @ 159 c2
Event: 7.978 Thread 0x0000029d80837510 DEOPT PACKING pc=0x0000029d8fe9b16c sp=0x000000fd5a3fc6b0
Event: 7.978 Thread 0x0000029d80837510 DEOPT UNPACKING pc=0x0000029d8f5923a3 sp=0x000000fd5a3fc630 mode 2
Event: 7.990 Thread 0x0000029d80837510 Uncommon trap: trap_request=0xffffff45 fr.pc=0x0000029d902b6b34 relative=0x0000000000000a14
Event: 7.990 Thread 0x0000029d80837510 Uncommon trap: reason=unstable_if action=reinterpret pc=0x0000029d902b6b34 method=lombok.javac.handlers.JavacHandlerUtil.methodExists(Ljava/lang/String;Llombok/javac/JavacNode;ZI)Llombok/javac/handlers/JavacHandlerUtil$MemberExistsResult; @ 97 c2
Event: 7.990 Thread 0x0000029d80837510 DEOPT PACKING pc=0x0000029d902b6b34 sp=0x000000fd5a3fcda0
Event: 7.990 Thread 0x0000029d80837510 DEOPT UNPACKING pc=0x0000029d8f5923a3 sp=0x000000fd5a3fcd60 mode 2
Event: 7.998 Thread 0x0000029d80837510 DEOPT PACKING pc=0x0000029d8819cd6e sp=0x000000fd5a3fc9a0
Event: 7.998 Thread 0x0000029d80837510 DEOPT UNPACKING pc=0x0000029d8f592b43 sp=0x000000fd5a3fbe78 mode 0
Event: 7.998 Thread 0x0000029d80837510 DEOPT PACKING pc=0x0000029d882bfcd5 sp=0x000000fd5a3fc980
Event: 7.998 Thread 0x0000029d80837510 DEOPT UNPACKING pc=0x0000029d8f592b43 sp=0x000000fd5a3fbe78 mode 0
Event: 8.297 Thread 0x0000029d80837510 Uncommon trap: trap_request=0xffffffcc fr.pc=0x0000029d9050ab30 relative=0x0000000000003210
Event: 8.297 Thread 0x0000029d80837510 Uncommon trap: reason=intrinsic_or_type_checked_inlining action=make_not_entrant pc=0x0000029d9050ab30 method=java.util.ArrayList$SubList.toArray([Ljava/lang/Object;)[Ljava/lang/Object; @ 58 c2
Event: 8.297 Thread 0x0000029d80837510 DEOPT PACKING pc=0x0000029d9050ab30 sp=0x000000fd5a3fce90
Event: 8.297 Thread 0x0000029d80837510 DEOPT UNPACKING pc=0x0000029d8f5923a3 sp=0x000000fd5a3fcdd8 mode 2

Classes unloaded (20 events):
Event: 7.635 Thread 0x0000029daaa12430 Unloading class 0x0000029daf38c000 'org/springframework/boot/configurationprocessor/ConstructorParameterPropertyDescriptor'
Event: 7.635 Thread 0x0000029daaa12430 Unloading class 0x0000029daf38bce0 'org/springframework/boot/configurationprocessor/PropertyDescriptor'
Event: 7.635 Thread 0x0000029daaa12430 Unloading class 0x0000029daf38bac0 'org/springframework/boot/configurationprocessor/PropertyDescriptorResolver'
Event: 7.635 Thread 0x0000029daaa12430 Unloading class 0x0000029daf38b880 'org/springframework/boot/configurationprocessor/metadata/ItemMetadata$ItemType'
Event: 7.635 Thread 0x0000029daaa12430 Unloading class 0x0000029daf38b660 'org/springframework/boot/configurationprocessor/metadata/ItemMetadata'
Event: 7.635 Thread 0x0000029daaa12430 Unloading class 0x0000029daf38b430 'org/springframework/boot/configurationprocessor/MetadataGenerationEnvironment$$Lambda$394+0x0000029daf38b430'
Event: 7.635 Thread 0x0000029daaa12430 Unloading class 0x0000029daf38b218 'org/springframework/boot/configurationprocessor/fieldvalues/javac/Trees'
Event: 7.635 Thread 0x0000029daaa12430 Unloading class 0x0000029daf38b000 'org/springframework/boot/configurationprocessor/fieldvalues/javac/ReflectionWrapper'
Event: 7.635 Thread 0x0000029daaa12430 Unloading class 0x0000029daf389c08 'org/springframework/boot/configurationprocessor/fieldvalues/javac/TreeVisitor'
Event: 7.635 Thread 0x0000029daaa12430 Unloading class 0x0000029daf3899e0 'org/springframework/boot/configurationprocessor/fieldvalues/javac/JavaCompilerFieldValuesParser'
Event: 7.635 Thread 0x0000029daaa12430 Unloading class 0x0000029daf3897e8 'org/springframework/boot/configurationprocessor/fieldvalues/FieldValuesParser'
Event: 7.635 Thread 0x0000029daaa12430 Unloading class 0x0000029daf389540 'org/springframework/boot/configurationprocessor/MetadataGenerationEnvironment'
Event: 7.635 Thread 0x0000029daaa12430 Unloading class 0x0000029daf389320 'org/springframework/boot/configurationprocessor/TypeUtils$$Lambda$393+0x0000029daf389320'
Event: 7.635 Thread 0x0000029daaa12430 Unloading class 0x0000029daf389000 'org/springframework/boot/configurationprocessor/TypeUtils$TypeExtractor'
Event: 7.635 Thread 0x0000029daaa12430 Unloading class 0x0000029daf388480 'org/springframework/boot/configurationprocessor/TypeUtils$$Lambda$392+0x0000029daf388480'
Event: 7.635 Thread 0x0000029daaa12430 Unloading class 0x0000029daf388228 'org/springframework/boot/configurationprocessor/TypeUtils'
Event: 7.635 Thread 0x0000029daaa12430 Unloading class 0x0000029daf388000 'org/springframework/boot/configurationprocessor/MetadataCollector'
Event: 7.635 Thread 0x0000029daaa12430 Unloading class 0x0000029daf360528 'org/springframework/boot/configurationprocessor/MetadataStore'
Event: 7.635 Thread 0x0000029daaa12430 Unloading class 0x0000029daf3602c8 'org/springframework/boot/configurationprocessor/metadata/InvalidConfigurationMetadataException'
Event: 7.635 Thread 0x0000029daaa12430 Unloading class 0x0000029daf360000 'org/springframework/boot/configurationprocessor/ConfigurationMetadataAnnotationProcessor'

Classes redefined (0 events):
No events

Internal exceptions (20 events):
Event: 7.027 Thread 0x0000029d80837510 Exception <a 'sun/nio/fs/WindowsException'{0x0000000617c4f868}> (0x0000000617c4f868) 
thrown [s\open\src\hotspot\share\prims\jni.cpp, line 516]
Event: 7.027 Thread 0x0000029d80837510 Exception <a 'sun/nio/fs/WindowsException'{0x0000000617c721a8}> (0x0000000617c721a8) 
thrown [s\open\src\hotspot\share\prims\jni.cpp, line 516]
Event: 7.027 Thread 0x0000029d80837510 Exception <a 'sun/nio/fs/WindowsException'{0x0000000617c72348}> (0x0000000617c72348) 
thrown [s\open\src\hotspot\share\prims\jni.cpp, line 516]
Event: 7.027 Thread 0x0000029d80837510 Exception <a 'sun/nio/fs/WindowsException'{0x0000000617c7fb98}> (0x0000000617c7fb98) 
thrown [s\open\src\hotspot\share\prims\jni.cpp, line 516]
Event: 7.027 Thread 0x0000029d80837510 Exception <a 'sun/nio/fs/WindowsException'{0x0000000617c7fcf0}> (0x0000000617c7fcf0) 
thrown [s\open\src\hotspot\share\prims\jni.cpp, line 516]
Event: 7.027 Thread 0x0000029d80837510 Exception <a 'sun/nio/fs/WindowsException'{0x0000000617caadb8}> (0x0000000617caadb8) 
thrown [s\open\src\hotspot\share\prims\jni.cpp, line 516]
Event: 7.027 Thread 0x0000029d80837510 Exception <a 'sun/nio/fs/WindowsException'{0x0000000617caaf58}> (0x0000000617caaf58) 
thrown [s\open\src\hotspot\share\prims\jni.cpp, line 516]
Event: 7.028 Thread 0x0000029d80837510 Exception <a 'sun/nio/fs/WindowsException'{0x0000000617cac3c0}> (0x0000000617cac3c0) 
thrown [s\open\src\hotspot\share\prims\jni.cpp, line 516]
Event: 7.028 Thread 0x0000029d80837510 Exception <a 'sun/nio/fs/WindowsException'{0x0000000617cac5a8}> (0x0000000617cac5a8) 
thrown [s\open\src\hotspot\share\prims\jni.cpp, line 516]
Event: 7.028 Thread 0x0000029d80837510 Exception <a 'sun/nio/fs/WindowsException'{0x0000000617cc0fc8}> (0x0000000617cc0fc8) 
thrown [s\open\src\hotspot\share\prims\jni.cpp, line 516]
Event: 7.028 Thread 0x0000029d80837510 Exception <a 'sun/nio/fs/WindowsException'{0x0000000617cc1190}> (0x0000000617cc1190) 
thrown [s\open\src\hotspot\share\prims\jni.cpp, line 516]
Event: 7.028 Thread 0x0000029d80837510 Exception <a 'sun/nio/fs/WindowsException'{0x0000000617cc32f8}> (0x0000000617cc32f8) 
thrown [s\open\src\hotspot\share\prims\jni.cpp, line 516]
Event: 7.028 Thread 0x0000029d80837510 Exception <a 'sun/nio/fs/WindowsException'{0x0000000617cc3478}> (0x0000000617cc3478) 
thrown [s\open\src\hotspot\share\prims\jni.cpp, line 516]
Event: 7.028 Thread 0x0000029d80837510 Exception <a 'sun/nio/fs/WindowsException'{0x0000000617cc6400}> (0x0000000617cc6400) 
thrown [s\open\src\hotspot\share\prims\jni.cpp, line 516]
Event: 7.028 Thread 0x0000029d80837510 Exception <a 'sun/nio/fs/WindowsException'{0x0000000617cc65b8}> (0x0000000617cc65b8) 
thrown [s\open\src\hotspot\share\prims\jni.cpp, line 516]
Event: 7.028 Thread 0x0000029d80837510 Exception <a 'sun/nio/fs/WindowsException'{0x0000000617cc7a58}> (0x0000000617cc7a58) 
thrown [s\open\src\hotspot\share\prims\jni.cpp, line 516]
Event: 7.028 Thread 0x0000029d80837510 Exception <a 'sun/nio/fs/WindowsException'{0x0000000617cc7c58}> (0x0000000617cc7c58) 
thrown [s\open\src\hotspot\share\prims\jni.cpp, line 516]
Event: 7.040 Thread 0x0000029d80837510 Exception <a 'sun/nio/fs/WindowsException'{0x00000006174d6dc0}> (0x00000006174d6dc0) 
thrown [s\open\src\hotspot\share\prims\jni.cpp, line 516]
Event: 7.040 Thread 0x0000029d80837510 Exception <a 'sun/nio/fs/WindowsException'{0x00000006174d74b8}> (0x00000006174d74b8) 
thrown [s\open\src\hotspot\share\prims\jni.cpp, line 516]
Event: 7.510 Thread 0x0000029d80837510 Implicit null exception at 0x0000029d8fec234f to 0x0000029d8fec249c

VM Operations (20 events):
Event: 7.645 Executing VM operation: HandshakeAllThreads done
Event: 7.652 Executing VM operation: G1Concurrent
Event: 7.652 Executing VM operation: G1Concurrent done
Event: 7.712 Executing VM operation: HandshakeAllThreads
Event: 7.712 Executing VM operation: HandshakeAllThreads done
Event: 7.723 Executing VM operation: G1CollectForAllocation
Event: 7.725 Executing VM operation: G1CollectForAllocation done
Event: 7.732 Executing VM operation: G1CollectForAllocation
Event: 7.736 Executing VM operation: G1CollectForAllocation done
Event: 7.743 Executing VM operation: G1CollectForAllocation
Event: 7.747 Executing VM operation: G1CollectForAllocation done
Event: 7.863 Executing VM operation: HandshakeAllThreads
Event: 7.863 Executing VM operation: HandshakeAllThreads done
Event: 8.020 Executing VM operation: G1CollectForAllocation
Event: 8.023 Executing VM operation: G1CollectForAllocation done
Event: 8.180 Executing VM operation: G1CollectForAllocation
Event: 8.184 Executing VM operation: G1CollectForAllocation done
Event: 8.352 Executing VM operation: G1CollectForAllocation
Event: 8.357 Executing VM operation: G1CollectForAllocation done
Event: 8.502 Executing VM operation: G1CollectForAllocation

Events (20 events):
Event: 7.874 Thread 0x0000029daaa41b90 flushing nmethod 0x0000029d8923fd10
Event: 7.874 Thread 0x0000029daaa41b90 flushing nmethod 0x0000029d8924c390
Event: 7.874 Thread 0x0000029daaa41b90 flushing nmethod 0x0000029d89257190
Event: 7.874 Thread 0x0000029daaa41b90 flushing nmethod 0x0000029d8929a010
Event: 7.874 Thread 0x0000029daaa41b90 flushing nmethod 0x0000029d892f7510
Event: 7.874 Thread 0x0000029daaa41b90 flushing nmethod 0x0000029d892fb690
Event: 7.874 Thread 0x0000029daaa41b90 flushing nmethod 0x0000029d8930a890
Event: 7.874 Thread 0x0000029daaa41b90 flushing nmethod 0x0000029d8931d590
Event: 7.874 Thread 0x0000029daaa41b90 flushing nmethod 0x0000029d89366090
Event: 7.875 Thread 0x0000029daaa41b90 flushing nmethod 0x0000029d893a2810
Event: 7.875 Thread 0x0000029daaa41b90 flushing nmethod 0x0000029d8945ab90
Event: 7.876 Thread 0x0000029daaa41b90 flushing nmethod 0x0000029d89505890
Event: 7.876 Thread 0x0000029daaa41b90 flushing nmethod 0x0000029d8968ba10
Event: 7.876 Thread 0x0000029daaa41b90 flushing nmethod 0x0000029d896f6990
Event: 7.876 Thread 0x0000029daaa41b90 flushing nmethod 0x0000029d89711010
Event: 7.877 Thread 0x0000029daaa41b90 flushing nmethod 0x0000029d8971cf10
Event: 7.877 Thread 0x0000029daaa41b90 flushing nmethod 0x0000029d89739090
Event: 7.877 Thread 0x0000029daaa41b90 flushing nmethod 0x0000029d89754d90
Event: 7.877 Thread 0x0000029daaa41b90 flushing nmethod 0x0000029d89822e10
Event: 7.877 Thread 0x0000029daaa41b90 flushing nmethod 0x0000029d8982be90


Dynamic libraries:
0x00007ff74d000000 - 0x00007ff74d010000 	D:\app\jdk17\bin\java.exe
0x00007fff1a240000 - 0x00007fff1a4a9000 	C:\WINDOWS\SYSTEM32\ntdll.dll
0x00007fff191c0000 - 0x00007fff19289000 	C:\WINDOWS\System32\KERNEL32.DLL
0x00007fff17460000 - 0x00007fff17853000 	C:\WINDOWS\System32\KERNELBASE.dll
0x00007fff17890000 - 0x00007fff179db000 	C:\WINDOWS\System32\ucrtbase.dll
0x00007fff109d0000 - 0x00007fff109e9000 	D:\app\jdk17\bin\jli.dll
0x00007fff03cb0000 - 0x00007fff03ccb000 	D:\app\jdk17\bin\VCRUNTIME140.dll
0x00007fff18e10000 - 0x00007fff18ec4000 	C:\WINDOWS\System32\ADVAPI32.dll
0x00007fff19290000 - 0x00007fff19339000 	C:\WINDOWS\System32\msvcrt.dll
0x00007fff1a090000 - 0x00007fff1a136000 	C:\WINDOWS\System32\sechost.dll
0x00007fff18cf0000 - 0x00007fff18e08000 	C:\WINDOWS\System32\RPCRT4.dll
0x00007fff19d90000 - 0x00007fff19f54000 	C:\WINDOWS\System32\USER32.dll
0x00007fff17860000 - 0x00007fff17887000 	C:\WINDOWS\System32\win32u.dll
0x00007fff1a060000 - 0x00007fff1a08b000 	C:\WINDOWS\System32\GDI32.dll
0x00007ffefabb0000 - 0x00007ffefae43000 	C:\WINDOWS\WinSxS\amd64_microsoft.windows.common-controls_6595b64144ccf1df_6.0.26100.5074_none_3e0d6f78e32fd63f\COMCTL32.dll
0x00007fff17e40000 - 0x00007fff17f6d000 	C:\WINDOWS\System32\gdi32full.dll
0x00007fff179e0000 - 0x00007fff17a83000 	C:\WINDOWS\System32\msvcp_win.dll
0x00007ffefa8d0000 - 0x00007ffefa8db000 	C:\WINDOWS\SYSTEM32\VERSION.dll
0x00007fff190a0000 - 0x00007fff190cf000 	C:\WINDOWS\System32\IMM32.DLL
0x00007fff13370000 - 0x00007fff1337c000 	D:\app\jdk17\bin\vcruntime140_1.dll
0x00007ffef9590000 - 0x00007ffef961e000 	D:\app\jdk17\bin\msvcp140.dll
0x00007ffe9cbf0000 - 0x00007ffe9d7d0000 	D:\app\jdk17\bin\server\jvm.dll
0x00007fff184a0000 - 0x00007fff184a8000 	C:\WINDOWS\System32\PSAPI.DLL
0x00007fff0c200000 - 0x00007fff0c235000 	C:\WINDOWS\SYSTEM32\WINMM.dll
0x00007ffef1980000 - 0x00007ffef198a000 	C:\WINDOWS\SYSTEM32\WSOCK32.dll
0x00007fff19d10000 - 0x00007fff19d84000 	C:\WINDOWS\System32\WS2_32.dll
0x00007fff161b0000 - 0x00007fff161cb000 	C:\WINDOWS\SYSTEM32\kernel.appcore.dll
0x00007fff10970000 - 0x00007fff1097a000 	D:\app\jdk17\bin\jimage.dll
0x00007fff14860000 - 0x00007fff14aa2000 	C:\WINDOWS\SYSTEM32\DBGHELP.DLL
0x00007fff18010000 - 0x00007fff1838b000 	C:\WINDOWS\System32\combase.dll
0x00007fff190e0000 - 0x00007fff191b7000 	C:\WINDOWS\System32\OLEAUT32.dll
0x00007ffef9bc0000 - 0x00007ffef9bfd000 	C:\WINDOWS\SYSTEM32\dbgcore.DLL
0x00007fff17f70000 - 0x00007fff18009000 	C:\WINDOWS\System32\bcryptPrimitives.dll
0x00007fff02210000 - 0x00007fff0221e000 	D:\app\jdk17\bin\instrument.dll
0x00007ffeff100000 - 0x00007ffeff125000 	D:\app\jdk17\bin\java.dll
0x00007ffed43f0000 - 0x00007ffed44c7000 	D:\app\jdk17\bin\jsvml.dll
0x00007fff19440000 - 0x00007fff19b8d000 	C:\WINDOWS\System32\SHELL32.dll
0x00007fff17cd0000 - 0x00007fff17e3c000 	C:\WINDOWS\System32\wintypes.dll
0x00007fff15030000 - 0x00007fff15889000 	C:\WINDOWS\SYSTEM32\windows.storage.dll
0x00007fff183a0000 - 0x00007fff18490000 	C:\WINDOWS\System32\SHCORE.dll
0x00007fff184b0000 - 0x00007fff18512000 	C:\WINDOWS\System32\shlwapi.dll
0x00007fff172f0000 - 0x00007fff17319000 	C:\WINDOWS\SYSTEM32\profapi.dll
0x00007fff01f10000 - 0x00007fff01f28000 	D:\app\jdk17\bin\zip.dll
0x00007fff022f0000 - 0x00007fff02309000 	D:\app\jdk17\bin\net.dll
0x00007fff0dd40000 - 0x00007fff0de5f000 	C:\WINDOWS\SYSTEM32\WINHTTP.dll
0x00007fff16730000 - 0x00007fff1679b000 	C:\WINDOWS\system32\mswsock.dll
0x00007fff022a0000 - 0x00007fff022b6000 	D:\app\jdk17\bin\nio.dll
0x00007ffef60c0000 - 0x00007ffef60e4000 	C:\Users\90828\AppData\Local\Temp\jansi-2.4.2-1badd913b5e79d18-jansi.dll
0x00007fff02330000 - 0x00007fff02340000 	D:\app\jdk17\bin\verify.dll

dbghelp: loaded successfully - version: 4.0.5 - missing functions: none
symbol engine: initialized successfully - sym options: 0x614 - pdb path: .;D:\app\jdk17\bin;C:\WINDOWS\SYSTEM32;C:\WINDOWS\WinSxS\amd64_microsoft.windows.common-controls_6595b64144ccf1df_6.0.26100.5074_none_3e0d6f78e32fd63f;D:\app\jdk17\bin\server;C:\Users\90828\AppData\Local\Temp

VM Arguments:
jvm_args: -Dmaven.multiModuleProjectDirectory=D:\Cloud-API-Demo-Serve -Djansi.passthrough=true -Dmaven.home=D:/app/apache-maven-3.9.10 -Dclassworlds.conf=D:\app\apache-maven-3.9.10\bin\m2.conf -Dmaven.ext.class.path=C:\Program Files\JetBrains\IntelliJ IDEA 2025.1.2\plugins\maven\lib\maven-event-listener.jar -javaagent:C:\Program Files\JetBrains\IntelliJ IDEA 2025.1.2\lib\idea_rt.jar=29537 -Dfile.encoding=UTF-8 
java_command: org.codehaus.classworlds.Launcher -Didea.version=2025.1.2 -s D:\app\apache-maven-3.9.10\conf\settings.xml -Dmaven.repo.local=D:\app\apache-maven-3.9.10\repository package
java_class_path (initial): D:\app\apache-maven-3.9.10\boot\plexus-classworlds-2.9.0.jar;D:\app\apache-maven-3.9.10\boot\plexus-classworlds.license
Launcher Type: SUN_STANDARD

[Global flags]
     intx CICompilerCount                          = 12                                        {product} {ergonomic}
     uint ConcGCThreads                            = 4                                         {product} {ergonomic}
     uint G1ConcRefinementThreads                  = 15                                        {product} {ergonomic}
   size_t G1HeapRegionSize                         = 4194304                                   {product} {ergonomic}
    uintx GCDrainStackTargetSize                   = 64                                        {product} {ergonomic}
   size_t InitialHeapSize                          = 532676608                                 {product} {ergonomic}
   size_t MarkStackSize                            = 4194304                                   {product} {ergonomic}
   size_t MaxHeapSize                              = 8464105472                                {product} {ergonomic}
   size_t MaxNewSize                               = 5075107840                                {product} {ergonomic}
   size_t MinHeapDeltaBytes                        = 4194304                                   {product} {ergonomic}
   size_t MinHeapSize                              = 8388608                                   {product} {ergonomic}
    uintx NonNMethodCodeHeapSize                   = 7602480                                {pd product} {ergonomic}
    uintx NonProfiledCodeHeapSize                  = 122027880                              {pd product} {ergonomic}
    uintx ProfiledCodeHeapSize                     = 122027880                              {pd product} {ergonomic}
    uintx ReservedCodeCacheSize                    = 251658240                              {pd product} {ergonomic}
     bool SegmentedCodeCache                       = true                                      {product} {ergonomic}
   size_t SoftMaxHeapSize                          = 8464105472                             {manageable} {ergonomic}
     bool UseCompressedClassPointers               = true                           {product lp64_product} {ergonomic}
     bool UseCompressedOops                        = true                           {product lp64_product} {ergonomic}
     bool UseG1GC                                  = true                                      {product} {ergonomic}
     bool UseLargePagesIndividualAllocation        = false                                  {pd product} {ergonomic}

Logging:
Log output configuration:
 #0: stdout all=warning uptime,level,tags
 #1: stderr all=off uptime,level,tags

Environment Variables:
JAVA_HOME=D:\app\jdk8
PATH=D:\app\nmap;D:\app\vmware 17 pro\bin\;C:\Program Files\Common Files\Oracle\Java\javapath;C:\WINDOWS\system32;C:\WINDOWS;C:\WINDOWS\System32\Wbem;C:\WINDOWS\System32\WindowsPowerShell\v1.0\;C:\WINDOWS\System32\OpenSSH\;D:\app\jdk8\bin;D:\app\jdk8\jre\bin;D:\app\Git\cmd;D:\app\apache-maven-3.9.10\bin;C:\Program Files\TortoiseSVN\bin;D:\app\nodejs\;D:\app\nodejs;D:\app\mysql\bin;C:\Users\90828\AppData\Local\Microsoft\WindowsApps;C:\Users\90828\AppData\Roaming\npm;D:\app\Microsoft VS Code\bin;D:\app\nmap
USERNAME=90828
OS=Windows_NT
PROCESSOR_IDENTIFIER=Intel64 Family 6 Model 186 Stepping 2, GenuineIntel



---------------  S Y S T E M  ---------------

OS:
 Windows 11 , 64 bit Build 26100 (10.0.26100.5074)
OS uptime: 18 days 21:19 hours

CPU: total 20 (initial active 20) (10 cores per cpu, 2 threads per core) family 6 model 186 stepping 2 microcode 0x4121, cx8, cmov, fxsr, ht, mmx, 3dnowpref, sse, sse2, sse3, ssse3, sse4.1, sse4.2, popcnt, lzcnt, tsc, tscinvbit, avx, avx2, aes, erms, clmul, bmi1, bmi2, adx, sha, fma, vzeroupper, clflush, clflushopt, clwb

Memory: 4k page, system-wide physical 32285M (7209M free)
TotalPageFile size 57885M (AvailPageFile size 491M)
current process WorkingSet (physical memory assigned to process): 799M, peak: 818M
current process commit charge ("private bytes"): 858M, peak: 1394M

vm_info: Java HotSpot(TM) 64-Bit Server VM (17.0.12+8-LTS-286) for windows-amd64 JRE (17.0.12+8-LTS-286), built on Jun  5 2024 06:46:59 by "mach5one" with MS VC++ 17.6 (VS2022)

END.
