#
# There is insufficient memory for the Java Runtime Environment to continue.
# Native memory allocation (malloc) failed to allocate 1589648 bytes for Chunk::new
# Possible reasons:
#   The system is out of physical RAM or swap space
#   The process is running with CompressedOops enabled, and the Java Heap may be blocking the growth of the native heap
# Possible solutions:
#   Reduce memory load on the system
#   Increase physical memory or swap space
#   Check if swap backing store is full
#   Decrease Java heap size (-Xmx/-Xms)
#   Decrease number of Java threads
#   Decrease Java thread stack sizes (-Xss)
#   Set larger code cache with -XX:ReservedCodeCacheSize=
#   JVM is running with Zero Based Compressed Oops mode in which the Java heap is
#     placed in the first 32GB address space. The Java Heap base address is the
#     maximum limit for the native heap growth. Please use -XX:HeapBaseMinAddress
#     to set the Java Heap base and to place the Java Heap above 32GB virtual address.
# This output file may be truncated or incomplete.
#
#  Out of Memory Error (arena.cpp:189), pid=22504, tid=43012
#
# JRE version: Java(TM) SE Runtime Environment (17.0.12+8) (build 17.0.12+8-LTS-286)
# Java VM: Java HotSpot(TM) 64-Bit Server VM (17.0.12+8-LTS-286, mixed mode, sharing, tiered, compressed oops, compressed class ptrs, g1 gc, windows-amd64)
# No core dump will be written. Minidumps are not enabled by default on client versions of Windows
#

---------------  S U M M A R Y ------------

Command Line: -Dmaven.multiModuleProjectDirectory=D:\Cloud-API-Demo-Serve -Djansi.passthrough=true -Dmaven.home=D:/app/apache-maven-3.9.10 -Dclassworlds.conf=D:\app\apache-maven-3.9.10\bin\m2.conf -Dmaven.ext.class.path=C:\Program Files\JetBrains\IntelliJ IDEA 2025.1.2\plugins\maven\lib\maven-event-listener.jar -javaagent:C:\Program Files\JetBrains\IntelliJ IDEA 2025.1.2\lib\idea_rt.jar=49672 -Dfile.encoding=UTF-8 org.codehaus.classworlds.Launcher -Didea.version=2025.1.2 -s D:\app\apache-maven-3.9.10\conf\settings.xml -Dmaven.repo.local=D:\app\apache-maven-3.9.10\repository package

Host: 13th Gen Intel(R) Core(TM) i7-13700H, 20 cores, 31G,  Windows 11 , 64 bit Build 26100 (10.0.26100.5074)
Time: Mon Sep 29 14:15:47 2025  Windows 11 , 64 bit Build 26100 (10.0.26100.5074) elapsed time: 9.905684 seconds (0d 0h 0m 9s)

---------------  T H R E A D  ---------------

Current thread (0x000001f9006a8030):  JavaThread "C2 CompilerThread4" daemon [_thread_in_native, id=43012, stack(0x0000004a3aa00000,0x0000004a3ab00000)]


Current CompileTask:
C2:   9905 12188       4       lombok.javac.JavacAST::buildField (109 bytes)

Stack: [0x0000004a3aa00000,0x0000004a3ab00000]
Native frames: (J=compiled Java code, j=interpreted, Vv=VM code, C=native code)
V  [jvm.dll+0x67a04a]
V  [jvm.dll+0x7da4ed]
V  [jvm.dll+0x7dbe33]
V  [jvm.dll+0x7dc4a3]
V  [jvm.dll+0x24508f]
V  [jvm.dll+0xab773]
V  [jvm.dll+0xabd3c]
V  [jvm.dll+0x361bee]
V  [jvm.dll+0x1ba45a]
V  [jvm.dll+0x216997]
V  [jvm.dll+0x215c6f]
V  [jvm.dll+0x1a2960]
V  [jvm.dll+0x22610b]
V  [jvm.dll+0x2242ab]
V  [jvm.dll+0x79075c]
V  [jvm.dll+0x78abea]
V  [jvm.dll+0x678f35]
C  [ucrtbase.dll+0x37b0]
C  [KERNEL32.DLL+0x2e8d7]
C  [ntdll.dll+0x8d9c]


---------------  P R O C E S S  ---------------

Threads class SMR info:
_java_thread_list=0x000001f9084b8170, length=23, elements={
0x000001f90d6e5310, 0x000001f9378f18f0, 0x000001f9378f43d0, 0x000001f93790cb00,
0x000001f93790d3d0, 0x000001f93790dca0, 0x000001f937910580, 0x000001f937911230,
0x000001f937923c10, 0x000001f93792d940, 0x000001f93a9a1390, 0x000001f93aaad190,
0x000001f93aaae770, 0x000001f93ab199e0, 0x000001f93ab68c30, 0x000001f93ab69110,
0x000001f9006a7ae0, 0x000001f9006a55b0, 0x000001f901d65240, 0x000001f9006a8030,
0x000001f9006a6050, 0x000001f9006a8580, 0x000001f90895a630
}

Java Threads: ( => current thread )
  0x000001f90d6e5310 JavaThread "main" [_thread_in_Java, id=37572, stack(0x0000004a39000000,0x0000004a39100000)]
  0x000001f9378f18f0 JavaThread "Reference Handler" daemon [_thread_blocked, id=20108, stack(0x0000004a39700000,0x0000004a39800000)]
  0x000001f9378f43d0 JavaThread "Finalizer" daemon [_thread_blocked, id=52584, stack(0x0000004a39800000,0x0000004a39900000)]
  0x000001f93790cb00 JavaThread "Signal Dispatcher" daemon [_thread_blocked, id=25040, stack(0x0000004a39900000,0x0000004a39a00000)]
  0x000001f93790d3d0 JavaThread "Attach Listener" daemon [_thread_blocked, id=23064, stack(0x0000004a39a00000,0x0000004a39b00000)]
  0x000001f93790dca0 JavaThread "Service Thread" daemon [_thread_blocked, id=20792, stack(0x0000004a39b00000,0x0000004a39c00000)]
  0x000001f937910580 JavaThread "Monitor Deflation Thread" daemon [_thread_blocked, id=10140, stack(0x0000004a39c00000,0x0000004a39d00000)]
  0x000001f937911230 JavaThread "C2 CompilerThread0" daemon [_thread_in_native, id=47700, stack(0x0000004a39d00000,0x0000004a39e00000)]
  0x000001f937923c10 JavaThread "C1 CompilerThread0" daemon [_thread_blocked, id=52852, stack(0x0000004a39e00000,0x0000004a39f00000)]
  0x000001f93792d940 JavaThread "Sweeper thread" daemon [_thread_blocked, id=50292, stack(0x0000004a39f00000,0x0000004a3a000000)]
  0x000001f93a9a1390 JavaThread "Common-Cleaner" daemon [_thread_blocked, id=38252, stack(0x0000004a3a000000,0x0000004a3a100000)]
  0x000001f93aaad190 JavaThread "C1 CompilerThread1" daemon [_thread_blocked, id=13424, stack(0x0000004a3a100000,0x0000004a3a200000)]
  0x000001f93aaae770 JavaThread "C1 CompilerThread2" daemon [_thread_blocked, id=43580, stack(0x0000004a3a200000,0x0000004a3a300000)]
  0x000001f93ab199e0 JavaThread "C2 CompilerThread1" daemon [_thread_in_native, id=42428, stack(0x0000004a3a400000,0x0000004a3a500000)]
  0x000001f93ab68c30 JavaThread "Monitor Ctrl-Break" daemon [_thread_in_native, id=38288, stack(0x0000004a3a500000,0x0000004a3a600000)]
  0x000001f93ab69110 JavaThread "Notification Thread" daemon [_thread_blocked, id=49684, stack(0x0000004a3a600000,0x0000004a3a700000)]
  0x000001f9006a7ae0 JavaThread "C2 CompilerThread2" daemon [_thread_in_native, id=39040, stack(0x0000004a3a800000,0x0000004a3a900000)]
  0x000001f9006a55b0 JavaThread "C2 CompilerThread3" daemon [_thread_in_native, id=38208, stack(0x0000004a3a900000,0x0000004a3aa00000)]
  0x000001f901d65240 JavaThread "Thread-1" daemon [_thread_blocked, id=31428, stack(0x0000004a3b900000,0x0000004a3ba00000)]
=>0x000001f9006a8030 JavaThread "C2 CompilerThread4" daemon [_thread_in_native, id=43012, stack(0x0000004a3aa00000,0x0000004a3ab00000)]
  0x000001f9006a6050 JavaThread "C2 CompilerThread5" daemon [_thread_in_native, id=6864, stack(0x0000004a3be00000,0x0000004a3bf00000)]
  0x000001f9006a8580 JavaThread "C2 CompilerThread6" daemon [_thread_in_native, id=53016, stack(0x0000004a3bf00000,0x0000004a3c000000)]
  0x000001f90895a630 JavaThread "C2 CompilerThread7" daemon [_thread_in_native, id=22884, stack(0x0000004a3c400000,0x0000004a3c500000)]

Other Threads:
  0x000001f9378edf40 VMThread "VM Thread" [stack: 0x0000004a39600000,0x0000004a39700000] [id=46036]
  0x000001f93ab69e00 WatcherThread [stack: 0x0000004a3a700000,0x0000004a3a800000] [id=28128]
  0x000001f90d792350 GCTaskThread "GC Thread#0" [stack: 0x0000004a39100000,0x0000004a39200000] [id=23896]
  0x000001f90089c980 GCTaskThread "GC Thread#1" [stack: 0x0000004a3ae00000,0x0000004a3af00000] [id=14404]
  0x000001f900923f10 GCTaskThread "GC Thread#2" [stack: 0x0000004a3af00000,0x0000004a3b000000] [id=19868]
  0x000001f900717360 GCTaskThread "GC Thread#3" [stack: 0x0000004a3b000000,0x0000004a3b100000] [id=14040]
  0x000001f900717620 GCTaskThread "GC Thread#4" [stack: 0x0000004a3b100000,0x0000004a3b200000] [id=48892]
  0x000001f90082cdb0 GCTaskThread "GC Thread#5" [stack: 0x0000004a3b200000,0x0000004a3b300000] [id=26472]
  0x000001f900c38970 GCTaskThread "GC Thread#6" [stack: 0x0000004a3b300000,0x0000004a3b400000] [id=11680]
  0x000001f900b1bfb0 GCTaskThread "GC Thread#7" [stack: 0x0000004a3b400000,0x0000004a3b500000] [id=37204]
  0x000001f900b650c0 GCTaskThread "GC Thread#8" [stack: 0x0000004a3b500000,0x0000004a3b600000] [id=43340]
  0x000001f900b65380 GCTaskThread "GC Thread#9" [stack: 0x0000004a3b600000,0x0000004a3b700000] [id=29132]
  0x000001f900b65640 GCTaskThread "GC Thread#10" [stack: 0x0000004a3b700000,0x0000004a3b800000] [id=37864]
  0x000001f900a811b0 GCTaskThread "GC Thread#11" [stack: 0x0000004a3b800000,0x0000004a3b900000] [id=31500]
  0x000001f901934530 GCTaskThread "GC Thread#12" [stack: 0x0000004a3ac00000,0x0000004a3ad00000] [id=41792]
  0x000001f9019347f0 GCTaskThread "GC Thread#13" [stack: 0x0000004a3ad00000,0x0000004a3ae00000] [id=24592]
  0x000001f9019355b0 GCTaskThread "GC Thread#14" [stack: 0x0000004a3ba00000,0x0000004a3bb00000] [id=30852]
  0x000001f90d7a2f50 ConcurrentGCThread "G1 Main Marker" [stack: 0x0000004a39200000,0x0000004a39300000] [id=42680]
  0x000001f90d7a5290 ConcurrentGCThread "G1 Conc#0" [stack: 0x0000004a39300000,0x0000004a39400000] [id=17948]
  0x000001f901935030 ConcurrentGCThread "G1 Conc#1" [stack: 0x0000004a3bb00000,0x0000004a3bc00000] [id=21356]
  0x000001f901934ab0 ConcurrentGCThread "G1 Conc#2" [stack: 0x0000004a3bc00000,0x0000004a3bd00000] [id=52200]
  0x000001f901bc48a0 ConcurrentGCThread "G1 Conc#3" [stack: 0x0000004a3bd00000,0x0000004a3be00000] [id=47832]
  0x000001f93782b7d0 ConcurrentGCThread "G1 Refine#0" [stack: 0x0000004a39400000,0x0000004a39500000] [id=46928]
  0x000001f904776bc0 ConcurrentGCThread "G1 Refine#1" [stack: 0x0000004a3ab00000,0x0000004a3ac00000] [id=30876]
  0x000001f906cdae40 ConcurrentGCThread "G1 Refine#2" [stack: 0x0000004a3c100000,0x0000004a3c200000] [id=50596]
  0x000001f906cd90e0 ConcurrentGCThread "G1 Refine#3" [stack: 0x0000004a3c000000,0x0000004a3c100000] [id=35688]
  0x000001f906cda860 ConcurrentGCThread "G1 Refine#4" [stack: 0x0000004a3c200000,0x0000004a3c300000] [id=39496]
  0x000001f906cdb130 ConcurrentGCThread "G1 Refine#5" [stack: 0x0000004a3c300000,0x0000004a3c400000] [id=51872]
  0x000001f93782beb0 ConcurrentGCThread "G1 Service" [stack: 0x0000004a39500000,0x0000004a39600000] [id=28476]

Threads with active compile tasks:
C2 CompilerThread0     9940 12421       4       com.sun.tools.javac.comp.Check::getApplicableTargets (836 bytes)
C2 CompilerThread1     9940 12458       4       java.lang.AbstractStringBuilder::<init> (63 bytes)
C2 CompilerThread2     9940 12454       4       lombok.javac.JavacAST::buildLocalVar (109 bytes)
C2 CompilerThread3     9940 12433       4       lombok.javac.handlers.JavacHandlerUtil::findGetter (454 bytes)
C2 CompilerThread4     9940 12188       4       lombok.javac.JavacAST::buildField (109 bytes)
C2 CompilerThread5     9940 12321       4       lombok.javac.handlers.JavacHandlerUtil$MarkingScanner::scan (20 bytes)
C2 CompilerThread6     9940 12336       4       lombok.javac.handlers.JavacHandlerUtil::setGeneratedBy (82 bytes)
C2 CompilerThread7     9940 12363       4       com.sun.tools.javac.comp.Resolve::rawInstantiate (508 bytes)

VM state: not at safepoint (normal execution)

VM Mutex/Monitor currently owned by a thread: None

Heap address: 0x0000000607800000, size: 8072 MB, Compressed Oops mode: Zero based, Oop shift amount: 3

CDS archive(s) mapped at: [0x000001f93b000000-0x000001f93bbd0000-0x000001f93bbd0000), size 12386304, SharedBaseAddress: 0x000001f93b000000, ArchiveRelocationMode: 1.
Compressed class space mapped at: 0x000001f93c000000-0x000001f97c000000, reserved size: 1073741824
Narrow klass base: 0x000001f93b000000, Narrow klass shift: 0, Narrow klass range: 0x100000000

GC Precious Log:
 CPUs: 20 total, 20 available
 Memory: 32285M
 Large Page Support: Disabled
 NUMA Support: Disabled
 Compressed Oops: Enabled (Zero based)
 Heap Region Size: 4M
 Heap Min Capacity: 8M
 Heap Initial Capacity: 508M
 Heap Max Capacity: 8072M
 Pre-touch: Disabled
 Parallel Workers: 15
 Concurrent Workers: 4
 Concurrent Refinement Workers: 15
 Periodic GC: Disabled

Heap:
 garbage-first heap   total 458752K, used 115603K [0x0000000607800000, 0x0000000800000000)
  region size 4096K, 5 young (20480K), 1 survivors (4096K)
 Metaspace       used 36616K, committed 37248K, reserved 1114112K
  class space    used 3996K, committed 4288K, reserved 1048576K

Heap Regions: E=young(eden), S=young(survivor), O=old, HS=humongous(starts), HC=humongous(continues), CS=collection set, F=free, OA=open archive, CA=closed archive, TAMS=top-at-mark-start (previous, next)
|   0|0x0000000607800000, 0x0000000607b9f800, 0x0000000607c00000| 90%| O|  |TAMS 0x0000000607b9f800, 0x0000000607800000| Untracked 
|   1|0x0000000607c00000, 0x0000000608000000, 0x0000000608000000|100%|HS|  |TAMS 0x0000000608000000, 0x0000000607c00000| Complete 
|   2|0x0000000608000000, 0x0000000608400000, 0x0000000608400000|100%| O|  |TAMS 0x0000000608400000, 0x0000000608000000| Untracked 
|   3|0x0000000608400000, 0x000000060847c200, 0x0000000608800000| 12%| O|  |TAMS 0x0000000608400000, 0x0000000608400000| Untracked 
|   4|0x0000000608800000, 0x0000000608c00000, 0x0000000608c00000|100%| O|  |TAMS 0x0000000608c00000, 0x0000000608800000| Untracked 
|   5|0x0000000608c00000, 0x0000000609000000, 0x0000000609000000|100%| O|  |TAMS 0x0000000609000000, 0x0000000608c00000| Untracked 
|   6|0x0000000609000000, 0x0000000609400000, 0x0000000609400000|100%| O|  |TAMS 0x0000000609400000, 0x0000000609000000| Untracked 
|   7|0x0000000609400000, 0x0000000609400000, 0x0000000609800000|  0%| F|  |TAMS 0x0000000609400000, 0x0000000609400000| Untracked 
|   8|0x0000000609800000, 0x0000000609c00000, 0x0000000609c00000|100%| O|  |TAMS 0x0000000609800000, 0x0000000609800000| Untracked 
|   9|0x0000000609c00000, 0x000000060a000000, 0x000000060a000000|100%|HS|  |TAMS 0x000000060a000000, 0x0000000609c00000| Complete 
|  10|0x000000060a000000, 0x000000060a000000, 0x000000060a400000|  0%| F|  |TAMS 0x000000060a000000, 0x000000060a000000| Untracked 
|  11|0x000000060a400000, 0x000000060a400000, 0x000000060a800000|  0%| F|  |TAMS 0x000000060a400000, 0x000000060a400000| Untracked 
|  12|0x000000060a800000, 0x000000060ac00000, 0x000000060ac00000|100%| O|  |TAMS 0x000000060ac00000, 0x000000060a800000| Untracked 
|  13|0x000000060ac00000, 0x000000060ac00000, 0x000000060b000000|  0%| F|  |TAMS 0x000000060ac00000, 0x000000060ac00000| Untracked 
|  14|0x000000060b000000, 0x000000060b000000, 0x000000060b400000|  0%| F|  |TAMS 0x000000060b000000, 0x000000060b000000| Untracked 
|  15|0x000000060b400000, 0x000000060b400000, 0x000000060b800000|  0%| F|  |TAMS 0x000000060b400000, 0x000000060b400000| Untracked 
|  16|0x000000060b800000, 0x000000060b800000, 0x000000060bc00000|  0%| F|  |TAMS 0x000000060b800000, 0x000000060b800000| Untracked 
|  17|0x000000060bc00000, 0x000000060bc00000, 0x000000060c000000|  0%| F|  |TAMS 0x000000060bc00000, 0x000000060bc00000| Untracked 
|  18|0x000000060c000000, 0x000000060c000000, 0x000000060c400000|  0%| F|  |TAMS 0x000000060c000000, 0x000000060c000000| Untracked 
|  19|0x000000060c400000, 0x000000060c800000, 0x000000060c800000|100%|HS|  |TAMS 0x000000060c800000, 0x000000060c400000| Complete 
|  20|0x000000060c800000, 0x000000060cc00000, 0x000000060cc00000|100%| O|  |TAMS 0x000000060cc00000, 0x000000060c800000| Untracked 
|  21|0x000000060cc00000, 0x000000060d000000, 0x000000060d000000|100%| O|  |TAMS 0x000000060d000000, 0x000000060cc00000| Untracked 
|  22|0x000000060d000000, 0x000000060d400000, 0x000000060d400000|100%| O|  |TAMS 0x000000060d400000, 0x000000060d000000| Untracked 
|  23|0x000000060d400000, 0x000000060d800000, 0x000000060d800000|100%| O|  |TAMS 0x000000060d800000, 0x000000060d400000| Untracked 
|  24|0x000000060d800000, 0x000000060dc00000, 0x000000060dc00000|100%| O|  |TAMS 0x000000060dc00000, 0x000000060d800000| Untracked 
|  25|0x000000060dc00000, 0x000000060e000000, 0x000000060e000000|100%| O|  |TAMS 0x000000060e000000, 0x000000060dc00000| Untracked 
|  26|0x000000060e000000, 0x000000060e400000, 0x000000060e400000|100%| O|  |TAMS 0x000000060e400000, 0x000000060e000000| Untracked 
|  27|0x000000060e400000, 0x000000060e800000, 0x000000060e800000|100%| O|  |TAMS 0x000000060e800000, 0x000000060e400000| Untracked 
|  28|0x000000060e800000, 0x000000060ec00000, 0x000000060ec00000|100%| O|  |TAMS 0x000000060ec00000, 0x000000060e800000| Untracked 
|  29|0x000000060ec00000, 0x000000060f000000, 0x000000060f000000|100%| O|  |TAMS 0x000000060ec89e00, 0x000000060ec00000| Untracked 
|  30|0x000000060f000000, 0x000000060f400000, 0x000000060f400000|100%| O|  |TAMS 0x000000060f000000, 0x000000060f000000| Untracked 
|  31|0x000000060f400000, 0x000000060f800000, 0x000000060f800000|100%| O|  |TAMS 0x000000060f400000, 0x000000060f400000| Untracked 
|  32|0x000000060f800000, 0x000000060fc00000, 0x000000060fc00000|100%| O|  |TAMS 0x000000060f800000, 0x000000060f800000| Untracked 
|  33|0x000000060fc00000, 0x0000000610000000, 0x0000000610000000|100%| O|  |TAMS 0x000000060fc00000, 0x000000060fc00000| Untracked 
|  34|0x0000000610000000, 0x0000000610000000, 0x0000000610400000|  0%| F|  |TAMS 0x0000000610000000, 0x0000000610000000| Untracked 
|  35|0x0000000610400000, 0x0000000610400000, 0x0000000610800000|  0%| F|  |TAMS 0x0000000610400000, 0x0000000610400000| Untracked 
|  36|0x0000000610800000, 0x0000000610800000, 0x0000000610c00000|  0%| F|  |TAMS 0x0000000610800000, 0x0000000610800000| Untracked 
|  37|0x0000000610c00000, 0x0000000610c00000, 0x0000000611000000|  0%| F|  |TAMS 0x0000000610c00000, 0x0000000610c00000| Untracked 
|  38|0x0000000611000000, 0x0000000611000000, 0x0000000611400000|  0%| F|  |TAMS 0x0000000611000000, 0x0000000611000000| Untracked 
|  39|0x0000000611400000, 0x0000000611400000, 0x0000000611800000|  0%| F|  |TAMS 0x0000000611400000, 0x0000000611400000| Untracked 
|  40|0x0000000611800000, 0x0000000611800000, 0x0000000611c00000|  0%| F|  |TAMS 0x0000000611800000, 0x0000000611800000| Untracked 
|  41|0x0000000611c00000, 0x0000000611c00000, 0x0000000612000000|  0%| F|  |TAMS 0x0000000611c00000, 0x0000000611c00000| Untracked 
|  42|0x0000000612000000, 0x0000000612000000, 0x0000000612400000|  0%| F|  |TAMS 0x0000000612000000, 0x0000000612000000| Untracked 
|  43|0x0000000612400000, 0x0000000612400000, 0x0000000612800000|  0%| F|  |TAMS 0x0000000612400000, 0x0000000612400000| Untracked 
|  44|0x0000000612800000, 0x0000000612800000, 0x0000000612c00000|  0%| F|  |TAMS 0x0000000612800000, 0x0000000612800000| Untracked 
|  45|0x0000000612c00000, 0x0000000612c00000, 0x0000000613000000|  0%| F|  |TAMS 0x0000000612c00000, 0x0000000612c00000| Untracked 
|  46|0x0000000613000000, 0x0000000613000000, 0x0000000613400000|  0%| F|  |TAMS 0x0000000613000000, 0x0000000613000000| Untracked 
|  47|0x0000000613400000, 0x0000000613400000, 0x0000000613800000|  0%| F|  |TAMS 0x0000000613400000, 0x0000000613400000| Untracked 
|  48|0x0000000613800000, 0x0000000613800000, 0x0000000613c00000|  0%| F|  |TAMS 0x0000000613800000, 0x0000000613800000| Untracked 
|  49|0x0000000613c00000, 0x0000000613c00000, 0x0000000614000000|  0%| F|  |TAMS 0x0000000613c00000, 0x0000000613c00000| Untracked 
|  50|0x0000000614000000, 0x0000000614000000, 0x0000000614400000|  0%| F|  |TAMS 0x0000000614000000, 0x0000000614000000| Untracked 
|  51|0x0000000614400000, 0x0000000614400000, 0x0000000614800000|  0%| F|  |TAMS 0x0000000614400000, 0x0000000614400000| Untracked 
|  52|0x0000000614800000, 0x0000000614800000, 0x0000000614c00000|  0%| F|  |TAMS 0x0000000614800000, 0x0000000614800000| Untracked 
|  53|0x0000000614c00000, 0x0000000614c00000, 0x0000000615000000|  0%| F|  |TAMS 0x0000000614c00000, 0x0000000614c00000| Untracked 
|  54|0x0000000615000000, 0x0000000615000000, 0x0000000615400000|  0%| F|  |TAMS 0x0000000615000000, 0x0000000615000000| Untracked 
|  55|0x0000000615400000, 0x0000000615400000, 0x0000000615800000|  0%| F|  |TAMS 0x0000000615400000, 0x0000000615400000| Untracked 
|  56|0x0000000615800000, 0x0000000615800000, 0x0000000615c00000|  0%| F|  |TAMS 0x0000000615800000, 0x0000000615800000| Untracked 
|  57|0x0000000615c00000, 0x0000000615c00000, 0x0000000616000000|  0%| F|  |TAMS 0x0000000615c00000, 0x0000000615c00000| Untracked 
|  58|0x0000000616000000, 0x0000000616000000, 0x0000000616400000|  0%| F|  |TAMS 0x0000000616000000, 0x0000000616000000| Untracked 
|  59|0x0000000616400000, 0x0000000616400000, 0x0000000616800000|  0%| F|  |TAMS 0x0000000616400000, 0x0000000616400000| Untracked 
|  60|0x0000000616800000, 0x0000000616800000, 0x0000000616c00000|  0%| F|  |TAMS 0x0000000616800000, 0x0000000616800000| Untracked 
|  61|0x0000000616c00000, 0x0000000616c00000, 0x0000000617000000|  0%| F|  |TAMS 0x0000000616c00000, 0x0000000616c00000| Untracked 
|  62|0x0000000617000000, 0x0000000617000000, 0x0000000617400000|  0%| F|  |TAMS 0x0000000617000000, 0x0000000617000000| Untracked 
|  63|0x0000000617400000, 0x0000000617400000, 0x0000000617800000|  0%| F|  |TAMS 0x0000000617400000, 0x0000000617400000| Untracked 
|  64|0x0000000617800000, 0x0000000617800000, 0x0000000617c00000|  0%| F|  |TAMS 0x0000000617800000, 0x0000000617800000| Untracked 
|  65|0x0000000617c00000, 0x0000000617c00000, 0x0000000618000000|  0%| F|  |TAMS 0x0000000617c00000, 0x0000000617c00000| Untracked 
|  66|0x0000000618000000, 0x0000000618000000, 0x0000000618400000|  0%| F|  |TAMS 0x0000000618000000, 0x0000000618000000| Untracked 
|  67|0x0000000618400000, 0x0000000618400000, 0x0000000618800000|  0%| F|  |TAMS 0x0000000618400000, 0x0000000618400000| Untracked 
|  68|0x0000000618800000, 0x0000000618800000, 0x0000000618c00000|  0%| F|  |TAMS 0x0000000618800000, 0x0000000618800000| Untracked 
|  69|0x0000000618c00000, 0x0000000618c00000, 0x0000000619000000|  0%| F|  |TAMS 0x0000000618c00000, 0x0000000618c00000| Untracked 
|  70|0x0000000619000000, 0x0000000619000000, 0x0000000619400000|  0%| F|  |TAMS 0x0000000619000000, 0x0000000619000000| Untracked 
|  71|0x0000000619400000, 0x0000000619400000, 0x0000000619800000|  0%| F|  |TAMS 0x0000000619400000, 0x0000000619400000| Untracked 
|  72|0x0000000619800000, 0x0000000619800000, 0x0000000619c00000|  0%| F|  |TAMS 0x0000000619800000, 0x0000000619800000| Untracked 
|  73|0x0000000619c00000, 0x0000000619c00000, 0x000000061a000000|  0%| F|  |TAMS 0x0000000619c00000, 0x0000000619c00000| Untracked 
|  74|0x000000061a000000, 0x000000061a000000, 0x000000061a400000|  0%| F|  |TAMS 0x000000061a000000, 0x000000061a000000| Untracked 
|  75|0x000000061a400000, 0x000000061a400000, 0x000000061a800000|  0%| F|  |TAMS 0x000000061a400000, 0x000000061a400000| Untracked 
|  76|0x000000061a800000, 0x000000061a800000, 0x000000061ac00000|  0%| F|  |TAMS 0x000000061a800000, 0x000000061a800000| Untracked 
|  77|0x000000061ac00000, 0x000000061ac00000, 0x000000061b000000|  0%| F|  |TAMS 0x000000061ac00000, 0x000000061ac00000| Untracked 
|  78|0x000000061b000000, 0x000000061b000000, 0x000000061b400000|  0%| F|  |TAMS 0x000000061b000000, 0x000000061b000000| Untracked 
|  79|0x000000061b400000, 0x000000061b400000, 0x000000061b800000|  0%| F|  |TAMS 0x000000061b400000, 0x000000061b400000| Untracked 
|  80|0x000000061b800000, 0x000000061b800000, 0x000000061bc00000|  0%| F|  |TAMS 0x000000061b800000, 0x000000061b800000| Untracked 
|  81|0x000000061bc00000, 0x000000061bc00000, 0x000000061c000000|  0%| F|  |TAMS 0x000000061bc00000, 0x000000061bc00000| Untracked 
|  82|0x000000061c000000, 0x000000061c000000, 0x000000061c400000|  0%| F|  |TAMS 0x000000061c000000, 0x000000061c000000| Untracked 
|  83|0x000000061c400000, 0x000000061c400000, 0x000000061c800000|  0%| F|  |TAMS 0x000000061c400000, 0x000000061c400000| Untracked 
|  84|0x000000061c800000, 0x000000061c800000, 0x000000061cc00000|  0%| F|  |TAMS 0x000000061c800000, 0x000000061c800000| Untracked 
|  85|0x000000061cc00000, 0x000000061cc00000, 0x000000061d000000|  0%| F|  |TAMS 0x000000061cc00000, 0x000000061cc00000| Untracked 
|  86|0x000000061d000000, 0x000000061d000000, 0x000000061d400000|  0%| F|  |TAMS 0x000000061d000000, 0x000000061d000000| Untracked 
|  87|0x000000061d400000, 0x000000061d400000, 0x000000061d800000|  0%| F|  |TAMS 0x000000061d400000, 0x000000061d400000| Untracked 
|  88|0x000000061d800000, 0x000000061d800000, 0x000000061dc00000|  0%| F|  |TAMS 0x000000061d800000, 0x000000061d800000| Untracked 
|  89|0x000000061dc00000, 0x000000061dc00000, 0x000000061e000000|  0%| F|  |TAMS 0x000000061dc00000, 0x000000061dc00000| Untracked 
|  90|0x000000061e000000, 0x000000061e000000, 0x000000061e400000|  0%| F|  |TAMS 0x000000061e000000, 0x000000061e000000| Untracked 
|  91|0x000000061e400000, 0x000000061e400000, 0x000000061e800000|  0%| F|  |TAMS 0x000000061e400000, 0x000000061e400000| Untracked 
|  92|0x000000061e800000, 0x000000061e800000, 0x000000061ec00000|  0%| F|  |TAMS 0x000000061e800000, 0x000000061e800000| Untracked 
|  93|0x000000061ec00000, 0x000000061ec00000, 0x000000061f000000|  0%| F|  |TAMS 0x000000061ec00000, 0x000000061ec00000| Untracked 
|  94|0x000000061f000000, 0x000000061f000000, 0x000000061f400000|  0%| F|  |TAMS 0x000000061f000000, 0x000000061f000000| Untracked 
|  95|0x000000061f400000, 0x000000061f400000, 0x000000061f800000|  0%| F|  |TAMS 0x000000061f400000, 0x000000061f400000| Untracked 
|  96|0x000000061f800000, 0x000000061f800000, 0x000000061fc00000|  0%| F|  |TAMS 0x000000061f800000, 0x000000061f800000| Untracked 
|  97|0x000000061fc00000, 0x000000061fc00000, 0x0000000620000000|  0%| F|  |TAMS 0x000000061fc00000, 0x000000061fc00000| Untracked 
|  98|0x0000000620000000, 0x0000000620000000, 0x0000000620400000|  0%| F|  |TAMS 0x0000000620000000, 0x0000000620000000| Untracked 
|  99|0x0000000620400000, 0x0000000620400000, 0x0000000620800000|  0%| F|  |TAMS 0x0000000620400000, 0x0000000620400000| Untracked 
| 100|0x0000000620800000, 0x0000000620800000, 0x0000000620c00000|  0%| F|  |TAMS 0x0000000620800000, 0x0000000620800000| Untracked 
| 101|0x0000000620c00000, 0x0000000620c00000, 0x0000000621000000|  0%| F|  |TAMS 0x0000000620c00000, 0x0000000620c00000| Untracked 
| 102|0x0000000621000000, 0x0000000621000000, 0x0000000621400000|  0%| F|  |TAMS 0x0000000621000000, 0x0000000621000000| Untracked 
| 103|0x0000000621400000, 0x0000000621400000, 0x0000000621800000|  0%| F|  |TAMS 0x0000000621400000, 0x0000000621400000| Untracked 
| 104|0x0000000621800000, 0x0000000621800000, 0x0000000621c00000|  0%| F|  |TAMS 0x0000000621800000, 0x0000000621800000| Untracked 
| 105|0x0000000621c00000, 0x0000000621c00000, 0x0000000622000000|  0%| F|  |TAMS 0x0000000621c00000, 0x0000000621c00000| Untracked 
| 106|0x0000000622000000, 0x0000000622197518, 0x0000000622400000| 39%| E|  |TAMS 0x0000000622000000, 0x0000000622000000| Complete 
| 107|0x0000000622400000, 0x00000006224c9540, 0x0000000622800000| 19%| S|CS|TAMS 0x0000000622400000, 0x0000000622400000| Complete 
| 108|0x0000000622800000, 0x0000000622c00000, 0x0000000622c00000|100%| E|CS|TAMS 0x0000000622800000, 0x0000000622800000| Complete 
| 109|0x0000000622c00000, 0x0000000623000000, 0x0000000623000000|100%| E|CS|TAMS 0x0000000622c00000, 0x0000000622c00000| Complete 
| 126|0x0000000627000000, 0x0000000627400000, 0x0000000627400000|100%| E|CS|TAMS 0x0000000627000000, 0x0000000627000000| Complete 
|2017|0x00000007ffc00000, 0x0000000800000000, 0x0000000800000000|100%| O|  |TAMS 0x0000000800000000, 0x00000007ffc00000| Untracked 

Card table byte_map: [0x000001f925a40000,0x000001f926a10000] _byte_map_base: 0x000001f922a04000

Marking Bits (Prev, Next): (CMBitMap*) 0x000001f90d792880, (CMBitMap*) 0x000001f90d7928c0
 Prev Bits: [0x000001f9279e0000, 0x000001f92f800000)
 Next Bits: [0x000001f92f800000, 0x000001f937620000)

Polling page: 0x000001f90b6b0000

Metaspace:

Usage:
  Non-class:     31.86 MB used.
      Class:      3.90 MB used.
       Both:     35.76 MB used.

Virtual space:
  Non-class space:       64.00 MB reserved,      32.19 MB ( 50%) committed,  1 nodes.
      Class space:        1.00 GB reserved,       4.19 MB ( <1%) committed,  1 nodes.
             Both:        1.06 GB reserved,      36.38 MB (  3%) committed. 

Chunk freelists:
   Non-Class:  15.39 MB
       Class:  11.90 MB
        Both:  27.28 MB

MaxMetaspaceSize: unlimited
CompressedClassSpaceSize: 1.00 GB
Initial GC threshold: 21.00 MB
Current GC threshold: 60.62 MB
CDS: on
MetaspaceReclaimPolicy: balanced
 - commit_granule_bytes: 65536.
 - commit_granule_words: 8192.
 - virtual_space_node_default_size: 8388608.
 - enlarge_chunks_in_place: 1.
 - new_chunks_are_fully_committed: 0.
 - uncommit_free_chunks: 1.
 - use_allocation_guard: 0.
 - handle_deallocations: 1.


Internal statistics:

num_allocs_failed_limit: 3.
num_arena_births: 320.
num_arena_deaths: 8.
num_vsnodes_births: 2.
num_vsnodes_deaths: 0.
num_space_committed: 602.
num_space_uncommitted: 20.
num_chunks_returned_to_freelist: 121.
num_chunks_taken_from_freelist: 1834.
num_chunk_merges: 25.
num_chunk_splits: 1216.
num_chunks_enlarged: 903.
num_inconsistent_stats: 0.

CodeHeap 'non-profiled nmethods': size=119168Kb used=7794Kb max_used=8247Kb free=111373Kb
 bounds [0x000001f91cb40000, 0x000001f91d350000, 0x000001f923fa0000]
CodeHeap 'profiled nmethods': size=119104Kb used=23319Kb max_used=24237Kb free=95784Kb
 bounds [0x000001f914fa0000, 0x000001f916770000, 0x000001f91c3f0000]
CodeHeap 'non-nmethods': size=7488Kb used=2367Kb max_used=3055Kb free=5120Kb
 bounds [0x000001f91c3f0000, 0x000001f91c710000, 0x000001f91cb40000]
 total_blobs=10380 nmethods=9826 adapters=463
 compilation: enabled
              stopped_count=0, restarted_count=0
 full_count=0

Compilation events (20 events):
Event: 8.879 Thread 0x000001f93aaaed40 12440       3       lombok.javac.handlers.HandleEqualsAndHashCode::createResultCalculation (67 bytes)
Event: 8.879 Thread 0x000001f93aaae770 12443       3       java.util.WeakHashMap::transfer (104 bytes)
Event: 8.879 Thread 0x000001f93aaaed40 nmethod 12440 0x000001f915db7490 code [0x000001f915db7740, 0x000001f915db8268]
Event: 8.880 Thread 0x000001f93aaae770 nmethod 12443 0x000001f91671c910 code [0x000001f91671cb20, 0x000001f91671d408]
Event: 8.887 Thread 0x000001f93aaad190 12444       3       lombok.javac.handlers.HandleGetter::copyType (23 bytes)
Event: 8.887 Thread 0x000001f93aaae770 12445       3       lombok.javac.handlers.HandleGetter::createSimpleGetterBody (16 bytes)
Event: 8.887 Thread 0x000001f93aaaed40 12447       3       lombok.javac.JavacNode::isFinal (86 bytes)
Event: 8.887 Thread 0x000001f937923c10 12446       3       lombok.javac.handlers.HandleGetter::findDelegatesAndRemoveFromField (153 bytes)
Event: 8.888 Thread 0x000001f93aaad190 nmethod 12444 0x000001f915772e90 code [0x000001f915773040, 0x000001f915773228]
Event: 8.888 Thread 0x000001f93aaad190 12448       3       lombok.javac.handlers.JavacHandlerUtil::copyJavadoc (8 bytes)
Event: 8.888 Thread 0x000001f93aaaed40 nmethod 12447 0x000001f91671bb10 code [0x000001f91671bd00, 0x000001f91671c608]
Event: 8.888 Thread 0x000001f93aaae770 nmethod 12445 0x000001f91500bb10 code [0x000001f91500bd00, 0x000001f91500c218]
Event: 8.888 Thread 0x000001f93aaaed40 12449       3       lombok.javac.handlers.JavacHandlerUtil$CopyJavadoc$2::apply (79 bytes)
Event: 8.888 Thread 0x000001f93aaae770 12450       3       lombok.javac.handlers.JavacHandlerUtil$CopyJavadoc$2$1::<init> (26 bytes)
Event: 8.888 Thread 0x000001f93aaad190 nmethod 12448 0x000001f916110990 code [0x000001f916110b20, 0x000001f916110c48]
Event: 8.888 Thread 0x000001f93aaae770 nmethod 12450 0x000001f915724d10 code [0x000001f915724ec0, 0x000001f915725158]
Event: 8.889 Thread 0x000001f93aaaed40 nmethod 12449 0x000001f91500a890 code [0x000001f91500ab00, 0x000001f91500b528]
Event: 8.889 Thread 0x000001f937923c10 nmethod 12446 0x000001f915d90590 code [0x000001f915d90920, 0x000001f915d92848]
Event: 8.889 Thread 0x000001f93ab199e0 nmethod 12261 0x000001f91cf6d090 code [0x000001f91cf6d280, 0x000001f91cf6ec90]
Event: 8.890 Thread 0x000001f93ab199e0 12345   !   4       lombok.javac.Javac::getEndPosition (45 bytes)

GC Heap History (20 events):
Event: 5.921 GC heap after
{Heap after GC invocations=14 (full 0):
 garbage-first heap   total 245760K, used 80321K [0x0000000607800000, 0x0000000800000000)
  region size 4096K, 1 young (4096K), 1 survivors (4096K)
 Metaspace       used 33616K, committed 33984K, reserved 1114112K
  class space    used 3773K, committed 3968K, reserved 1048576K
}
Event: 6.136 GC heap before
{Heap before GC invocations=14 (full 0):
 garbage-first heap   total 245760K, used 158145K [0x0000000607800000, 0x0000000800000000)
  region size 4096K, 20 young (81920K), 1 survivors (4096K)
 Metaspace       used 34022K, committed 34432K, reserved 1114112K
  class space    used 3791K, committed 3968K, reserved 1048576K
}
Event: 6.138 GC heap after
{Heap after GC invocations=15 (full 0):
 garbage-first heap   total 245760K, used 80031K [0x0000000607800000, 0x0000000800000000)
  region size 4096K, 1 young (4096K), 1 survivors (4096K)
 Metaspace       used 34022K, committed 34432K, reserved 1114112K
  class space    used 3791K, committed 3968K, reserved 1048576K
}
Event: 7.112 GC heap before
{Heap before GC invocations=15 (full 0):
 garbage-first heap   total 245760K, used 157855K [0x0000000607800000, 0x0000000800000000)
  region size 4096K, 21 young (86016K), 1 survivors (4096K)
 Metaspace       used 36456K, committed 36864K, reserved 1114112K
  class space    used 4025K, committed 4224K, reserved 1048576K
}
Event: 7.118 GC heap after
{Heap after GC invocations=16 (full 0):
 garbage-first heap   total 245760K, used 78899K [0x0000000607800000, 0x0000000800000000)
  region size 4096K, 2 young (8192K), 2 survivors (8192K)
 Metaspace       used 36456K, committed 36864K, reserved 1114112K
  class space    used 4025K, committed 4224K, reserved 1048576K
}
Event: 7.785 GC heap before
{Heap before GC invocations=16 (full 0):
 garbage-first heap   total 245760K, used 173107K [0x0000000607800000, 0x0000000800000000)
  region size 4096K, 24 young (98304K), 2 survivors (8192K)
 Metaspace       used 36662K, committed 37120K, reserved 1114112K
  class space    used 4029K, committed 4224K, reserved 1048576K
}
Event: 7.795 GC heap after
{Heap after GC invocations=17 (full 0):
 garbage-first heap   total 245760K, used 118546K [0x0000000607800000, 0x0000000800000000)
  region size 4096K, 3 young (12288K), 3 survivors (12288K)
 Metaspace       used 36662K, committed 37120K, reserved 1114112K
  class space    used 4029K, committed 4224K, reserved 1048576K
}
Event: 8.077 GC heap before
{Heap before GC invocations=17 (full 0):
 garbage-first heap   total 245760K, used 175890K [0x0000000607800000, 0x0000000800000000)
  region size 4096K, 17 young (69632K), 3 survivors (12288K)
 Metaspace       used 36721K, committed 37184K, reserved 1114112K
  class space    used 4029K, committed 4224K, reserved 1048576K
}
Event: 8.086 GC heap after
{Heap after GC invocations=18 (full 0):
 garbage-first heap   total 245760K, used 132687K [0x0000000607800000, 0x0000000800000000)
  region size 4096K, 3 young (12288K), 3 survivors (12288K)
 Metaspace       used 36721K, committed 37184K, reserved 1114112K
  class space    used 4029K, committed 4224K, reserved 1048576K
}
Event: 8.449 GC heap before
{Heap before GC invocations=18 (full 0):
 garbage-first heap   total 245760K, used 173647K [0x0000000607800000, 0x0000000800000000)
  region size 4096K, 14 young (57344K), 3 survivors (12288K)
 Metaspace       used 38138K, committed 38528K, reserved 1114112K
  class space    used 4190K, committed 4352K, reserved 1048576K
}
Event: 8.453 GC heap after
{Heap after GC invocations=19 (full 0):
 garbage-first heap   total 245760K, used 136848K [0x0000000607800000, 0x0000000800000000)
  region size 4096K, 1 young (4096K), 1 survivors (4096K)
 Metaspace       used 38138K, committed 38528K, reserved 1114112K
  class space    used 4190K, committed 4352K, reserved 1048576K
}
Event: 8.618 GC heap before
{Heap before GC invocations=20 (full 0):
 garbage-first heap   total 245760K, used 186000K [0x0000000607800000, 0x0000000800000000)
  region size 4096K, 13 young (53248K), 1 survivors (4096K)
 Metaspace       used 36266K, committed 37248K, reserved 1114112K
  class space    used 3971K, committed 4288K, reserved 1048576K
}
Event: 8.620 GC heap after
{Heap after GC invocations=21 (full 0):
 garbage-first heap   total 294912K, used 136296K [0x0000000607800000, 0x0000000800000000)
  region size 4096K, 1 young (4096K), 1 survivors (4096K)
 Metaspace       used 36266K, committed 37248K, reserved 1114112K
  class space    used 3971K, committed 4288K, reserved 1048576K
}
Event: 8.641 GC heap before
{Heap before GC invocations=21 (full 0):
 garbage-first heap   total 294912K, used 144488K [0x0000000607800000, 0x0000000800000000)
  region size 4096K, 3 young (12288K), 1 survivors (4096K)
 Metaspace       used 36322K, committed 37248K, reserved 1114112K
  class space    used 3982K, committed 4288K, reserved 1048576K
}
Event: 8.644 GC heap after
{Heap after GC invocations=22 (full 0):
 garbage-first heap   total 294912K, used 107638K [0x0000000607800000, 0x0000000800000000)
  region size 4096K, 1 young (4096K), 1 survivors (4096K)
 Metaspace       used 36322K, committed 37248K, reserved 1114112K
  class space    used 3982K, committed 4288K, reserved 1048576K
}
Event: 8.657 GC heap before
{Heap before GC invocations=22 (full 0):
 garbage-first heap   total 294912K, used 115830K [0x0000000607800000, 0x0000000800000000)
  region size 4096K, 3 young (12288K), 1 survivors (4096K)
 Metaspace       used 36329K, committed 37248K, reserved 1114112K
  class space    used 3983K, committed 4288K, reserved 1048576K
}
Event: 8.658 GC heap after
{Heap after GC invocations=23 (full 0):
 garbage-first heap   total 294912K, used 98473K [0x0000000607800000, 0x0000000800000000)
  region size 4096K, 1 young (4096K), 1 survivors (4096K)
 Metaspace       used 36329K, committed 37248K, reserved 1114112K
  class space    used 3983K, committed 4288K, reserved 1048576K
}
Event: 8.809 GC heap before
{Heap before GC invocations=23 (full 0):
 garbage-first heap   total 294912K, used 204969K [0x0000000607800000, 0x0000000800000000)
  region size 4096K, 27 young (110592K), 1 survivors (4096K)
 Metaspace       used 36537K, committed 37248K, reserved 1114112K
  class space    used 3996K, committed 4288K, reserved 1048576K
}
Event: 8.811 GC heap after
{Heap after GC invocations=24 (full 0):
 garbage-first heap   total 294912K, used 100196K [0x0000000607800000, 0x0000000800000000)
  region size 4096K, 1 young (4096K), 1 survivors (4096K)
 Metaspace       used 36537K, committed 37248K, reserved 1114112K
  class space    used 3996K, committed 4288K, reserved 1048576K
}
Event: 8.891 GC heap before
{Heap before GC invocations=24 (full 0):
 garbage-first heap   total 294912K, used 214884K [0x0000000607800000, 0x0000000800000000)
  region size 4096K, 29 young (118784K), 1 survivors (4096K)
 Metaspace       used 36614K, committed 37248K, reserved 1114112K
  class space    used 3996K, committed 4288K, reserved 1048576K
}

Deoptimization events (20 events):
Event: 8.635 Thread 0x000001f90d6e5310 DEOPT PACKING pc=0x000001f91cd9ce2c sp=0x0000004a390fc950
Event: 8.635 Thread 0x000001f90d6e5310 DEOPT UNPACKING pc=0x000001f91c4423a3 sp=0x0000004a390fc8c8 mode 2
Event: 8.636 Thread 0x000001f90d6e5310 Uncommon trap: trap_request=0xffffff45 fr.pc=0x000001f91ccc8aac relative=0x00000000000007ec
Event: 8.636 Thread 0x000001f90d6e5310 Uncommon trap: reason=unstable_if action=reinterpret pc=0x000001f91ccc8aac method=java.lang.AbstractStringBuilder.<init>(Ljava/lang/String;)V @ 40 c2
Event: 8.636 Thread 0x000001f90d6e5310 DEOPT PACKING pc=0x000001f91ccc8aac sp=0x0000004a390fc8e0
Event: 8.636 Thread 0x000001f90d6e5310 DEOPT UNPACKING pc=0x000001f91c4423a3 sp=0x0000004a390fc8c0 mode 2
Event: 8.697 Thread 0x000001f90d6e5310 Uncommon trap: trap_request=0xffffff45 fr.pc=0x000001f91d08d4fc relative=0x00000000000056fc
Event: 8.697 Thread 0x000001f90d6e5310 Uncommon trap: reason=unstable_if action=reinterpret pc=0x000001f91d08d4fc method=lombok.javac.JavacAST.buildStatementOrExpression(Lcom/sun/tools/javac/tree/JCTree;)Llombok/javac/JavacNode; @ 19 c2
Event: 8.697 Thread 0x000001f90d6e5310 DEOPT PACKING pc=0x000001f91d08d4fc sp=0x0000004a390fc550
Event: 8.697 Thread 0x000001f90d6e5310 DEOPT UNPACKING pc=0x000001f91c4423a3 sp=0x0000004a390fc3c0 mode 2
Event: 8.720 Thread 0x000001f90d6e5310 DEOPT PACKING pc=0x000001f916714d7d sp=0x0000004a390fc6e0
Event: 8.720 Thread 0x000001f90d6e5310 DEOPT UNPACKING pc=0x000001f91c442b43 sp=0x0000004a390fbbf0 mode 0
Event: 8.755 Thread 0x000001f90d6e5310 Uncommon trap: trap_request=0xffffff45 fr.pc=0x000001f91d28b498 relative=0x0000000000006478
Event: 8.755 Thread 0x000001f90d6e5310 Uncommon trap: reason=unstable_if action=reinterpret pc=0x000001f91d28b498 method=lombok.javac.JavacAST.buildStatementOrExpression(Lcom/sun/tools/javac/tree/JCTree;)Llombok/javac/JavacNode; @ 79 c2
Event: 8.755 Thread 0x000001f90d6e5310 DEOPT PACKING pc=0x000001f91d28b498 sp=0x0000004a390fc7c0
Event: 8.755 Thread 0x000001f90d6e5310 DEOPT UNPACKING pc=0x000001f91c4423a3 sp=0x0000004a390fc830 mode 2
Event: 8.791 Thread 0x000001f90d6e5310 Uncommon trap: trap_request=0xffffff45 fr.pc=0x000001f91d09b1d8 relative=0x0000000000005698
Event: 8.791 Thread 0x000001f90d6e5310 Uncommon trap: reason=unstable_if action=reinterpret pc=0x000001f91d09b1d8 method=lombok.javac.JavacAST.buildTree(Lcom/sun/tools/javac/tree/JCTree;Llombok/core/AST$Kind;)Llombok/javac/JavacNode; @ 8 c2
Event: 8.791 Thread 0x000001f90d6e5310 DEOPT PACKING pc=0x000001f91d09b1d8 sp=0x0000004a390fcad0
Event: 8.792 Thread 0x000001f90d6e5310 DEOPT UNPACKING pc=0x000001f91c4423a3 sp=0x0000004a390fcb58 mode 2

Classes unloaded (20 events):
Event: 8.466 Thread 0x000001f9378edf40 Unloading class 0x000001f93c39af50 'org/springframework/boot/configurationprocessor/JavaBeanPropertyDescriptor'
Event: 8.466 Thread 0x000001f9378edf40 Unloading class 0x000001f93c39ace0 'org/springframework/boot/configurationprocessor/PropertyDescriptor'
Event: 8.466 Thread 0x000001f9378edf40 Unloading class 0x000001f93c39aac0 'org/springframework/boot/configurationprocessor/PropertyDescriptorResolver'
Event: 8.466 Thread 0x000001f9378edf40 Unloading class 0x000001f93c39a880 'org/springframework/boot/configurationprocessor/metadata/ItemMetadata$ItemType'
Event: 8.466 Thread 0x000001f9378edf40 Unloading class 0x000001f93c39a660 'org/springframework/boot/configurationprocessor/metadata/ItemMetadata'
Event: 8.466 Thread 0x000001f9378edf40 Unloading class 0x000001f93c39a430 'org/springframework/boot/configurationprocessor/MetadataGenerationEnvironment$$Lambda$419+0x000001f93c39a430'
Event: 8.466 Thread 0x000001f9378edf40 Unloading class 0x000001f93c39a218 'org/springframework/boot/configurationprocessor/fieldvalues/javac/Trees'
Event: 8.466 Thread 0x000001f9378edf40 Unloading class 0x000001f93c39a000 'org/springframework/boot/configurationprocessor/fieldvalues/javac/ReflectionWrapper'
Event: 8.466 Thread 0x000001f9378edf40 Unloading class 0x000001f93c395c08 'org/springframework/boot/configurationprocessor/fieldvalues/javac/TreeVisitor'
Event: 8.466 Thread 0x000001f9378edf40 Unloading class 0x000001f93c3959e0 'org/springframework/boot/configurationprocessor/fieldvalues/javac/JavaCompilerFieldValuesParser'
Event: 8.466 Thread 0x000001f9378edf40 Unloading class 0x000001f93c3957e8 'org/springframework/boot/configurationprocessor/fieldvalues/FieldValuesParser'
Event: 8.466 Thread 0x000001f9378edf40 Unloading class 0x000001f93c395540 'org/springframework/boot/configurationprocessor/MetadataGenerationEnvironment'
Event: 8.466 Thread 0x000001f9378edf40 Unloading class 0x000001f93c395320 'org/springframework/boot/configurationprocessor/TypeUtils$$Lambda$418+0x000001f93c395320'
Event: 8.466 Thread 0x000001f9378edf40 Unloading class 0x000001f93c395000 'org/springframework/boot/configurationprocessor/TypeUtils$TypeExtractor'
Event: 8.466 Thread 0x000001f9378edf40 Unloading class 0x000001f93c394480 'org/springframework/boot/configurationprocessor/TypeUtils$$Lambda$417+0x000001f93c394480'
Event: 8.466 Thread 0x000001f9378edf40 Unloading class 0x000001f93c394228 'org/springframework/boot/configurationprocessor/TypeUtils'
Event: 8.466 Thread 0x000001f9378edf40 Unloading class 0x000001f93c394000 'org/springframework/boot/configurationprocessor/MetadataCollector'
Event: 8.466 Thread 0x000001f9378edf40 Unloading class 0x000001f93c370528 'org/springframework/boot/configurationprocessor/MetadataStore'
Event: 8.466 Thread 0x000001f9378edf40 Unloading class 0x000001f93c3702c8 'org/springframework/boot/configurationprocessor/metadata/InvalidConfigurationMetadataException'
Event: 8.466 Thread 0x000001f9378edf40 Unloading class 0x000001f93c370000 'org/springframework/boot/configurationprocessor/ConfigurationMetadataAnnotationProcessor'

Classes redefined (0 events):
No events

Internal exceptions (20 events):
Event: 8.131 Thread 0x000001f90d6e5310 Exception <a 'sun/nio/fs/WindowsException'{0x0000000615456338}> (0x0000000615456338) 
thrown [s\open\src\hotspot\share\prims\jni.cpp, line 516]
Event: 8.132 Thread 0x000001f90d6e5310 Exception <a 'sun/nio/fs/WindowsException'{0x0000000615478db0}> (0x0000000615478db0) 
thrown [s\open\src\hotspot\share\prims\jni.cpp, line 516]
Event: 8.132 Thread 0x000001f90d6e5310 Exception <a 'sun/nio/fs/WindowsException'{0x0000000615478f50}> (0x0000000615478f50) 
thrown [s\open\src\hotspot\share\prims\jni.cpp, line 516]
Event: 8.132 Thread 0x000001f90d6e5310 Exception <a 'sun/nio/fs/WindowsException'{0x0000000615486ea8}> (0x0000000615486ea8) 
thrown [s\open\src\hotspot\share\prims\jni.cpp, line 516]
Event: 8.132 Thread 0x000001f90d6e5310 Exception <a 'sun/nio/fs/WindowsException'{0x0000000615487000}> (0x0000000615487000) 
thrown [s\open\src\hotspot\share\prims\jni.cpp, line 516]
Event: 8.132 Thread 0x000001f90d6e5310 Exception <a 'sun/nio/fs/WindowsException'{0x00000006154b20c8}> (0x00000006154b20c8) 
thrown [s\open\src\hotspot\share\prims\jni.cpp, line 516]
Event: 8.132 Thread 0x000001f90d6e5310 Exception <a 'sun/nio/fs/WindowsException'{0x00000006154b2268}> (0x00000006154b2268) 
thrown [s\open\src\hotspot\share\prims\jni.cpp, line 516]
Event: 8.132 Thread 0x000001f90d6e5310 Exception <a 'sun/nio/fs/WindowsException'{0x00000006154b36d0}> (0x00000006154b36d0) 
thrown [s\open\src\hotspot\share\prims\jni.cpp, line 516]
Event: 8.132 Thread 0x000001f90d6e5310 Exception <a 'sun/nio/fs/WindowsException'{0x00000006154b38b8}> (0x00000006154b38b8) 
thrown [s\open\src\hotspot\share\prims\jni.cpp, line 516]
Event: 8.133 Thread 0x000001f90d6e5310 Exception <a 'sun/nio/fs/WindowsException'{0x00000006154c82f0}> (0x00000006154c82f0) 
thrown [s\open\src\hotspot\share\prims\jni.cpp, line 516]
Event: 8.133 Thread 0x000001f90d6e5310 Exception <a 'sun/nio/fs/WindowsException'{0x00000006154c84b8}> (0x00000006154c84b8) 
thrown [s\open\src\hotspot\share\prims\jni.cpp, line 516]
Event: 8.133 Thread 0x000001f90d6e5310 Exception <a 'sun/nio/fs/WindowsException'{0x00000006154ca698}> (0x00000006154ca698) 
thrown [s\open\src\hotspot\share\prims\jni.cpp, line 516]
Event: 8.133 Thread 0x000001f90d6e5310 Exception <a 'sun/nio/fs/WindowsException'{0x00000006154ca818}> (0x00000006154ca818) 
thrown [s\open\src\hotspot\share\prims\jni.cpp, line 516]
Event: 8.133 Thread 0x000001f90d6e5310 Exception <a 'sun/nio/fs/WindowsException'{0x00000006154cd7a0}> (0x00000006154cd7a0) 
thrown [s\open\src\hotspot\share\prims\jni.cpp, line 516]
Event: 8.133 Thread 0x000001f90d6e5310 Exception <a 'sun/nio/fs/WindowsException'{0x00000006154cd958}> (0x00000006154cd958) 
thrown [s\open\src\hotspot\share\prims\jni.cpp, line 516]
Event: 8.133 Thread 0x000001f90d6e5310 Exception <a 'sun/nio/fs/WindowsException'{0x00000006154cedf8}> (0x00000006154cedf8) 
thrown [s\open\src\hotspot\share\prims\jni.cpp, line 516]
Event: 8.133 Thread 0x000001f90d6e5310 Exception <a 'sun/nio/fs/WindowsException'{0x00000006154ceff8}> (0x00000006154ceff8) 
thrown [s\open\src\hotspot\share\prims\jni.cpp, line 516]
Event: 8.146 Thread 0x000001f90d6e5310 Exception <a 'sun/nio/fs/WindowsException'{0x00000006150dfcf8}> (0x00000006150dfcf8) 
thrown [s\open\src\hotspot\share\prims\jni.cpp, line 516]
Event: 8.146 Thread 0x000001f90d6e5310 Exception <a 'sun/nio/fs/WindowsException'{0x00000006150e03f0}> (0x00000006150e03f0) 
thrown [s\open\src\hotspot\share\prims\jni.cpp, line 516]
Event: 8.610 Thread 0x000001f90d6e5310 Implicit null exception at 0x000001f91cd7d5cf to 0x000001f91cd7d71c

VM Operations (20 events):
Event: 8.321 Executing VM operation: HandshakeAllThreads done
Event: 8.449 Executing VM operation: G1CollectForAllocation
Event: 8.454 Executing VM operation: G1CollectForAllocation done
Event: 8.465 Executing VM operation: G1Concurrent
Event: 8.474 Executing VM operation: G1Concurrent done
Event: 8.474 Executing VM operation: HandshakeAllThreads
Event: 8.475 Executing VM operation: HandshakeAllThreads done
Event: 8.481 Executing VM operation: G1Concurrent
Event: 8.481 Executing VM operation: G1Concurrent done
Event: 8.502 Executing VM operation: HandshakeAllThreads
Event: 8.502 Executing VM operation: HandshakeAllThreads done
Event: 8.618 Executing VM operation: G1CollectForAllocation
Event: 8.620 Executing VM operation: G1CollectForAllocation done
Event: 8.641 Executing VM operation: G1CollectForAllocation
Event: 8.644 Executing VM operation: G1CollectForAllocation done
Event: 8.657 Executing VM operation: G1CollectForAllocation
Event: 8.658 Executing VM operation: G1CollectForAllocation done
Event: 8.802 Executing VM operation: G1CollectForAllocation
Event: 8.811 Executing VM operation: G1CollectForAllocation done
Event: 8.891 Executing VM operation: G1CollectForAllocation

Events (20 events):
Event: 8.519 Thread 0x000001f93792d940 flushing nmethod 0x000001f9162bc710
Event: 8.519 Thread 0x000001f93792d940 flushing nmethod 0x000001f9162c2c10
Event: 8.520 Thread 0x000001f93792d940 flushing nmethod 0x000001f91632e410
Event: 8.520 Thread 0x000001f93792d940 flushing nmethod 0x000001f916343e90
Event: 8.520 Thread 0x000001f93792d940 flushing nmethod 0x000001f916372e90
Event: 8.520 Thread 0x000001f93792d940 flushing nmethod 0x000001f9163c4c10
Event: 8.520 Thread 0x000001f93792d940 flushing nmethod 0x000001f9163c5110
Event: 8.521 Thread 0x000001f93792d940 flushing nmethod 0x000001f9163c7610
Event: 8.521 Thread 0x000001f93792d940 flushing nmethod 0x000001f9163e8390
Event: 8.522 Thread 0x000001f93792d940 flushing nmethod 0x000001f91659d990
Event: 8.522 Thread 0x000001f93792d940 flushing nmethod 0x000001f9165d1190
Event: 8.522 Thread 0x000001f93792d940 flushing nmethod 0x000001f9165d1790
Event: 8.523 Thread 0x000001f93792d940 flushing nmethod 0x000001f9165e7110
Event: 8.523 Thread 0x000001f93792d940 flushing nmethod 0x000001f916641e90
Event: 8.523 Thread 0x000001f93792d940 flushing nmethod 0x000001f916694890
Event: 8.523 Thread 0x000001f93792d940 flushing nmethod 0x000001f9166e3610
Event: 8.523 Thread 0x000001f93792d940 flushing nmethod 0x000001f916719a90
Event: 8.523 Thread 0x000001f93792d940 flushing nmethod 0x000001f91671bb10
Event: 8.523 Thread 0x000001f93792d940 flushing nmethod 0x000001f91671e190
Event: 8.523 Thread 0x000001f93792d940 flushing nmethod 0x000001f91674e010


Dynamic libraries:
0x00007ff74d000000 - 0x00007ff74d010000 	D:\app\jdk17\bin\java.exe
0x00007fff1a240000 - 0x00007fff1a4a9000 	C:\WINDOWS\SYSTEM32\ntdll.dll
0x00007fff191c0000 - 0x00007fff19289000 	C:\WINDOWS\System32\KERNEL32.DLL
0x00007fff17460000 - 0x00007fff17853000 	C:\WINDOWS\System32\KERNELBASE.dll
0x00007fff17890000 - 0x00007fff179db000 	C:\WINDOWS\System32\ucrtbase.dll
0x00007fff109d0000 - 0x00007fff109e9000 	D:\app\jdk17\bin\jli.dll
0x00007fff03cb0000 - 0x00007fff03ccb000 	D:\app\jdk17\bin\VCRUNTIME140.dll
0x00007fff18e10000 - 0x00007fff18ec4000 	C:\WINDOWS\System32\ADVAPI32.dll
0x00007fff19290000 - 0x00007fff19339000 	C:\WINDOWS\System32\msvcrt.dll
0x00007fff1a090000 - 0x00007fff1a136000 	C:\WINDOWS\System32\sechost.dll
0x00007fff18cf0000 - 0x00007fff18e08000 	C:\WINDOWS\System32\RPCRT4.dll
0x00007fff19d90000 - 0x00007fff19f54000 	C:\WINDOWS\System32\USER32.dll
0x00007fff17860000 - 0x00007fff17887000 	C:\WINDOWS\System32\win32u.dll
0x00007fff1a060000 - 0x00007fff1a08b000 	C:\WINDOWS\System32\GDI32.dll
0x00007ffefabb0000 - 0x00007ffefae43000 	C:\WINDOWS\WinSxS\amd64_microsoft.windows.common-controls_6595b64144ccf1df_6.0.26100.5074_none_3e0d6f78e32fd63f\COMCTL32.dll
0x00007fff17e40000 - 0x00007fff17f6d000 	C:\WINDOWS\System32\gdi32full.dll
0x00007fff179e0000 - 0x00007fff17a83000 	C:\WINDOWS\System32\msvcp_win.dll
0x00007ffefa8d0000 - 0x00007ffefa8db000 	C:\WINDOWS\SYSTEM32\VERSION.dll
0x00007fff190a0000 - 0x00007fff190cf000 	C:\WINDOWS\System32\IMM32.DLL
0x00007fff13370000 - 0x00007fff1337c000 	D:\app\jdk17\bin\vcruntime140_1.dll
0x00007ffef9590000 - 0x00007ffef961e000 	D:\app\jdk17\bin\msvcp140.dll
0x00007ffe9cbf0000 - 0x00007ffe9d7d0000 	D:\app\jdk17\bin\server\jvm.dll
0x00007fff184a0000 - 0x00007fff184a8000 	C:\WINDOWS\System32\PSAPI.DLL
0x00007ffef1980000 - 0x00007ffef198a000 	C:\WINDOWS\SYSTEM32\WSOCK32.dll
0x00007fff19d10000 - 0x00007fff19d84000 	C:\WINDOWS\System32\WS2_32.dll
0x00007fff0c200000 - 0x00007fff0c235000 	C:\WINDOWS\SYSTEM32\WINMM.dll
0x00007fff161b0000 - 0x00007fff161cb000 	C:\WINDOWS\SYSTEM32\kernel.appcore.dll
0x00007fff10970000 - 0x00007fff1097a000 	D:\app\jdk17\bin\jimage.dll
0x00007fff14860000 - 0x00007fff14aa2000 	C:\WINDOWS\SYSTEM32\DBGHELP.DLL
0x00007fff18010000 - 0x00007fff1838b000 	C:\WINDOWS\System32\combase.dll
0x00007fff190e0000 - 0x00007fff191b7000 	C:\WINDOWS\System32\OLEAUT32.dll
0x00007ffef9bc0000 - 0x00007ffef9bfd000 	C:\WINDOWS\SYSTEM32\dbgcore.DLL
0x00007fff17f70000 - 0x00007fff18009000 	C:\WINDOWS\System32\bcryptPrimitives.dll
0x00007fff0f780000 - 0x00007fff0f78e000 	D:\app\jdk17\bin\instrument.dll
0x00007ffeff100000 - 0x00007ffeff125000 	D:\app\jdk17\bin\java.dll
0x00007ffed43f0000 - 0x00007ffed44c7000 	D:\app\jdk17\bin\jsvml.dll
0x00007fff19440000 - 0x00007fff19b8d000 	C:\WINDOWS\System32\SHELL32.dll
0x00007fff17cd0000 - 0x00007fff17e3c000 	C:\WINDOWS\System32\wintypes.dll
0x00007fff15030000 - 0x00007fff15889000 	C:\WINDOWS\SYSTEM32\windows.storage.dll
0x00007fff183a0000 - 0x00007fff18490000 	C:\WINDOWS\System32\SHCORE.dll
0x00007fff184b0000 - 0x00007fff18512000 	C:\WINDOWS\System32\shlwapi.dll
0x00007fff172f0000 - 0x00007fff17319000 	C:\WINDOWS\SYSTEM32\profapi.dll
0x00007fff01f10000 - 0x00007fff01f28000 	D:\app\jdk17\bin\zip.dll
0x00007fff022f0000 - 0x00007fff02309000 	D:\app\jdk17\bin\net.dll
0x00007fff0dd40000 - 0x00007fff0de5f000 	C:\WINDOWS\SYSTEM32\WINHTTP.dll
0x00007fff16730000 - 0x00007fff1679b000 	C:\WINDOWS\system32\mswsock.dll
0x00007fff022a0000 - 0x00007fff022b6000 	D:\app\jdk17\bin\nio.dll
0x00007ffee6930000 - 0x00007ffee6954000 	C:\Users\90828\AppData\Local\Temp\jansi-2.4.2-ee0f7d6c685bc275-jansi.dll
0x00007fff02330000 - 0x00007fff02340000 	D:\app\jdk17\bin\verify.dll

dbghelp: loaded successfully - version: 4.0.5 - missing functions: none
symbol engine: initialized successfully - sym options: 0x614 - pdb path: .;D:\app\jdk17\bin;C:\WINDOWS\SYSTEM32;C:\WINDOWS\WinSxS\amd64_microsoft.windows.common-controls_6595b64144ccf1df_6.0.26100.5074_none_3e0d6f78e32fd63f;D:\app\jdk17\bin\server;C:\Users\90828\AppData\Local\Temp

VM Arguments:
jvm_args: -Dmaven.multiModuleProjectDirectory=D:\Cloud-API-Demo-Serve -Djansi.passthrough=true -Dmaven.home=D:/app/apache-maven-3.9.10 -Dclassworlds.conf=D:\app\apache-maven-3.9.10\bin\m2.conf -Dmaven.ext.class.path=C:\Program Files\JetBrains\IntelliJ IDEA 2025.1.2\plugins\maven\lib\maven-event-listener.jar -javaagent:C:\Program Files\JetBrains\IntelliJ IDEA 2025.1.2\lib\idea_rt.jar=49672 -Dfile.encoding=UTF-8 
java_command: org.codehaus.classworlds.Launcher -Didea.version=2025.1.2 -s D:\app\apache-maven-3.9.10\conf\settings.xml -Dmaven.repo.local=D:\app\apache-maven-3.9.10\repository package
java_class_path (initial): D:\app\apache-maven-3.9.10\boot\plexus-classworlds-2.9.0.jar;D:\app\apache-maven-3.9.10\boot\plexus-classworlds.license
Launcher Type: SUN_STANDARD

[Global flags]
     intx CICompilerCount                          = 12                                        {product} {ergonomic}
     uint ConcGCThreads                            = 4                                         {product} {ergonomic}
     uint G1ConcRefinementThreads                  = 15                                        {product} {ergonomic}
   size_t G1HeapRegionSize                         = 4194304                                   {product} {ergonomic}
    uintx GCDrainStackTargetSize                   = 64                                        {product} {ergonomic}
   size_t InitialHeapSize                          = 532676608                                 {product} {ergonomic}
   size_t MarkStackSize                            = 4194304                                   {product} {ergonomic}
   size_t MaxHeapSize                              = 8464105472                                {product} {ergonomic}
   size_t MaxNewSize                               = 5075107840                                {product} {ergonomic}
   size_t MinHeapDeltaBytes                        = 4194304                                   {product} {ergonomic}
   size_t MinHeapSize                              = 8388608                                   {product} {ergonomic}
    uintx NonNMethodCodeHeapSize                   = 7602480                                {pd product} {ergonomic}
    uintx NonProfiledCodeHeapSize                  = 122027880                              {pd product} {ergonomic}
    uintx ProfiledCodeHeapSize                     = 122027880                              {pd product} {ergonomic}
    uintx ReservedCodeCacheSize                    = 251658240                              {pd product} {ergonomic}
     bool SegmentedCodeCache                       = true                                      {product} {ergonomic}
   size_t SoftMaxHeapSize                          = 8464105472                             {manageable} {ergonomic}
     bool UseCompressedClassPointers               = true                           {product lp64_product} {ergonomic}
     bool UseCompressedOops                        = true                           {product lp64_product} {ergonomic}
     bool UseG1GC                                  = true                                      {product} {ergonomic}
     bool UseLargePagesIndividualAllocation        = false                                  {pd product} {ergonomic}

Logging:
Log output configuration:
 #0: stdout all=warning uptime,level,tags
 #1: stderr all=off uptime,level,tags

Environment Variables:
JAVA_HOME=D:\app\jdk8
PATH=D:\app\nmap;D:\app\vmware 17 pro\bin\;C:\Program Files\Common Files\Oracle\Java\javapath;C:\WINDOWS\system32;C:\WINDOWS;C:\WINDOWS\System32\Wbem;C:\WINDOWS\System32\WindowsPowerShell\v1.0\;C:\WINDOWS\System32\OpenSSH\;D:\app\jdk8\bin;D:\app\jdk8\jre\bin;D:\app\Git\cmd;D:\app\apache-maven-3.9.10\bin;C:\Program Files\TortoiseSVN\bin;D:\app\nodejs\;D:\app\nodejs;D:\app\mysql\bin;C:\Users\90828\AppData\Local\Microsoft\WindowsApps;C:\Users\90828\AppData\Roaming\npm;D:\app\Microsoft VS Code\bin;D:\app\nmap
USERNAME=90828
OS=Windows_NT
PROCESSOR_IDENTIFIER=Intel64 Family 6 Model 186 Stepping 2, GenuineIntel



---------------  S Y S T E M  ---------------

OS:
 Windows 11 , 64 bit Build 26100 (10.0.26100.5074)
OS uptime: 18 days 20:29 hours

CPU: total 20 (initial active 20) (10 cores per cpu, 2 threads per core) family 6 model 186 stepping 2 microcode 0x4121, cx8, cmov, fxsr, ht, mmx, 3dnowpref, sse, sse2, sse3, ssse3, sse4.1, sse4.2, popcnt, lzcnt, tsc, tscinvbit, avx, avx2, aes, erms, clmul, bmi1, bmi2, adx, sha, fma, vzeroupper, clflush, clflushopt, clwb

Memory: 4k page, system-wide physical 32285M (6560M free)
TotalPageFile size 57885M (AvailPageFile size 7M)
current process WorkingSet (physical memory assigned to process): 582M, peak: 582M
current process commit charge ("private bytes"): 789M, peak: 789M

vm_info: Java HotSpot(TM) 64-Bit Server VM (17.0.12+8-LTS-286) for windows-amd64 JRE (17.0.12+8-LTS-286), built on Jun  5 2024 06:46:59 by "mach5one" with MS VC++ 17.6 (VS2022)

END.
